-------------------------------------------------------------------------------
Test set: Generic Application Testing
-------------------------------------------------------------------------------
Tests run: 4, Failures: 0, Errors: 1, Skipped: 0, Time elapsed: 177.923 s <<< FAILURE! - in Generic Application Testing
Generic Application Testing.Execute various test scenarios #2  Time elapsed: 72.332 s  <<< ERROR!
org.awaitility.core.ConditionTimeoutException: Condition steps.GenericSteps$$Lambda/0x0000023a5834c400 was not fulfilled within 30 seconds.
Caused by: java.util.concurrent.TimeoutException

