<?xml version="1.0" encoding="UTF-8"?>
<testsuite xmlns:xsi="http://www.w3.org/2001/XMLSchema-instance" xsi:noNamespaceSchemaLocation="https://maven.apache.org/surefire/maven-surefire-plugin/xsd/surefire-test-report-3.0.xsd" version="3.0" name="Generic Application Testing" time="72.917" tests="1" errors="1" skipped="0" failures="0">
  <properties>
[...]
</properties>
  <testcase name="Execute various test scenarios" classname="Generic Application Testing" time="72.917">
    <error message="Failed step &apos;Action &apos;navigate&apos; on page &apos;N/A&apos; with value &apos;N/A&apos;, target page &apos;login&apos;&apos; timed out after 30 seconds" type="java.lang.RuntimeException"><![CDATA[java.lang.RuntimeException: Failed step 'Action 'navigate' on page 'N/A' with value 'N/A', target page 'login'' timed out after 30 seconds
Caused by: org.awaitility.core.ConditionTimeoutException: Condition steps.GenericSteps$$Lambda/0x0000021ac734dd80 was not fulfilled within 30 seconds.
Caused by: java.util.concurrent.TimeoutException
]]></error>
    <system-out><![CDATA[
Scenario Outline: Execute various test scenarios                    # src/test/resources/features/GenericTests.feature:10
00:56:28.376 [pool-2-thread-1] INFO  steps.GenericSteps - Starting setup for scenario: Execute various test scenarios
00:56:28.385 [pool-2-thread-1] DEBUG i.g.bonigarcia.wdm.WebDriverManager - Using WebDriverManager 5.8.0
00:56:28.569 [pool-2-thread-1] DEBUG i.g.b.wdm.cache.ResolutionCache - Resolution chrome=134 in cache (valid until 01:16:05 18/03/2025 EET)
00:56:28.570 [pool-2-thread-1] DEBUG i.g.b.wdm.cache.ResolutionCache - Resolution chrome134=134.0.6998.88 in cache (valid until 19:12:41 18/03/2025 EET)
00:56:28.571 [pool-2-thread-1] INFO  i.g.bonigarcia.wdm.WebDriverManager - Using chromedriver 134.0.6998.88 (resolved driver for Chrome 134)
00:56:28.608 [pool-2-thread-1] DEBUG i.g.bonigarcia.wdm.WebDriverManager - Driver chromedriver 134.0.6998.88 found in cache
00:56:28.608 [pool-2-thread-1] INFO  i.g.bonigarcia.wdm.WebDriverManager - Exporting webdriver.chrome.driver as C:\Users\someo\.cache\selenium\chromedriver\win64\134.0.6998.88\chromedriver.exe
00:56:28.626 [pool-2-thread-1] DEBUG steps.GenericSteps - Chrome arguments: --headless,--disable-gpu
00:56:28.628 [pool-2-thread-1] DEBUG steps.GenericSteps - Initializing ChromeDriver with options: {args=[--headless, --disable-gpu], extensions=[]}
00:56:29.929 [pool-2-thread-1] DEBUG steps.GenericSteps - ChromeDriver initialized successfully
00:56:29.929 [pool-2-thread-1] DEBUG steps.GenericSteps - Kafka enabled: false
00:56:29.929 [pool-2-thread-1] INFO  steps.GenericSteps - Kafka is disabled; skipping Kafka initialization
00:56:29.977 [pool-2-thread-1] INFO  steps.GenericSteps - Setup completed for scenario: Execute various test scenarios
00:56:29.980 [pool-2-thread-1] INFO  steps.GenericSteps - Navigating to page: login at URL: http://localhost:3000/login, expecting path: /login
00:56:29.981 [pool-2-thread-1] INFO  steps.GenericSteps - Attempting step: Navigate to page 'login' at URL: http://localhost:3000/login
00:56:34.992 [awaitility-thread] DEBUG steps.GenericSteps - Loading URL: http://localhost:3000/login
00:56:36.035 [awaitility-thread] DEBUG steps.GenericSteps - Current URL: http://localhost:3000/login, expecting path: /login
00:56:36.162 [awaitility-thread] DEBUG steps.GenericSteps - Found 1 elements for locator By.id: navToCart on page login
00:56:36.283 [awaitility-thread] DEBUG steps.GenericSteps - Found 1 elements for locator By.id: password on page login
00:56:36.404 [awaitility-thread] DEBUG steps.GenericSteps - Found 1 elements for locator By.id: loginButton on page login
00:56:36.525 [awaitility-thread] DEBUG steps.GenericSteps - Found 1 elements for locator By.id: errorMessage on page login
00:56:36.649 [awaitility-thread] DEBUG steps.GenericSteps - Found 1 elements for locator By.id: username on page login
00:56:36.654 [awaitility-thread] DEBUG steps.GenericSteps - Step succeeded: Navigate to page 'login' at URL: http://localhost:3000/login
  Given user is on the "login" page                                 # steps.GenericSteps.userIsOnPage(java.lang.String)
00:56:36.656 [pool-2-thread-1] INFO  steps.GenericSteps - Starting test execution: login_multi_users
00:56:36.662 [pool-2-thread-1] INFO  steps.GenericSteps - Executing test login_multi_users with data: {password=Pass123, username=user1@example.com}
00:56:36.662 [pool-2-thread-1] DEBUG steps.GenericSteps - Processing action index 0: {index=0, action=navigate, targetPage=login}
00:56:36.663 [pool-2-thread-1] INFO  steps.GenericSteps - Attempting step: Action 'navigate' on page 'N/A' with value 'N/A', target page 'login'
00:56:41.673 [awaitility-thread] DEBUG steps.GenericSteps - Executing action: {index=0, action=navigate, targetPage=login}
00:56:41.673 [awaitility-thread] DEBUG steps.GenericSteps - Navigating to target page 'login'
00:56:41.891 [awaitility-thread] DEBUG steps.GenericSteps - Found 1 elements for locator By.id: navToCart on page login
00:56:42.011 [awaitility-thread] DEBUG steps.GenericSteps - Found 1 elements for locator By.id: password on page login
00:56:42.135 [awaitility-thread] DEBUG steps.GenericSteps - Found 1 elements for locator By.id: loginButton on page login
00:56:42.245 [awaitility-thread] DEBUG steps.GenericSteps - Found 1 elements for locator By.id: errorMessage on page login
00:56:42.369 [awaitility-thread] DEBUG steps.GenericSteps - Found 1 elements for locator By.id: username on page login
00:56:42.374 [awaitility-thread] DEBUG steps.GenericSteps - Step succeeded: Action 'navigate' on page 'N/A' with value 'N/A', target page 'login'
00:56:42.374 [pool-2-thread-1] DEBUG steps.GenericSteps - Processing action index 1: {index=1, action=enter, page=login, value=${data.username}, element=username}
00:56:42.374 [pool-2-thread-1] INFO  steps.GenericSteps - Attempting step: Action 'enter' on page 'login', element 'username' with value 'user1@example.com'
00:56:47.376 [awaitility-thread] DEBUG steps.GenericSteps - Executing action: {index=1, action=enter, page=login, value=${data.username}, element=username}
00:56:47.489 [awaitility-thread] DEBUG steps.GenericSteps - Found 1 elements for locator By.id: navToCart on page login
00:56:47.597 [awaitility-thread] DEBUG steps.GenericSteps - Found 1 elements for locator By.id: password on page login
00:56:47.719 [awaitility-thread] DEBUG steps.GenericSteps - Found 1 elements for locator By.id: loginButton on page login
00:56:47.829 [awaitility-thread] DEBUG steps.GenericSteps - Found 1 elements for locator By.id: errorMessage on page login
00:56:47.938 [awaitility-thread] DEBUG steps.GenericSteps - Found 1 elements for locator By.id: username on page login
00:56:47.942 [awaitility-thread] DEBUG steps.GenericSteps - Attempting to enter value 'user1@example.com' into element 'username'
00:56:48.109 [awaitility-thread] DEBUG steps.GenericSteps - Current value in element 'username': 'user1@example.com'
00:56:48.110 [awaitility-thread] DEBUG steps.GenericSteps - Step succeeded: Action 'enter' on page 'login', element 'username' with value 'user1@example.com'
00:56:48.110 [pool-2-thread-1] DEBUG steps.GenericSteps - Processing action index 2: {index=2, action=enter, page=login, value=${data.password}, element=password}
00:56:48.110 [pool-2-thread-1] INFO  steps.GenericSteps - Attempting step: Action 'enter' on page 'login', element 'password' with value 'Pass123'
00:56:53.120 [awaitility-thread] DEBUG steps.GenericSteps - Executing action: {index=2, action=enter, page=login, value=${data.password}, element=password}
00:56:53.233 [awaitility-thread] DEBUG steps.GenericSteps - Found 1 elements for locator By.id: navToCart on page login
00:56:53.355 [awaitility-thread] DEBUG steps.GenericSteps - Found 1 elements for locator By.id: password on page login
00:56:53.477 [awaitility-thread] DEBUG steps.GenericSteps - Found 1 elements for locator By.id: loginButton on page login
00:56:53.586 [awaitility-thread] DEBUG steps.GenericSteps - Found 1 elements for locator By.id: errorMessage on page login
00:56:53.709 [awaitility-thread] DEBUG steps.GenericSteps - Found 1 elements for locator By.id: username on page login
00:56:53.713 [awaitility-thread] DEBUG steps.GenericSteps - Attempting to enter value 'Pass123' into element 'password'
00:56:53.863 [awaitility-thread] DEBUG steps.GenericSteps - Current value in element 'password': 'Pass123'
00:56:53.863 [awaitility-thread] DEBUG steps.GenericSteps - Step succeeded: Action 'enter' on page 'login', element 'password' with value 'Pass123'
00:56:53.863 [pool-2-thread-1] DEBUG steps.GenericSteps - Processing action index 3: {index=3, action=click, page=login, element=loginButton}
00:56:53.863 [pool-2-thread-1] INFO  steps.GenericSteps - Attempting step: Action 'click' on page 'login', element 'loginButton' with value 'N/A'
00:56:58.865 [awaitility-thread] DEBUG steps.GenericSteps - Executing action: {index=3, action=click, page=login, element=loginButton}
00:56:58.979 [awaitility-thread] DEBUG steps.GenericSteps - Found 1 elements for locator By.id: navToCart on page login
00:56:59.100 [awaitility-thread] DEBUG steps.GenericSteps - Found 1 elements for locator By.id: password on page login
00:56:59.220 [awaitility-thread] DEBUG steps.GenericSteps - Found 1 elements for locator By.id: loginButton on page login
00:56:59.330 [awaitility-thread] DEBUG steps.GenericSteps - Found 1 elements for locator By.id: errorMessage on page login
00:56:59.440 [awaitility-thread] DEBUG steps.GenericSteps - Found 1 elements for locator By.id: username on page login
00:56:59.443 [awaitility-thread] DEBUG steps.GenericSteps - Attempting to click element 'loginButton'
00:56:59.475 [awaitility-thread] DEBUG steps.GenericSteps - Step succeeded: Action 'click' on page 'login', element 'loginButton' with value 'N/A'
00:56:59.476 [pool-2-thread-1] DEBUG steps.GenericSteps - Processing action index 4: {index=4, action=navigate, targetPage=cart}
00:56:59.476 [pool-2-thread-1] INFO  steps.GenericSteps - Attempting step: Action 'navigate' on page 'N/A' with value 'N/A', target page 'cart'
00:57:04.487 [awaitility-thread] DEBUG steps.GenericSteps - Executing action: {index=4, action=navigate, targetPage=cart}
00:57:04.487 [awaitility-thread] DEBUG steps.GenericSteps - Navigating to target page 'cart'
00:57:04.714 [awaitility-thread] DEBUG steps.GenericSteps - Found 1 elements for locator By.id: navToCheckout on page cart
00:57:04.841 [awaitility-thread] DEBUG steps.GenericSteps - Found 1 elements for locator By.id: addToCart on page cart
00:57:04.968 [awaitility-thread] DEBUG steps.GenericSteps - Found 1 elements for locator By.id: cartCount on page cart
00:57:04.974 [awaitility-thread] DEBUG steps.GenericSteps - Step succeeded: Action 'navigate' on page 'N/A' with value 'N/A', target page 'cart'
00:57:04.974 [pool-2-thread-1] INFO  steps.GenericSteps - Executing test login_multi_users with data: {password=Pass456, username=user2@example.com}
00:57:04.974 [pool-2-thread-1] DEBUG steps.GenericSteps - Processing action index 0: {index=0, action=navigate, targetPage=login}
00:57:04.974 [pool-2-thread-1] INFO  steps.GenericSteps - Attempting step: Action 'navigate' on page 'N/A' with value 'N/A', target page 'login'
00:57:09.980 [awaitility-thread] DEBUG steps.GenericSteps - Executing action: {index=0, action=navigate, targetPage=login}
00:57:09.980 [awaitility-thread] DEBUG steps.GenericSteps - Navigating to target page 'login'
  When user executes test "login_multi_users"                       # steps.GenericSteps.userExecutesTest(java.lang.String)
      java.lang.RuntimeException: Failed step 'Action 'navigate' on page 'N/A' with value 'N/A', target page 'login'' timed out after 30 seconds
	at steps.GenericSteps.executeWithRetry(GenericSteps.java:681)
	at steps.GenericSteps.executeActions(GenericSteps.java:238)
	at steps.GenericSteps.userExecutesTest(GenericSteps.java:216)
	at ✽.user executes test "login_multi_users"(file:///C:/Development/Sources/selenium-cucumber-test/src/test/resources/features/GenericTests.feature:5)
Caused by: org.awaitility.core.ConditionTimeoutException: Condition steps.GenericSteps$$Lambda/0x0000021ac734dd80 was not fulfilled within 30 seconds.
	at org.awaitility.core.ConditionAwaiter.await(ConditionAwaiter.java:167)
	at org.awaitility.core.CallableCondition.await(CallableCondition.java:78)
	at org.awaitility.core.CallableCondition.await(CallableCondition.java:26)
	at org.awaitility.core.ConditionFactory.until(ConditionFactory.java:985)
	at org.awaitility.core.ConditionFactory.until(ConditionFactory.java:954)
	at steps.GenericSteps.executeWithRetry(GenericSteps.java:659)
	at steps.GenericSteps.executeActions(GenericSteps.java:238)
	at steps.GenericSteps.userExecutesTest(GenericSteps.java:216)
	at java.base/jdk.internal.reflect.DirectMethodHandleAccessor.invoke(DirectMethodHandleAccessor.java:103)
	at java.base/java.lang.reflect.Method.invoke(Method.java:580)
	at io.cucumber.java.Invoker.doInvoke(Invoker.java:66)
	at io.cucumber.java.Invoker.invoke(Invoker.java:24)
	at io.cucumber.java.AbstractGlueDefinition.invokeMethod(AbstractGlueDefinition.java:47)
	at io.cucumber.java.JavaStepDefinition.execute(JavaStepDefinition.java:29)
	at io.cucumber.core.runner.CoreStepDefinition.execute(CoreStepDefinition.java:66)
	at io.cucumber.core.runner.PickleStepDefinitionMatch.runStep(PickleStepDefinitionMatch.java:63)
	at io.cucumber.core.runner.ExecutionMode$1.execute(ExecutionMode.java:10)
	at io.cucumber.core.runner.TestStep.executeStep(TestStep.java:84)
	at io.cucumber.core.runner.TestStep.run(TestStep.java:56)
	at io.cucumber.core.runner.PickleStepTestStep.run(PickleStepTestStep.java:51)
	at io.cucumber.core.runner.TestCase.run(TestCase.java:84)
	at io.cucumber.core.runner.Runner.runPickle(Runner.java:75)
	at io.cucumber.junit.PickleRunners$NoStepDescriptions.lambda$run$0(PickleRunners.java:151)
	at io.cucumber.core.runtime.CucumberExecutionContext.lambda$runTestCase$5(CucumberExecutionContext.java:137)
	at io.cucumber.core.runtime.RethrowingThrowableCollector.executeAndThrow(RethrowingThrowableCollector.java:23)
	at io.cucumber.core.runtime.CucumberExecutionContext.runTestCase(CucumberExecutionContext.java:137)
	at io.cucumber.junit.PickleRunners$NoStepDescriptions.run(PickleRunners.java:148)
	at io.cucumber.junit.FeatureRunner.runChild(FeatureRunner.java:144)
	at io.cucumber.junit.FeatureRunner.runChild(FeatureRunner.java:28)
	at org.junit.runners.ParentRunner$4.run(ParentRunner.java:331)
	at org.junit.runners.ParentRunner$1.schedule(ParentRunner.java:79)
	at org.junit.runners.ParentRunner.runChildren(ParentRunner.java:329)
	at org.junit.runners.ParentRunner.access$100(ParentRunner.java:66)
	at org.junit.runners.ParentRunner$2.evaluate(ParentRunner.java:293)
	at org.junit.runners.ParentRunner$3.evaluate(ParentRunner.java:306)
	at org.junit.runners.ParentRunner.run(ParentRunner.java:413)
	at io.cucumber.junit.FeatureRunner.run(FeatureRunner.java:137)
	at io.cucumber.junit.Cucumber.runChild(Cucumber.java:196)
	at io.cucumber.junit.Cucumber.runChild(Cucumber.java:89)
	at org.junit.runners.ParentRunner$4.run(ParentRunner.java:331)
	at org.apache.maven.surefire.junitcore.pc.Scheduler$1.run(Scheduler.java:405)
	at java.base/java.util.concurrent.Executors$RunnableAdapter.call(Executors.java:572)
	at java.base/java.util.concurrent.FutureTask.run(FutureTask.java:317)
	at java.base/java.util.concurrent.ThreadPoolExecutor.runWorker(ThreadPoolExecutor.java:1144)
	at java.base/java.util.concurrent.ThreadPoolExecutor$Worker.run(ThreadPoolExecutor.java:642)
	at java.base/java.lang.Thread.run(Thread.java:1583)
Caused by: java.util.concurrent.TimeoutException
	at java.base/java.util.concurrent.FutureTask.get(FutureTask.java:204)
	at org.awaitility.core.Uninterruptibles.getUninterruptibly(Uninterruptibles.java:101)
	at org.awaitility.core.Uninterruptibles.getUninterruptibly(Uninterruptibles.java:81)
	at org.awaitility.core.ConditionAwaiter.await(ConditionAwaiter.java:103)
	... 45 more

  Then results match expected outcomes for test "login_multi_users" # steps.GenericSteps.resultsMatchExpected(java.lang.String)
00:57:41.003 [pool-2-thread-1] INFO  steps.GenericSteps - Tearing down scenario: Execute various test scenarios

    Embedding failure-screenshot [image/png 23381 bytes]

00:57:41.124 [pool-2-thread-1] ERROR steps.GenericSteps - Scenario failed, screenshot attached
00:57:41.230 [awaitility-thread] WARN  steps.GenericSteps - Retry attempt failed for step 'Action 'navigate' on page 'N/A' with value 'N/A', target page 'login''
java.lang.IllegalStateException: Driver is null during navigation check
	at steps.GenericSteps.lambda$executeActions$5(GenericSteps.java:318)
	at org.awaitility.core.CallableCondition$ConditionEvaluationWrapper.eval(CallableCondition.java:99)
	at org.awaitility.core.ConditionAwaiter$ConditionPoller.call(ConditionAwaiter.java:248)
	at org.awaitility.core.ConditionAwaiter$ConditionPoller.call(ConditionAwaiter.java:235)
	at java.base/java.util.concurrent.FutureTask.run(FutureTask.java:317)
	at java.base/java.util.concurrent.ThreadPoolExecutor.runWorker(ThreadPoolExecutor.java:1144)
	at java.base/java.util.concurrent.ThreadPoolExecutor$Worker.run(ThreadPoolExecutor.java:642)
	at java.base/java.lang.Thread.run(Thread.java:1583)
00:57:41.230 [awaitility-thread] ERROR steps.GenericSteps - Step 'Action 'navigate' on page 'N/A' with value 'N/A', target page 'login'' timed out after 30 seconds
]]></system-out>
    <system-err><![CDATA[Mar 18, 2025 12:56:29 AM org.openqa.selenium.devtools.CdpVersionFinder findNearestMatch
WARNING: Unable to find CDP implementation matching 134
Mar 18, 2025 12:56:29 AM org.openqa.selenium.chromium.ChromiumDriver lambda$new$5
WARNING: Unable to find version of CDP to use for 134.0.6998.89. You may need to include a dependency on a specific version of the CDP using something similar to `org.seleniumhq.selenium:selenium-devtools-v86:4.18.1` where the version ("v86") matches the version of the chromium-based browser you're using and the version number of the artifact is the same as Selenium's.
]]></system-err>
  </testcase>
</testsuite>