<?xml version="1.0" encoding="UTF-8"?>
<testsuite xmlns:xsi="http://www.w3.org/2001/XMLSchema-instance" xsi:noNamespaceSchemaLocation="https://maven.apache.org/surefire/maven-surefire-plugin/xsd/surefire-test-report-3.0.xsd" version="3.0" name="Generic Application Testing" time="177.798" tests="4" errors="1" skipped="0" failures="0">
  <properties>
[...]
</properties>
  <testcase name="Execute various test scenarios #1" classname="Generic Application Testing" time="52.111">
    <system-out><![CDATA[
Scenario Outline: Execute various test scenarios               # src/test/resources/features/GenericTests.feature:10
00:25:22.922 [pool-2-thread-1] INFO  steps.GenericSteps - Starting setup for scenario: Execute various test scenarios
00:25:22.930 [pool-2-thread-1] DEBUG i.g.bonigarcia.wdm.WebDriverManager - Using WebDriverManager 5.8.0
00:25:23.108 [pool-2-thread-1] DEBUG i.g.b.wdm.cache.ResolutionCache - Resolution chrome=134 in cache (valid until 01:16:05 18/03/2025 EET)
00:25:23.108 [pool-2-thread-1] DEBUG i.g.b.wdm.cache.ResolutionCache - Resolution chrome134=134.0.6998.88 in cache (valid until 19:12:41 18/03/2025 EET)
00:25:23.110 [pool-2-thread-1] INFO  i.g.bonigarcia.wdm.WebDriverManager - Using chromedriver 134.0.6998.88 (resolved driver for Chrome 134)
00:25:23.144 [pool-2-thread-1] DEBUG i.g.bonigarcia.wdm.WebDriverManager - Driver chromedriver 134.0.6998.88 found in cache
00:25:23.144 [pool-2-thread-1] INFO  i.g.bonigarcia.wdm.WebDriverManager - Exporting webdriver.chrome.driver as C:\Users\someo\.cache\selenium\chromedriver\win64\134.0.6998.88\chromedriver.exe
00:25:23.169 [pool-2-thread-1] DEBUG steps.GenericSteps - Chrome arguments: --headless,--disable-gpu
00:25:23.169 [pool-2-thread-1] DEBUG steps.GenericSteps - Initializing ChromeDriver
00:25:24.435 [pool-2-thread-1] DEBUG steps.GenericSteps - Kafka enabled: false
00:25:24.435 [pool-2-thread-1] INFO  steps.GenericSteps - Kafka is disabled; skipping Kafka initialization
00:25:24.482 [pool-2-thread-1] INFO  steps.GenericSteps - Setup completed for scenario: Execute various test scenarios
00:25:24.484 [pool-2-thread-1] INFO  steps.GenericSteps - Navigating to page: login at URL: http://localhost:3000/login, expecting path: /login
00:25:24.484 [pool-2-thread-1] INFO  steps.GenericSteps - Attempting step: Navigate to page 'login' at URL: http://localhost:3000/login
00:25:29.505 [awaitility-thread] DEBUG steps.GenericSteps - Loading URL: http://localhost:3000/login
00:25:30.543 [awaitility-thread] DEBUG steps.GenericSteps - Current URL: http://localhost:3000/login, expecting path: /login
00:25:30.671 [awaitility-thread] DEBUG steps.GenericSteps - Found 1 elements for locator By.id: navToCart on page login
00:25:30.791 [awaitility-thread] DEBUG steps.GenericSteps - Found 1 elements for locator By.id: password on page login
00:25:30.916 [awaitility-thread] DEBUG steps.GenericSteps - Found 1 elements for locator By.id: loginButton on page login
00:25:31.037 [awaitility-thread] DEBUG steps.GenericSteps - Found 1 elements for locator By.id: errorMessage on page login
00:25:31.163 [awaitility-thread] DEBUG steps.GenericSteps - Found 1 elements for locator By.id: username on page login
00:25:31.169 [awaitility-thread] DEBUG steps.GenericSteps - Step succeeded: Navigate to page 'login' at URL: http://localhost:3000/login
  Given user is on the "login" page                            # steps.GenericSteps.userIsOnPage(java.lang.String)
00:25:31.170 [pool-2-thread-1] INFO  steps.GenericSteps - Starting test execution: user_journey
00:25:31.171 [pool-2-thread-1] DEBUG steps.GenericSteps - No test data found, executing actions directly
00:25:31.171 [pool-2-thread-1] DEBUG steps.GenericSteps - Processing action index 0: {index=0, action=enter, page=login, value=testuser@example.com, element=username}
00:25:31.172 [pool-2-thread-1] INFO  steps.GenericSteps - Attempting step: Action 'enter' on page 'login', element 'username' with value 'testuser@example.com'
00:25:36.178 [awaitility-thread] DEBUG steps.GenericSteps - Executing action: {index=0, action=enter, page=login, value=testuser@example.com, element=username}
00:25:36.294 [awaitility-thread] DEBUG steps.GenericSteps - Found 1 elements for locator By.id: navToCart on page login
00:25:36.418 [awaitility-thread] DEBUG steps.GenericSteps - Found 1 elements for locator By.id: password on page login
00:25:36.541 [awaitility-thread] DEBUG steps.GenericSteps - Found 1 elements for locator By.id: loginButton on page login
00:25:36.664 [awaitility-thread] DEBUG steps.GenericSteps - Found 1 elements for locator By.id: errorMessage on page login
00:25:36.784 [awaitility-thread] DEBUG steps.GenericSteps - Found 1 elements for locator By.id: username on page login
00:25:36.789 [awaitility-thread] DEBUG steps.GenericSteps - Attempting to enter value 'testuser@example.com' into element 'username'
00:25:36.967 [awaitility-thread] DEBUG steps.GenericSteps - Current value in element 'username': 'testuser@example.com'
00:25:36.968 [awaitility-thread] DEBUG steps.GenericSteps - Step succeeded: Action 'enter' on page 'login', element 'username' with value 'testuser@example.com'
00:25:36.968 [pool-2-thread-1] DEBUG steps.GenericSteps - Processing action index 1: {index=1, action=enter, page=login, value=Password123, element=password}
00:25:36.968 [pool-2-thread-1] INFO  steps.GenericSteps - Attempting step: Action 'enter' on page 'login', element 'password' with value 'Password123'
00:25:41.983 [awaitility-thread] DEBUG steps.GenericSteps - Executing action: {index=1, action=enter, page=login, value=Password123, element=password}
00:25:42.096 [awaitility-thread] DEBUG steps.GenericSteps - Found 1 elements for locator By.id: navToCart on page login
00:25:42.221 [awaitility-thread] DEBUG steps.GenericSteps - Found 1 elements for locator By.id: password on page login
00:25:42.341 [awaitility-thread] DEBUG steps.GenericSteps - Found 1 elements for locator By.id: loginButton on page login
00:25:42.450 [awaitility-thread] DEBUG steps.GenericSteps - Found 1 elements for locator By.id: errorMessage on page login
00:25:42.574 [awaitility-thread] DEBUG steps.GenericSteps - Found 1 elements for locator By.id: username on page login
00:25:42.578 [awaitility-thread] DEBUG steps.GenericSteps - Attempting to enter value 'Password123' into element 'password'
00:25:42.732 [awaitility-thread] DEBUG steps.GenericSteps - Current value in element 'password': 'Password123'
00:25:42.732 [awaitility-thread] DEBUG steps.GenericSteps - Step succeeded: Action 'enter' on page 'login', element 'password' with value 'Password123'
00:25:42.732 [pool-2-thread-1] DEBUG steps.GenericSteps - Processing action index 2: {index=2, action=click, page=login, element=loginButton}
00:25:42.732 [pool-2-thread-1] INFO  steps.GenericSteps - Attempting step: Action 'click' on page 'login', element 'loginButton' with value 'N/A'
00:25:47.742 [awaitility-thread] DEBUG steps.GenericSteps - Executing action: {index=2, action=click, page=login, element=loginButton}
00:25:47.856 [awaitility-thread] DEBUG steps.GenericSteps - Found 1 elements for locator By.id: navToCart on page login
00:25:47.979 [awaitility-thread] DEBUG steps.GenericSteps - Found 1 elements for locator By.id: password on page login
00:25:48.104 [awaitility-thread] DEBUG steps.GenericSteps - Found 1 elements for locator By.id: loginButton on page login
00:25:48.227 [awaitility-thread] DEBUG steps.GenericSteps - Found 1 elements for locator By.id: errorMessage on page login
00:25:48.348 [awaitility-thread] DEBUG steps.GenericSteps - Found 1 elements for locator By.id: username on page login
00:25:48.354 [awaitility-thread] DEBUG steps.GenericSteps - Attempting to click element 'loginButton'
00:25:48.405 [awaitility-thread] DEBUG steps.GenericSteps - Step succeeded: Action 'click' on page 'login', element 'loginButton' with value 'N/A'
00:25:48.405 [pool-2-thread-1] DEBUG steps.GenericSteps - Processing action index 3: {index=3, action=navigate, wait.visible.element=cartCount, targetPage=cart}
00:25:48.405 [pool-2-thread-1] INFO  steps.GenericSteps - Attempting step: Action 'navigate' on page 'N/A' with value 'N/A', target page 'cart'
00:25:53.419 [awaitility-thread] DEBUG steps.GenericSteps - Executing action: {index=3, action=navigate, wait.visible.element=cartCount, targetPage=cart}
00:25:53.419 [awaitility-thread] DEBUG steps.GenericSteps - Navigating to target page 'cart'
00:25:53.642 [awaitility-thread] DEBUG steps.GenericSteps - Found 1 elements for locator By.id: navToCheckout on page cart
00:25:53.767 [awaitility-thread] DEBUG steps.GenericSteps - Found 1 elements for locator By.id: addToCart on page cart
00:25:53.894 [awaitility-thread] DEBUG steps.GenericSteps - Found 1 elements for locator By.id: cartCount on page cart
00:25:53.899 [awaitility-thread] DEBUG steps.GenericSteps - Step succeeded: Action 'navigate' on page 'N/A' with value 'N/A', target page 'cart'
00:25:53.900 [pool-2-thread-1] DEBUG steps.GenericSteps - Processing action index 4: {wait.custom.script=document.getElementById('cartCount').innerText != '0', index=4, action=click, page=cart, element=addToCart}
00:25:53.900 [pool-2-thread-1] INFO  steps.GenericSteps - Attempting step: Action 'click' on page 'cart', element 'addToCart' with value 'N/A'
00:25:58.905 [awaitility-thread] DEBUG steps.GenericSteps - Executing action: {wait.custom.script=document.getElementById('cartCount').innerText != '0', index=4, action=click, page=cart, element=addToCart}
00:25:59.022 [awaitility-thread] DEBUG steps.GenericSteps - Found 1 elements for locator By.id: navToCheckout on page cart
00:25:59.131 [awaitility-thread] DEBUG steps.GenericSteps - Found 1 elements for locator By.id: addToCart on page cart
00:25:59.254 [awaitility-thread] DEBUG steps.GenericSteps - Found 1 elements for locator By.id: cartCount on page cart
00:25:59.257 [awaitility-thread] DEBUG steps.GenericSteps - Attempting to click element 'addToCart'
00:25:59.296 [awaitility-thread] DEBUG steps.GenericSteps - Step succeeded: Action 'click' on page 'cart', element 'addToCart' with value 'N/A'
00:25:59.297 [pool-2-thread-1] DEBUG steps.GenericSteps - Processing action index 5: {index=5, action=saveState, page=cart, stateKey=cartSession}
00:25:59.297 [pool-2-thread-1] INFO  steps.GenericSteps - Attempting step: Action 'saveState' on page 'cart' with value 'N/A'
00:26:04.304 [awaitility-thread] DEBUG steps.GenericSteps - Executing action: {index=5, action=saveState, page=cart, stateKey=cartSession}
00:26:04.309 [awaitility-thread] DEBUG steps.GenericSteps - Saved state: cartSession
00:26:04.309 [awaitility-thread] DEBUG steps.GenericSteps - Step succeeded: Action 'saveState' on page 'cart' with value 'N/A'
00:26:04.309 [pool-2-thread-1] DEBUG steps.GenericSteps - Processing action index 6: {index=6, action=navigate, page=cart, targetPage=checkout, element=navToCheckout}
00:26:04.309 [pool-2-thread-1] INFO  steps.GenericSteps - Attempting step: Action 'navigate' on page 'cart', element 'navToCheckout' with value 'N/A', target page 'checkout'
00:26:09.321 [awaitility-thread] DEBUG steps.GenericSteps - Executing action: {index=6, action=navigate, page=cart, targetPage=checkout, element=navToCheckout}
00:26:09.436 [awaitility-thread] DEBUG steps.GenericSteps - Found 1 elements for locator By.id: navToCheckout on page cart
00:26:09.559 [awaitility-thread] DEBUG steps.GenericSteps - Found 1 elements for locator By.id: addToCart on page cart
00:26:09.670 [awaitility-thread] DEBUG steps.GenericSteps - Found 1 elements for locator By.id: cartCount on page cart
00:26:09.673 [awaitility-thread] DEBUG steps.GenericSteps - Navigating to target page 'checkout'
00:26:09.834 [awaitility-thread] DEBUG steps.GenericSteps - Step succeeded: Action 'navigate' on page 'cart', element 'navToCheckout' with value 'N/A', target page 'checkout'
  When user executes test "user_journey"                       # steps.GenericSteps.userExecutesTest(java.lang.String)
00:26:09.836 [pool-2-thread-1] INFO  steps.GenericSteps - Attempting step: Assertion 'url' on page 'checkout' with expected value '/checkout' and condition 'contains'
00:26:14.847 [awaitility-thread] DEBUG steps.GenericSteps - Verifying assertion: {index=0, condition=contains, page=checkout, type=url, value=/checkout}
00:26:14.853 [awaitility-thread] DEBUG steps.GenericSteps - Step succeeded: Assertion 'url' on page 'checkout' with expected value '/checkout' and condition 'contains'
  Then results match expected outcomes for test "user_journey" # steps.GenericSteps.resultsMatchExpected(java.lang.String)
00:26:14.854 [pool-2-thread-1] INFO  steps.GenericSteps - Tearing down scenario: Execute various test scenarios
]]></system-out>
    <system-err><![CDATA[Mar 18, 2025 12:25:24 AM org.openqa.selenium.devtools.CdpVersionFinder findNearestMatch
WARNING: Unable to find CDP implementation matching 134
Mar 18, 2025 12:25:24 AM org.openqa.selenium.chromium.ChromiumDriver lambda$new$5
WARNING: Unable to find version of CDP to use for 134.0.6998.89. You may need to include a dependency on a specific version of the CDP using something similar to `org.seleniumhq.selenium:selenium-devtools-v86:4.18.1` where the version ("v86") matches the version of the chromium-based browser you're using and the version number of the artifact is the same as Selenium's.
]]></system-err>
  </testcase>
  <testcase name="Execute various test scenarios #2" classname="Generic Application Testing" time="72.339">
    <error message="Condition steps.GenericSteps$$Lambda/0x000001246a34d4d8 was not fulfilled within 30 seconds." type="org.awaitility.core.ConditionTimeoutException"><![CDATA[org.awaitility.core.ConditionTimeoutException: Condition steps.GenericSteps$$Lambda/0x000001246a34d4d8 was not fulfilled within 30 seconds.
Caused by: java.util.concurrent.TimeoutException
]]></error>
    <system-out><![CDATA[
Scenario Outline: Execute various test scenarios                    # src/test/resources/features/GenericTests.feature:11
00:26:14.945 [pool-2-thread-1] INFO  steps.GenericSteps - Starting setup for scenario: Execute various test scenarios
00:26:14.946 [pool-2-thread-1] DEBUG i.g.bonigarcia.wdm.WebDriverManager - Using WebDriverManager 5.8.0
00:26:14.951 [pool-2-thread-1] DEBUG i.g.b.wdm.cache.ResolutionCache - Resolution chrome=134 in cache (valid until 01:16:05 18/03/2025 EET)
00:26:14.951 [pool-2-thread-1] DEBUG i.g.b.wdm.cache.ResolutionCache - Resolution chrome134=134.0.6998.88 in cache (valid until 19:12:41 18/03/2025 EET)
00:26:14.951 [pool-2-thread-1] INFO  i.g.bonigarcia.wdm.WebDriverManager - Using chromedriver 134.0.6998.88 (resolved driver for Chrome 134)
00:26:14.954 [pool-2-thread-1] DEBUG i.g.bonigarcia.wdm.WebDriverManager - Driver chromedriver 134.0.6998.88 found in cache
00:26:14.954 [pool-2-thread-1] INFO  i.g.bonigarcia.wdm.WebDriverManager - Exporting webdriver.chrome.driver as C:\Users\someo\.cache\selenium\chromedriver\win64\134.0.6998.88\chromedriver.exe
00:26:14.954 [pool-2-thread-1] DEBUG steps.GenericSteps - Chrome arguments: --headless,--disable-gpu
00:26:14.954 [pool-2-thread-1] DEBUG steps.GenericSteps - Initializing ChromeDriver
00:26:15.972 [pool-2-thread-1] DEBUG steps.GenericSteps - Kafka enabled: false
00:26:15.972 [pool-2-thread-1] INFO  steps.GenericSteps - Kafka is disabled; skipping Kafka initialization
00:26:15.973 [pool-2-thread-1] INFO  steps.GenericSteps - Setup completed for scenario: Execute various test scenarios
00:26:15.973 [pool-2-thread-1] INFO  steps.GenericSteps - Navigating to page: login at URL: http://localhost:3000/login, expecting path: /login
00:26:15.973 [pool-2-thread-1] INFO  steps.GenericSteps - Attempting step: Navigate to page 'login' at URL: http://localhost:3000/login
00:26:20.986 [awaitility-thread] DEBUG steps.GenericSteps - Loading URL: http://localhost:3000/login
00:26:22.021 [awaitility-thread] DEBUG steps.GenericSteps - Current URL: http://localhost:3000/login, expecting path: /login
00:26:22.131 [awaitility-thread] DEBUG steps.GenericSteps - Found 1 elements for locator By.id: navToCart on page login
00:26:22.254 [awaitility-thread] DEBUG steps.GenericSteps - Found 1 elements for locator By.id: password on page login
00:26:22.375 [awaitility-thread] DEBUG steps.GenericSteps - Found 1 elements for locator By.id: loginButton on page login
00:26:22.499 [awaitility-thread] DEBUG steps.GenericSteps - Found 1 elements for locator By.id: errorMessage on page login
00:26:22.618 [awaitility-thread] DEBUG steps.GenericSteps - Found 1 elements for locator By.id: username on page login
00:26:22.623 [awaitility-thread] DEBUG steps.GenericSteps - Step succeeded: Navigate to page 'login' at URL: http://localhost:3000/login
  Given user is on the "login" page                                 # steps.GenericSteps.userIsOnPage(java.lang.String)
00:26:22.624 [pool-2-thread-1] INFO  steps.GenericSteps - Starting test execution: login_multi_users
00:26:22.631 [pool-2-thread-1] INFO  steps.GenericSteps - Executing test login_multi_users with data: {password=Pass123, username=user1@example.com}
00:26:22.631 [pool-2-thread-1] DEBUG steps.GenericSteps - Processing action index 0: {index=0, action=navigate, targetPage=login}
00:26:22.631 [pool-2-thread-1] INFO  steps.GenericSteps - Attempting step: Action 'navigate' on page 'N/A' with value 'N/A', target page 'login'
00:26:27.637 [awaitility-thread] DEBUG steps.GenericSteps - Executing action: {index=0, action=navigate, targetPage=login}
00:26:27.637 [awaitility-thread] DEBUG steps.GenericSteps - Navigating to target page 'login'
00:26:27.859 [awaitility-thread] DEBUG steps.GenericSteps - Found 1 elements for locator By.id: navToCart on page login
00:26:27.982 [awaitility-thread] DEBUG steps.GenericSteps - Found 1 elements for locator By.id: password on page login
00:26:28.104 [awaitility-thread] DEBUG steps.GenericSteps - Found 1 elements for locator By.id: loginButton on page login
00:26:28.230 [awaitility-thread] DEBUG steps.GenericSteps - Found 1 elements for locator By.id: errorMessage on page login
00:26:28.351 [awaitility-thread] DEBUG steps.GenericSteps - Found 1 elements for locator By.id: username on page login
00:26:28.356 [awaitility-thread] DEBUG steps.GenericSteps - Step succeeded: Action 'navigate' on page 'N/A' with value 'N/A', target page 'login'
00:26:28.356 [pool-2-thread-1] DEBUG steps.GenericSteps - Processing action index 1: {index=1, action=enter, page=login, value=${data.username}, element=username}
00:26:28.356 [pool-2-thread-1] INFO  steps.GenericSteps - Attempting step: Action 'enter' on page 'login', element 'username' with value 'user1@example.com'
00:26:33.366 [awaitility-thread] DEBUG steps.GenericSteps - Executing action: {index=1, action=enter, page=login, value=${data.username}, element=username}
00:26:33.482 [awaitility-thread] DEBUG steps.GenericSteps - Found 1 elements for locator By.id: navToCart on page login
00:26:33.606 [awaitility-thread] DEBUG steps.GenericSteps - Found 1 elements for locator By.id: password on page login
00:26:33.731 [awaitility-thread] DEBUG steps.GenericSteps - Found 1 elements for locator By.id: loginButton on page login
00:26:33.855 [awaitility-thread] DEBUG steps.GenericSteps - Found 1 elements for locator By.id: errorMessage on page login
00:26:33.964 [awaitility-thread] DEBUG steps.GenericSteps - Found 1 elements for locator By.id: username on page login
00:26:33.968 [awaitility-thread] DEBUG steps.GenericSteps - Attempting to enter value 'user1@example.com' into element 'username'
00:26:34.135 [awaitility-thread] DEBUG steps.GenericSteps - Current value in element 'username': 'user1@example.com'
00:26:34.135 [awaitility-thread] DEBUG steps.GenericSteps - Step succeeded: Action 'enter' on page 'login', element 'username' with value 'user1@example.com'
00:26:34.136 [pool-2-thread-1] DEBUG steps.GenericSteps - Processing action index 2: {index=2, action=enter, page=login, value=${data.password}, element=password}
00:26:34.136 [pool-2-thread-1] INFO  steps.GenericSteps - Attempting step: Action 'enter' on page 'login', element 'password' with value 'Pass123'
00:26:39.150 [awaitility-thread] DEBUG steps.GenericSteps - Executing action: {index=2, action=enter, page=login, value=${data.password}, element=password}
00:26:39.262 [awaitility-thread] DEBUG steps.GenericSteps - Found 1 elements for locator By.id: navToCart on page login
00:26:39.383 [awaitility-thread] DEBUG steps.GenericSteps - Found 1 elements for locator By.id: password on page login
00:26:39.505 [awaitility-thread] DEBUG steps.GenericSteps - Found 1 elements for locator By.id: loginButton on page login
00:26:39.627 [awaitility-thread] DEBUG steps.GenericSteps - Found 1 elements for locator By.id: errorMessage on page login
00:26:39.750 [awaitility-thread] DEBUG steps.GenericSteps - Found 1 elements for locator By.id: username on page login
00:26:39.755 [awaitility-thread] DEBUG steps.GenericSteps - Attempting to enter value 'Pass123' into element 'password'
00:26:39.918 [awaitility-thread] DEBUG steps.GenericSteps - Current value in element 'password': 'Pass123'
00:26:39.919 [awaitility-thread] DEBUG steps.GenericSteps - Step succeeded: Action 'enter' on page 'login', element 'password' with value 'Pass123'
00:26:39.919 [pool-2-thread-1] DEBUG steps.GenericSteps - Processing action index 3: {index=3, action=click, page=login, element=loginButton}
00:26:39.919 [pool-2-thread-1] INFO  steps.GenericSteps - Attempting step: Action 'click' on page 'login', element 'loginButton' with value 'N/A'
00:26:44.933 [awaitility-thread] DEBUG steps.GenericSteps - Executing action: {index=3, action=click, page=login, element=loginButton}
00:26:45.043 [awaitility-thread] DEBUG steps.GenericSteps - Found 1 elements for locator By.id: navToCart on page login
00:26:45.164 [awaitility-thread] DEBUG steps.GenericSteps - Found 1 elements for locator By.id: password on page login
00:26:45.274 [awaitility-thread] DEBUG steps.GenericSteps - Found 1 elements for locator By.id: loginButton on page login
00:26:45.396 [awaitility-thread] DEBUG steps.GenericSteps - Found 1 elements for locator By.id: errorMessage on page login
00:26:45.518 [awaitility-thread] DEBUG steps.GenericSteps - Found 1 elements for locator By.id: username on page login
00:26:45.522 [awaitility-thread] DEBUG steps.GenericSteps - Attempting to click element 'loginButton'
00:26:45.555 [awaitility-thread] DEBUG steps.GenericSteps - Step succeeded: Action 'click' on page 'login', element 'loginButton' with value 'N/A'
00:26:45.555 [pool-2-thread-1] DEBUG steps.GenericSteps - Processing action index 4: {index=4, action=navigate, targetPage=cart}
00:26:45.556 [pool-2-thread-1] INFO  steps.GenericSteps - Attempting step: Action 'navigate' on page 'N/A' with value 'N/A', target page 'cart'
00:26:50.557 [awaitility-thread] DEBUG steps.GenericSteps - Executing action: {index=4, action=navigate, targetPage=cart}
00:26:50.557 [awaitility-thread] DEBUG steps.GenericSteps - Navigating to target page 'cart'
00:26:50.780 [awaitility-thread] DEBUG steps.GenericSteps - Found 1 elements for locator By.id: navToCheckout on page cart
00:26:50.904 [awaitility-thread] DEBUG steps.GenericSteps - Found 1 elements for locator By.id: addToCart on page cart
00:26:51.027 [awaitility-thread] DEBUG steps.GenericSteps - Found 1 elements for locator By.id: cartCount on page cart
00:26:51.034 [awaitility-thread] DEBUG steps.GenericSteps - Step succeeded: Action 'navigate' on page 'N/A' with value 'N/A', target page 'cart'
00:26:51.034 [pool-2-thread-1] INFO  steps.GenericSteps - Executing test login_multi_users with data: {password=Pass456, username=user2@example.com}
00:26:51.034 [pool-2-thread-1] DEBUG steps.GenericSteps - Processing action index 0: {index=0, action=navigate, targetPage=login}
00:26:51.034 [pool-2-thread-1] INFO  steps.GenericSteps - Attempting step: Action 'navigate' on page 'N/A' with value 'N/A', target page 'login'
00:26:56.049 [awaitility-thread] DEBUG steps.GenericSteps - Executing action: {index=0, action=navigate, targetPage=login}
00:26:56.049 [awaitility-thread] DEBUG steps.GenericSteps - Navigating to target page 'login'
  When user executes test "login_multi_users"                       # steps.GenericSteps.userExecutesTest(java.lang.String)
      org.awaitility.core.ConditionTimeoutException: Condition steps.GenericSteps$$Lambda/0x000001246a34d4d8 was not fulfilled within 30 seconds.
	at org.awaitility.core.ConditionAwaiter.await(ConditionAwaiter.java:167)
	at org.awaitility.core.CallableCondition.await(CallableCondition.java:78)
	at org.awaitility.core.CallableCondition.await(CallableCondition.java:26)
	at org.awaitility.core.ConditionFactory.until(ConditionFactory.java:985)
	at org.awaitility.core.ConditionFactory.until(ConditionFactory.java:954)
	at steps.GenericSteps.executeWithRetry(GenericSteps.java:639)
	at steps.GenericSteps.executeActions(GenericSteps.java:229)
	at steps.GenericSteps.userExecutesTest(GenericSteps.java:207)
	at ✽.user executes test "login_multi_users"(file:///C:/Development/Sources/selenium-cucumber-test/src/test/resources/features/GenericTests.feature:5)
Caused by: java.util.concurrent.TimeoutException
	at java.base/java.util.concurrent.FutureTask.get(FutureTask.java:204)
	at org.awaitility.core.Uninterruptibles.getUninterruptibly(Uninterruptibles.java:101)
	at org.awaitility.core.Uninterruptibles.getUninterruptibly(Uninterruptibles.java:81)
	at org.awaitility.core.ConditionAwaiter.await(ConditionAwaiter.java:103)
	at org.awaitility.core.CallableCondition.await(CallableCondition.java:78)
	at org.awaitility.core.CallableCondition.await(CallableCondition.java:26)
	at org.awaitility.core.ConditionFactory.until(ConditionFactory.java:985)
	at org.awaitility.core.ConditionFactory.until(ConditionFactory.java:954)
	at steps.GenericSteps.executeWithRetry(GenericSteps.java:639)
	at steps.GenericSteps.executeActions(GenericSteps.java:229)
	at steps.GenericSteps.userExecutesTest(GenericSteps.java:207)
	at java.base/jdk.internal.reflect.DirectMethodHandleAccessor.invoke(DirectMethodHandleAccessor.java:103)
	at java.base/java.lang.reflect.Method.invoke(Method.java:580)
	at io.cucumber.java.Invoker.doInvoke(Invoker.java:66)
	at io.cucumber.java.Invoker.invoke(Invoker.java:24)
	at io.cucumber.java.AbstractGlueDefinition.invokeMethod(AbstractGlueDefinition.java:47)
	at io.cucumber.java.JavaStepDefinition.execute(JavaStepDefinition.java:29)
	at io.cucumber.core.runner.CoreStepDefinition.execute(CoreStepDefinition.java:66)
	at io.cucumber.core.runner.PickleStepDefinitionMatch.runStep(PickleStepDefinitionMatch.java:63)
	at io.cucumber.core.runner.ExecutionMode$1.execute(ExecutionMode.java:10)
	at io.cucumber.core.runner.TestStep.executeStep(TestStep.java:84)
	at io.cucumber.core.runner.TestStep.run(TestStep.java:56)
	at io.cucumber.core.runner.PickleStepTestStep.run(PickleStepTestStep.java:51)
	at io.cucumber.core.runner.TestCase.run(TestCase.java:84)
	at io.cucumber.core.runner.Runner.runPickle(Runner.java:75)
	at io.cucumber.junit.PickleRunners$NoStepDescriptions.lambda$run$0(PickleRunners.java:151)
	at io.cucumber.core.runtime.CucumberExecutionContext.lambda$runTestCase$5(CucumberExecutionContext.java:137)
	at io.cucumber.core.runtime.RethrowingThrowableCollector.executeAndThrow(RethrowingThrowableCollector.java:23)
	at io.cucumber.core.runtime.CucumberExecutionContext.runTestCase(CucumberExecutionContext.java:137)
	at io.cucumber.junit.PickleRunners$NoStepDescriptions.run(PickleRunners.java:148)
	at io.cucumber.junit.FeatureRunner.runChild(FeatureRunner.java:144)
	at io.cucumber.junit.FeatureRunner.runChild(FeatureRunner.java:28)
	at org.junit.runners.ParentRunner$4.run(ParentRunner.java:331)
	at org.junit.runners.ParentRunner$1.schedule(ParentRunner.java:79)
	at org.junit.runners.ParentRunner.runChildren(ParentRunner.java:329)
	at org.junit.runners.ParentRunner.access$100(ParentRunner.java:66)
	at org.junit.runners.ParentRunner$2.evaluate(ParentRunner.java:293)
	at org.junit.runners.ParentRunner$3.evaluate(ParentRunner.java:306)
	at org.junit.runners.ParentRunner.run(ParentRunner.java:413)
	at io.cucumber.junit.FeatureRunner.run(FeatureRunner.java:137)
	at io.cucumber.junit.Cucumber.runChild(Cucumber.java:196)
	at io.cucumber.junit.Cucumber.runChild(Cucumber.java:89)
	at org.junit.runners.ParentRunner$4.run(ParentRunner.java:331)
	at org.apache.maven.surefire.junitcore.pc.Scheduler$1.run(Scheduler.java:405)
	at java.base/java.util.concurrent.Executors$RunnableAdapter.call(Executors.java:572)
	at java.base/java.util.concurrent.FutureTask.run(FutureTask.java:317)
	at java.base/java.util.concurrent.ThreadPoolExecutor.runWorker(ThreadPoolExecutor.java:1144)
	at java.base/java.util.concurrent.ThreadPoolExecutor$Worker.run(ThreadPoolExecutor.java:642)
	at java.base/java.lang.Thread.run(Thread.java:1583)

  Then results match expected outcomes for test "login_multi_users" # steps.GenericSteps.resultsMatchExpected(java.lang.String)
00:27:27.071 [pool-2-thread-1] INFO  steps.GenericSteps - Tearing down scenario: Execute various test scenarios

    Embedding failure-screenshot [image/png 23381 bytes]

00:27:27.187 [pool-2-thread-1] ERROR steps.GenericSteps - Scenario failed, screenshot attached
00:27:27.296 [awaitility-thread] WARN  steps.GenericSteps - Retry attempt failed for step 'Action 'navigate' on page 'N/A' with value 'N/A', target page 'login''
java.lang.NullPointerException: Cannot invoke "org.openqa.selenium.WebDriver.getCurrentUrl()" because "this.driver" is null
	at steps.GenericSteps.lambda$executeActions$5(GenericSteps.java:307)
	at org.awaitility.core.CallableCondition$ConditionEvaluationWrapper.eval(CallableCondition.java:99)
	at org.awaitility.core.ConditionAwaiter$ConditionPoller.call(ConditionAwaiter.java:248)
	at org.awaitility.core.ConditionAwaiter$ConditionPoller.call(ConditionAwaiter.java:235)
	at java.base/java.util.concurrent.FutureTask.run(FutureTask.java:317)
	at java.base/java.util.concurrent.ThreadPoolExecutor.runWorker(ThreadPoolExecutor.java:1144)
	at java.base/java.util.concurrent.ThreadPoolExecutor$Worker.run(ThreadPoolExecutor.java:642)
	at java.base/java.lang.Thread.run(Thread.java:1583)
]]></system-out>
    <system-err><![CDATA[Mar 18, 2025 12:26:15 AM org.openqa.selenium.devtools.CdpVersionFinder findNearestMatch
WARNING: Unable to find CDP implementation matching 134
Mar 18, 2025 12:26:15 AM org.openqa.selenium.chromium.ChromiumDriver lambda$new$5
WARNING: Unable to find version of CDP to use for 134.0.6998.89. You may need to include a dependency on a specific version of the CDP using something similar to `org.seleniumhq.selenium:selenium-devtools-v86:4.18.1` where the version ("v86") matches the version of the chromium-based browser you're using and the version number of the artifact is the same as Selenium's.
]]></system-err>
  </testcase>
  <testcase name="Execute various test scenarios #3" classname="Generic Application Testing" time="29.197">
    <system-out><![CDATA[
Scenario Outline: Execute various test scenarios              # src/test/resources/features/GenericTests.feature:12
00:27:27.284 [pool-2-thread-1] INFO  steps.GenericSteps - Starting setup for scenario: Execute various test scenarios
00:27:27.285 [pool-2-thread-1] DEBUG i.g.bonigarcia.wdm.WebDriverManager - Using WebDriverManager 5.8.0
00:27:27.291 [pool-2-thread-1] DEBUG i.g.b.wdm.cache.ResolutionCache - Resolution chrome=134 in cache (valid until 01:16:05 18/03/2025 EET)
00:27:27.291 [pool-2-thread-1] DEBUG i.g.b.wdm.cache.ResolutionCache - Resolution chrome134=134.0.6998.88 in cache (valid until 19:12:41 18/03/2025 EET)
00:27:27.291 [pool-2-thread-1] INFO  i.g.bonigarcia.wdm.WebDriverManager - Using chromedriver 134.0.6998.88 (resolved driver for Chrome 134)
00:27:27.293 [pool-2-thread-1] DEBUG i.g.bonigarcia.wdm.WebDriverManager - Driver chromedriver 134.0.6998.88 found in cache
00:27:27.294 [pool-2-thread-1] INFO  i.g.bonigarcia.wdm.WebDriverManager - Exporting webdriver.chrome.driver as C:\Users\someo\.cache\selenium\chromedriver\win64\134.0.6998.88\chromedriver.exe
00:27:27.294 [pool-2-thread-1] DEBUG steps.GenericSteps - Chrome arguments: --headless,--disable-gpu
00:27:27.294 [pool-2-thread-1] DEBUG steps.GenericSteps - Initializing ChromeDriver
00:27:28.351 [pool-2-thread-1] DEBUG steps.GenericSteps - Kafka enabled: false
00:27:28.351 [pool-2-thread-1] INFO  steps.GenericSteps - Kafka is disabled; skipping Kafka initialization
00:27:28.352 [pool-2-thread-1] INFO  steps.GenericSteps - Setup completed for scenario: Execute various test scenarios
00:27:28.352 [pool-2-thread-1] INFO  steps.GenericSteps - Navigating to page: upload at URL: http://localhost:3000/upload, expecting path: /upload
00:27:28.352 [pool-2-thread-1] INFO  steps.GenericSteps - Attempting step: Navigate to page 'upload' at URL: http://localhost:3000/upload
00:27:33.363 [awaitility-thread] DEBUG steps.GenericSteps - Loading URL: http://localhost:3000/upload
00:27:34.400 [awaitility-thread] DEBUG steps.GenericSteps - Current URL: http://localhost:3000/upload, expecting path: /upload
00:27:34.509 [awaitility-thread] DEBUG steps.GenericSteps - Found 1 elements for locator By.id: submitButton on page upload
00:27:34.630 [awaitility-thread] DEBUG steps.GenericSteps - Found 1 elements for locator By.id: jsonUpload on page upload
00:27:34.750 [awaitility-thread] DEBUG steps.GenericSteps - Found 1 elements for locator By.id: pdfUpload on page upload
00:27:34.873 [awaitility-thread] DEBUG steps.GenericSteps - Found 1 elements for locator By.id: successMessage on page upload
00:27:34.879 [awaitility-thread] DEBUG steps.GenericSteps - Step succeeded: Navigate to page 'upload' at URL: http://localhost:3000/upload
  Given user is on the "upload" page                          # steps.GenericSteps.userIsOnPage(java.lang.String)
00:27:34.879 [pool-2-thread-1] INFO  steps.GenericSteps - Starting test execution: json_upload
00:27:34.880 [pool-2-thread-1] DEBUG steps.GenericSteps - No test data found, executing actions directly
00:27:34.880 [pool-2-thread-1] DEBUG steps.GenericSteps - Processing action index 0: {index=0, action=uploadFile, page=upload, value=src/test/resources/files/test.json, element=jsonUpload}
00:27:34.880 [pool-2-thread-1] INFO  steps.GenericSteps - Attempting step: Action 'uploadFile' on page 'upload', element 'jsonUpload' with value 'src/test/resources/files/test.json'
00:27:39.887 [awaitility-thread] DEBUG steps.GenericSteps - Executing action: {index=0, action=uploadFile, page=upload, value=src/test/resources/files/test.json, element=jsonUpload}
00:27:40.002 [awaitility-thread] DEBUG steps.GenericSteps - Found 1 elements for locator By.id: submitButton on page upload
00:27:40.122 [awaitility-thread] DEBUG steps.GenericSteps - Found 1 elements for locator By.id: jsonUpload on page upload
00:27:40.245 [awaitility-thread] DEBUG steps.GenericSteps - Found 1 elements for locator By.id: pdfUpload on page upload
00:27:40.367 [awaitility-thread] DEBUG steps.GenericSteps - Found 1 elements for locator By.id: successMessage on page upload
00:27:40.370 [awaitility-thread] DEBUG steps.GenericSteps - Uploading file 'src/test/resources/files/test.json' to element 'jsonUpload'
00:27:40.397 [awaitility-thread] DEBUG steps.GenericSteps - Step succeeded: Action 'uploadFile' on page 'upload', element 'jsonUpload' with value 'src/test/resources/files/test.json'
00:27:40.398 [pool-2-thread-1] DEBUG steps.GenericSteps - Processing action index 1: {index=1, action=click, page=upload, element=submitButton}
00:27:40.398 [pool-2-thread-1] INFO  steps.GenericSteps - Attempting step: Action 'click' on page 'upload', element 'submitButton' with value 'N/A'
00:27:45.401 [awaitility-thread] DEBUG steps.GenericSteps - Executing action: {index=1, action=click, page=upload, element=submitButton}
00:27:45.514 [awaitility-thread] DEBUG steps.GenericSteps - Found 1 elements for locator By.id: submitButton on page upload
00:27:45.635 [awaitility-thread] DEBUG steps.GenericSteps - Found 1 elements for locator By.id: jsonUpload on page upload
00:27:45.757 [awaitility-thread] DEBUG steps.GenericSteps - Found 1 elements for locator By.id: pdfUpload on page upload
00:27:45.865 [awaitility-thread] DEBUG steps.GenericSteps - Found 1 elements for locator By.id: successMessage on page upload
00:27:45.869 [awaitility-thread] DEBUG steps.GenericSteps - Attempting to click element 'submitButton'
00:27:45.905 [awaitility-thread] DEBUG steps.GenericSteps - Step succeeded: Action 'click' on page 'upload', element 'submitButton' with value 'N/A'
00:27:45.905 [pool-2-thread-1] DEBUG steps.GenericSteps - Processing action index 2: {index=2, kafka.topic=process-started, action=kafkaConsume, kafka.valueContains="status": "initiated", kafka.key=json-process}
00:27:45.905 [pool-2-thread-1] INFO  steps.GenericSteps - Attempting step: Action 'kafkaConsume' on page 'N/A' with value 'N/A'
00:27:50.918 [awaitility-thread] DEBUG steps.GenericSteps - Executing action: {index=2, kafka.topic=process-started, action=kafkaConsume, kafka.valueContains="status": "initiated", kafka.key=json-process}
00:27:50.918 [awaitility-thread] INFO  steps.GenericSteps - Kafka is disabled; skipping kafkaConsume action
00:27:50.918 [awaitility-thread] DEBUG steps.GenericSteps - Step succeeded: Action 'kafkaConsume' on page 'N/A' with value 'N/A'
  When user executes test "json_upload"                       # steps.GenericSteps.userExecutesTest(java.lang.String)
00:27:50.919 [pool-2-thread-1] INFO  steps.GenericSteps - Attempting step: Assertion 'visible' on page 'upload', element 'successMessage' with expected value 'null' and condition 'true'
00:27:55.934 [awaitility-thread] DEBUG steps.GenericSteps - Verifying assertion: {index=0, condition=true, page=upload, type=visible, element=successMessage}
00:27:56.046 [awaitility-thread] DEBUG steps.GenericSteps - Found 1 elements for locator By.id: submitButton on page upload
00:27:56.168 [awaitility-thread] DEBUG steps.GenericSteps - Found 1 elements for locator By.id: jsonUpload on page upload
00:27:56.277 [awaitility-thread] DEBUG steps.GenericSteps - Found 1 elements for locator By.id: pdfUpload on page upload
00:27:56.388 [awaitility-thread] DEBUG steps.GenericSteps - Found 1 elements for locator By.id: successMessage on page upload
00:27:56.397 [awaitility-thread] DEBUG steps.GenericSteps - Step succeeded: Assertion 'visible' on page 'upload', element 'successMessage' with expected value 'null' and condition 'true'
  Then results match expected outcomes for test "json_upload" # steps.GenericSteps.resultsMatchExpected(java.lang.String)
00:27:56.397 [pool-2-thread-1] INFO  steps.GenericSteps - Tearing down scenario: Execute various test scenarios
]]></system-out>
    <system-err><![CDATA[Mar 18, 2025 12:27:28 AM org.openqa.selenium.devtools.CdpVersionFinder findNearestMatch
WARNING: Unable to find CDP implementation matching 134
Mar 18, 2025 12:27:28 AM org.openqa.selenium.chromium.ChromiumDriver lambda$new$5
WARNING: Unable to find version of CDP to use for 134.0.6998.89. You may need to include a dependency on a specific version of the CDP using something similar to `org.seleniumhq.selenium:selenium-devtools-v86:4.18.1` where the version ("v86") matches the version of the chromium-based browser you're using and the version number of the artifact is the same as Selenium's.
]]></system-err>
  </testcase>
  <testcase name="Execute various test scenarios #4" classname="Generic Application Testing" time="24.15">
    <system-out><![CDATA[
Scenario Outline: Execute various test scenarios             # src/test/resources/features/GenericTests.feature:13
00:27:56.481 [pool-2-thread-1] INFO  steps.GenericSteps - Starting setup for scenario: Execute various test scenarios
00:27:56.482 [pool-2-thread-1] DEBUG i.g.bonigarcia.wdm.WebDriverManager - Using WebDriverManager 5.8.0
00:27:56.485 [pool-2-thread-1] DEBUG i.g.b.wdm.cache.ResolutionCache - Resolution chrome=134 in cache (valid until 01:16:05 18/03/2025 EET)
00:27:56.485 [pool-2-thread-1] DEBUG i.g.b.wdm.cache.ResolutionCache - Resolution chrome134=134.0.6998.88 in cache (valid until 19:12:41 18/03/2025 EET)
00:27:56.485 [pool-2-thread-1] INFO  i.g.bonigarcia.wdm.WebDriverManager - Using chromedriver 134.0.6998.88 (resolved driver for Chrome 134)
00:27:56.487 [pool-2-thread-1] DEBUG i.g.bonigarcia.wdm.WebDriverManager - Driver chromedriver 134.0.6998.88 found in cache
00:27:56.487 [pool-2-thread-1] INFO  i.g.bonigarcia.wdm.WebDriverManager - Exporting webdriver.chrome.driver as C:\Users\someo\.cache\selenium\chromedriver\win64\134.0.6998.88\chromedriver.exe
00:27:56.487 [pool-2-thread-1] DEBUG steps.GenericSteps - Chrome arguments: --headless,--disable-gpu
00:27:56.487 [pool-2-thread-1] DEBUG steps.GenericSteps - Initializing ChromeDriver
00:27:57.537 [pool-2-thread-1] DEBUG steps.GenericSteps - Kafka enabled: false
00:27:57.537 [pool-2-thread-1] INFO  steps.GenericSteps - Kafka is disabled; skipping Kafka initialization
00:27:57.537 [pool-2-thread-1] INFO  steps.GenericSteps - Setup completed for scenario: Execute various test scenarios
00:27:57.537 [pool-2-thread-1] INFO  steps.GenericSteps - Navigating to page: upload at URL: http://localhost:3000/upload, expecting path: /upload
00:27:57.537 [pool-2-thread-1] INFO  steps.GenericSteps - Attempting step: Navigate to page 'upload' at URL: http://localhost:3000/upload
00:28:02.544 [awaitility-thread] DEBUG steps.GenericSteps - Loading URL: http://localhost:3000/upload
00:28:03.577 [awaitility-thread] DEBUG steps.GenericSteps - Current URL: http://localhost:3000/upload, expecting path: /upload
00:28:03.689 [awaitility-thread] DEBUG steps.GenericSteps - Found 1 elements for locator By.id: submitButton on page upload
00:28:03.809 [awaitility-thread] DEBUG steps.GenericSteps - Found 1 elements for locator By.id: jsonUpload on page upload
00:28:03.935 [awaitility-thread] DEBUG steps.GenericSteps - Found 1 elements for locator By.id: pdfUpload on page upload
00:28:04.059 [awaitility-thread] DEBUG steps.GenericSteps - Found 1 elements for locator By.id: successMessage on page upload
00:28:04.065 [awaitility-thread] DEBUG steps.GenericSteps - Step succeeded: Navigate to page 'upload' at URL: http://localhost:3000/upload
  Given user is on the "upload" page                         # steps.GenericSteps.userIsOnPage(java.lang.String)
00:28:04.066 [pool-2-thread-1] INFO  steps.GenericSteps - Starting test execution: pdf_upload
00:28:04.066 [pool-2-thread-1] DEBUG steps.GenericSteps - No test data found, executing actions directly
00:28:04.066 [pool-2-thread-1] DEBUG steps.GenericSteps - Processing action index 0: {index=0, action=uploadFile, page=upload, value=src/test/resources/files/test.pdf, element=pdfUpload}
00:28:04.066 [pool-2-thread-1] INFO  steps.GenericSteps - Attempting step: Action 'uploadFile' on page 'upload', element 'pdfUpload' with value 'src/test/resources/files/test.pdf'
00:28:09.075 [awaitility-thread] DEBUG steps.GenericSteps - Executing action: {index=0, action=uploadFile, page=upload, value=src/test/resources/files/test.pdf, element=pdfUpload}
00:28:09.186 [awaitility-thread] DEBUG steps.GenericSteps - Found 1 elements for locator By.id: submitButton on page upload
00:28:09.297 [awaitility-thread] DEBUG steps.GenericSteps - Found 1 elements for locator By.id: jsonUpload on page upload
00:28:09.416 [awaitility-thread] DEBUG steps.GenericSteps - Found 1 elements for locator By.id: pdfUpload on page upload
00:28:09.538 [awaitility-thread] DEBUG steps.GenericSteps - Found 1 elements for locator By.id: successMessage on page upload
00:28:09.541 [awaitility-thread] DEBUG steps.GenericSteps - Uploading file 'src/test/resources/files/test.pdf' to element 'pdfUpload'
00:28:09.566 [awaitility-thread] DEBUG steps.GenericSteps - Step succeeded: Action 'uploadFile' on page 'upload', element 'pdfUpload' with value 'src/test/resources/files/test.pdf'
00:28:09.566 [pool-2-thread-1] DEBUG steps.GenericSteps - Processing action index 1: {index=1, action=click, page=upload, element=submitButton}
00:28:09.566 [pool-2-thread-1] INFO  steps.GenericSteps - Attempting step: Action 'click' on page 'upload', element 'submitButton' with value 'N/A'
00:28:14.570 [awaitility-thread] DEBUG steps.GenericSteps - Executing action: {index=1, action=click, page=upload, element=submitButton}
00:28:14.681 [awaitility-thread] DEBUG steps.GenericSteps - Found 1 elements for locator By.id: submitButton on page upload
00:28:14.791 [awaitility-thread] DEBUG steps.GenericSteps - Found 1 elements for locator By.id: jsonUpload on page upload
00:28:14.899 [awaitility-thread] DEBUG steps.GenericSteps - Found 1 elements for locator By.id: pdfUpload on page upload
00:28:15.008 [awaitility-thread] DEBUG steps.GenericSteps - Found 1 elements for locator By.id: successMessage on page upload
00:28:15.012 [awaitility-thread] DEBUG steps.GenericSteps - Attempting to click element 'submitButton'
00:28:15.060 [awaitility-thread] DEBUG steps.GenericSteps - Step succeeded: Action 'click' on page 'upload', element 'submitButton' with value 'N/A'
  When user executes test "pdf_upload"                       # steps.GenericSteps.userExecutesTest(java.lang.String)
00:28:15.061 [pool-2-thread-1] INFO  steps.GenericSteps - Attempting step: Assertion 'visible' on page 'upload', element 'successMessage' with expected value 'null' and condition 'true'
00:28:20.069 [awaitility-thread] DEBUG steps.GenericSteps - Verifying assertion: {index=0, condition=true, page=upload, type=visible, element=successMessage}
00:28:20.183 [awaitility-thread] DEBUG steps.GenericSteps - Found 1 elements for locator By.id: submitButton on page upload
00:28:20.291 [awaitility-thread] DEBUG steps.GenericSteps - Found 1 elements for locator By.id: jsonUpload on page upload
00:28:20.400 [awaitility-thread] DEBUG steps.GenericSteps - Found 1 elements for locator By.id: pdfUpload on page upload
00:28:20.510 [awaitility-thread] DEBUG steps.GenericSteps - Found 1 elements for locator By.id: successMessage on page upload
00:28:20.520 [awaitility-thread] DEBUG steps.GenericSteps - Step succeeded: Assertion 'visible' on page 'upload', element 'successMessage' with expected value 'null' and condition 'true'
  Then results match expected outcomes for test "pdf_upload" # steps.GenericSteps.resultsMatchExpected(java.lang.String)
00:28:20.520 [pool-2-thread-1] INFO  steps.GenericSteps - Tearing down scenario: Execute various test scenarios
]]></system-out>
    <system-err><![CDATA[Mar 18, 2025 12:27:57 AM org.openqa.selenium.devtools.CdpVersionFinder findNearestMatch
WARNING: Unable to find CDP implementation matching 134
Mar 18, 2025 12:27:57 AM org.openqa.selenium.chromium.ChromiumDriver lambda$new$5
WARNING: Unable to find version of CDP to use for 134.0.6998.89. You may need to include a dependency on a specific version of the CDP using something similar to `org.seleniumhq.selenium:selenium-devtools-v86:4.18.1` where the version ("v86") matches the version of the chromium-based browser you're using and the version number of the artifact is the same as Selenium's.
]]></system-err>
  </testcase>
</testsuite>