<?xml version="1.0" encoding="UTF-8"?>
<testsuite xmlns:xsi="http://www.w3.org/2001/XMLSchema-instance" xsi:noNamespaceSchemaLocation="https://maven.apache.org/surefire/maven-surefire-plugin/xsd/surefire-test-report-3.0.xsd" version="3.0" name="Generic Application Testing" time="64.659" tests="5" errors="5" skipped="0" failures="0">
  <properties>
[...]
</properties>
  <testcase name="Execute various test scenarios #1" classname="Generic Application Testing" time="13.977">
    <error message="Condition steps.GenericSteps$$Lambda/0x000002032b3df410 was not fulfilled within 9 seconds." type="org.awaitility.core.ConditionTimeoutException"><![CDATA[org.awaitility.core.ConditionTimeoutException: Condition steps.GenericSteps$$Lambda/0x000002032b3df410 was not fulfilled within 9 seconds.
]]></error>
    <system-out><![CDATA[
Scenario Outline: Execute various test scenarios               # src/test/resources/features/GenericTests.feature:10
19:20:49.640 [pool-2-thread-1] INFO  i.g.bonigarcia.wdm.WebDriverManager - Using chromedriver 134.0.6998.88 (resolved driver for Chrome 134)
19:20:49.684 [pool-2-thread-1] INFO  i.g.bonigarcia.wdm.WebDriverManager - Exporting webdriver.chrome.driver as C:\Users\someo\.cache\selenium\chromedriver\win64\134.0.6998.88\chromedriver.exe
19:20:51.014 [pool-2-thread-1] INFO  o.a.k.c.producer.ProducerConfig - ProducerConfig values: 
	acks = -1
	auto.include.jmx.reporter = true
	batch.size = 16384
	bootstrap.servers = [localhost:9092]
	buffer.memory = 33554432
	client.dns.lookup = use_all_dns_ips
	client.id = producer-1
	compression.type = none
	connections.max.idle.ms = 540000
	delivery.timeout.ms = 120000
	enable.idempotence = true
	interceptor.classes = []
	key.serializer = class org.apache.kafka.common.serialization.StringSerializer
	linger.ms = 0
	max.block.ms = 60000
	max.in.flight.requests.per.connection = 5
	max.request.size = 1048576
	metadata.max.age.ms = 300000
	metadata.max.idle.ms = 300000
	metric.reporters = []
	metrics.num.samples = 2
	metrics.recording.level = INFO
	metrics.sample.window.ms = 30000
	partitioner.adaptive.partitioning.enable = true
	partitioner.availability.timeout.ms = 0
	partitioner.class = null
	partitioner.ignore.keys = false
	receive.buffer.bytes = 32768
	reconnect.backoff.max.ms = 1000
	reconnect.backoff.ms = 50
	request.timeout.ms = 30000
	retries = 2147483647
	retry.backoff.ms = 100
	sasl.client.callback.handler.class = null
	sasl.jaas.config = null
	sasl.kerberos.kinit.cmd = /usr/bin/kinit
	sasl.kerberos.min.time.before.relogin = 60000
	sasl.kerberos.service.name = null
	sasl.kerberos.ticket.renew.jitter = 0.05
	sasl.kerberos.ticket.renew.window.factor = 0.8
	sasl.login.callback.handler.class = null
	sasl.login.class = null
	sasl.login.connect.timeout.ms = null
	sasl.login.read.timeout.ms = null
	sasl.login.refresh.buffer.seconds = 300
	sasl.login.refresh.min.period.seconds = 60
	sasl.login.refresh.window.factor = 0.8
	sasl.login.refresh.window.jitter = 0.05
	sasl.login.retry.backoff.max.ms = 10000
	sasl.login.retry.backoff.ms = 100
	sasl.mechanism = GSSAPI
	sasl.oauthbearer.clock.skew.seconds = 30
	sasl.oauthbearer.expected.audience = null
	sasl.oauthbearer.expected.issuer = null
	sasl.oauthbearer.jwks.endpoint.refresh.ms = 3600000
	sasl.oauthbearer.jwks.endpoint.retry.backoff.max.ms = 10000
	sasl.oauthbearer.jwks.endpoint.retry.backoff.ms = 100
	sasl.oauthbearer.jwks.endpoint.url = null
	sasl.oauthbearer.scope.claim.name = scope
	sasl.oauthbearer.sub.claim.name = sub
	sasl.oauthbearer.token.endpoint.url = null
	security.protocol = PLAINTEXT
	security.providers = null
	send.buffer.bytes = 131072
	socket.connection.setup.timeout.max.ms = 30000
	socket.connection.setup.timeout.ms = 10000
	ssl.cipher.suites = null
	ssl.enabled.protocols = [TLSv1.2, TLSv1.3]
	ssl.endpoint.identification.algorithm = https
	ssl.engine.factory.class = null
	ssl.key.password = null
	ssl.keymanager.algorithm = SunX509
	ssl.keystore.certificate.chain = null
	ssl.keystore.key = null
	ssl.keystore.location = null
	ssl.keystore.password = null
	ssl.keystore.type = JKS
	ssl.protocol = TLSv1.3
	ssl.provider = null
	ssl.secure.random.implementation = null
	ssl.trustmanager.algorithm = PKIX
	ssl.truststore.certificates = null
	ssl.truststore.location = null
	ssl.truststore.password = null
	ssl.truststore.type = JKS
	transaction.timeout.ms = 60000
	transactional.id = null
	value.serializer = class org.apache.kafka.common.serialization.StringSerializer

19:20:51.079 [pool-2-thread-1] INFO  o.a.k.clients.producer.KafkaProducer - [Producer clientId=producer-1] Instantiated an idempotent producer.
19:20:51.107 [pool-2-thread-1] INFO  o.a.kafka.common.utils.AppInfoParser - Kafka version: 3.6.0
19:20:51.107 [pool-2-thread-1] INFO  o.a.kafka.common.utils.AppInfoParser - Kafka commitId: 60e845626d8a465a
19:20:51.107 [pool-2-thread-1] INFO  o.a.kafka.common.utils.AppInfoParser - Kafka startTimeMs: 1742232051106
19:20:51.115 [pool-2-thread-1] INFO  o.a.k.c.consumer.ConsumerConfig - ConsumerConfig values: 
	allow.auto.create.topics = true
	auto.commit.interval.ms = 5000
	auto.include.jmx.reporter = true
	auto.offset.reset = latest
	bootstrap.servers = [localhost:9092]
	check.crcs = true
	client.dns.lookup = use_all_dns_ips
	client.id = consumer-test-group-1
	client.rack = 
	connections.max.idle.ms = 540000
	default.api.timeout.ms = 60000
	enable.auto.commit = true
	exclude.internal.topics = true
	fetch.max.bytes = 52428800
	fetch.max.wait.ms = 500
	fetch.min.bytes = 1
	group.id = test-group
	group.instance.id = null
	heartbeat.interval.ms = 3000
	interceptor.classes = []
	internal.leave.group.on.close = true
	internal.throw.on.fetch.stable.offset.unsupported = false
	isolation.level = read_uncommitted
	key.deserializer = class org.apache.kafka.common.serialization.StringDeserializer
	max.partition.fetch.bytes = 1048576
	max.poll.interval.ms = 300000
	max.poll.records = 500
	metadata.max.age.ms = 300000
	metric.reporters = []
	metrics.num.samples = 2
	metrics.recording.level = INFO
	metrics.sample.window.ms = 30000
	partition.assignment.strategy = [class org.apache.kafka.clients.consumer.RangeAssignor, class org.apache.kafka.clients.consumer.CooperativeStickyAssignor]
	receive.buffer.bytes = 65536
	reconnect.backoff.max.ms = 1000
	reconnect.backoff.ms = 50
	request.timeout.ms = 30000
	retry.backoff.ms = 100
	sasl.client.callback.handler.class = null
	sasl.jaas.config = null
	sasl.kerberos.kinit.cmd = /usr/bin/kinit
	sasl.kerberos.min.time.before.relogin = 60000
	sasl.kerberos.service.name = null
	sasl.kerberos.ticket.renew.jitter = 0.05
	sasl.kerberos.ticket.renew.window.factor = 0.8
	sasl.login.callback.handler.class = null
	sasl.login.class = null
	sasl.login.connect.timeout.ms = null
	sasl.login.read.timeout.ms = null
	sasl.login.refresh.buffer.seconds = 300
	sasl.login.refresh.min.period.seconds = 60
	sasl.login.refresh.window.factor = 0.8
	sasl.login.refresh.window.jitter = 0.05
	sasl.login.retry.backoff.max.ms = 10000
	sasl.login.retry.backoff.ms = 100
	sasl.mechanism = GSSAPI
	sasl.oauthbearer.clock.skew.seconds = 30
	sasl.oauthbearer.expected.audience = null
	sasl.oauthbearer.expected.issuer = null
	sasl.oauthbearer.jwks.endpoint.refresh.ms = 3600000
	sasl.oauthbearer.jwks.endpoint.retry.backoff.max.ms = 10000
	sasl.oauthbearer.jwks.endpoint.retry.backoff.ms = 100
	sasl.oauthbearer.jwks.endpoint.url = null
	sasl.oauthbearer.scope.claim.name = scope
	sasl.oauthbearer.sub.claim.name = sub
	sasl.oauthbearer.token.endpoint.url = null
	security.protocol = PLAINTEXT
	security.providers = null
	send.buffer.bytes = 131072
	session.timeout.ms = 45000
	socket.connection.setup.timeout.max.ms = 30000
	socket.connection.setup.timeout.ms = 10000
	ssl.cipher.suites = null
	ssl.enabled.protocols = [TLSv1.2, TLSv1.3]
	ssl.endpoint.identification.algorithm = https
	ssl.engine.factory.class = null
	ssl.key.password = null
	ssl.keymanager.algorithm = SunX509
	ssl.keystore.certificate.chain = null
	ssl.keystore.key = null
	ssl.keystore.location = null
	ssl.keystore.password = null
	ssl.keystore.type = JKS
	ssl.protocol = TLSv1.3
	ssl.provider = null
	ssl.secure.random.implementation = null
	ssl.trustmanager.algorithm = PKIX
	ssl.truststore.certificates = null
	ssl.truststore.location = null
	ssl.truststore.password = null
	ssl.truststore.type = JKS
	value.deserializer = class org.apache.kafka.common.serialization.StringDeserializer

19:20:51.147 [pool-2-thread-1] INFO  o.a.kafka.common.utils.AppInfoParser - Kafka version: 3.6.0
19:20:51.147 [pool-2-thread-1] INFO  o.a.kafka.common.utils.AppInfoParser - Kafka commitId: 60e845626d8a465a
19:20:51.147 [pool-2-thread-1] INFO  o.a.kafka.common.utils.AppInfoParser - Kafka startTimeMs: 1742232051147
19:20:51.223 [pool-2-thread-1] INFO  steps.GenericSteps - Starting scenario: Execute various test scenarios
19:20:51.268 [kafka-producer-network-thread | producer-1] INFO  o.apache.kafka.clients.NetworkClient - [Producer clientId=producer-1] Node -1 disconnected.
19:20:51.269 [kafka-producer-network-thread | producer-1] WARN  o.apache.kafka.clients.NetworkClient - [Producer clientId=producer-1] Connection to node -1 (localhost/127.0.0.1:9092) could not be established. Broker may not be available.
19:20:51.269 [kafka-producer-network-thread | producer-1] WARN  o.apache.kafka.clients.NetworkClient - [Producer clientId=producer-1] Bootstrap broker localhost:9092 (id: -1 rack: null) disconnected
19:20:51.372 [kafka-producer-network-thread | producer-1] INFO  o.apache.kafka.clients.NetworkClient - [Producer clientId=producer-1] Node -1 disconnected.
19:20:51.372 [kafka-producer-network-thread | producer-1] WARN  o.apache.kafka.clients.NetworkClient - [Producer clientId=producer-1] Connection to node -1 (localhost/127.0.0.1:9092) could not be established. Broker may not be available.
19:20:51.372 [kafka-producer-network-thread | producer-1] WARN  o.apache.kafka.clients.NetworkClient - [Producer clientId=producer-1] Bootstrap broker localhost:9092 (id: -1 rack: null) disconnected
19:20:51.538 [kafka-producer-network-thread | producer-1] INFO  o.apache.kafka.clients.NetworkClient - [Producer clientId=producer-1] Node -1 disconnected.
19:20:51.539 [kafka-producer-network-thread | producer-1] WARN  o.apache.kafka.clients.NetworkClient - [Producer clientId=producer-1] Connection to node -1 (localhost/127.0.0.1:9092) could not be established. Broker may not be available.
19:20:51.539 [kafka-producer-network-thread | producer-1] WARN  o.apache.kafka.clients.NetworkClient - [Producer clientId=producer-1] Bootstrap broker localhost:9092 (id: -1 rack: null) disconnected
19:20:51.765 [kafka-producer-network-thread | producer-1] INFO  o.apache.kafka.clients.NetworkClient - [Producer clientId=producer-1] Node -1 disconnected.
19:20:51.765 [kafka-producer-network-thread | producer-1] WARN  o.apache.kafka.clients.NetworkClient - [Producer clientId=producer-1] Connection to node -1 (localhost/127.0.0.1:9092) could not be established. Broker may not be available.
19:20:51.766 [kafka-producer-network-thread | producer-1] WARN  o.apache.kafka.clients.NetworkClient - [Producer clientId=producer-1] Bootstrap broker localhost:9092 (id: -1 rack: null) disconnected
19:20:52.234 [kafka-producer-network-thread | producer-1] INFO  o.apache.kafka.clients.NetworkClient - [Producer clientId=producer-1] Node -1 disconnected.
19:20:52.235 [kafka-producer-network-thread | producer-1] WARN  o.apache.kafka.clients.NetworkClient - [Producer clientId=producer-1] Connection to node -1 (localhost/127.0.0.1:9092) could not be established. Broker may not be available.
19:20:52.235 [kafka-producer-network-thread | producer-1] WARN  o.apache.kafka.clients.NetworkClient - [Producer clientId=producer-1] Bootstrap broker localhost:9092 (id: -1 rack: null) disconnected
19:20:53.069 [kafka-producer-network-thread | producer-1] INFO  o.apache.kafka.clients.NetworkClient - [Producer clientId=producer-1] Node -1 disconnected.
19:20:53.070 [kafka-producer-network-thread | producer-1] WARN  o.apache.kafka.clients.NetworkClient - [Producer clientId=producer-1] Connection to node -1 (localhost/127.0.0.1:9092) could not be established. Broker may not be available.
19:20:53.070 [kafka-producer-network-thread | producer-1] WARN  o.apache.kafka.clients.NetworkClient - [Producer clientId=producer-1] Bootstrap broker localhost:9092 (id: -1 rack: null) disconnected
19:20:53.369 [awaitility-thread] WARN  steps.GenericSteps - Retry attempt failed
org.openqa.selenium.WebDriverException: unknown error: net::ERR_NAME_NOT_RESOLVED
  (Session info: chrome=134.0.6998.89)
Build info: version: '4.18.1', revision: 'b1d3319b48'
System info: os.name: 'Windows 11', os.arch: 'amd64', os.version: '10.0', java.version: '21.0.4'
Driver info: org.openqa.selenium.chrome.ChromeDriver
Command: [26bbba4981b25ea4d40e98d87c3c2649, get {url=https://dev.example.com/login}]
Capabilities {acceptInsecureCerts: false, browserName: chrome, browserVersion: 134.0.6998.89, chrome: {chromedriverVersion: 134.0.6998.88 (7e3d5c978c6d..., userDataDir: C:\Users\someo\AppData\Loca...}, fedcm:accounts: true, goog:chromeOptions: {debuggerAddress: localhost:60707}, networkConnectionEnabled: false, pageLoadStrategy: normal, platformName: windows, proxy: Proxy(), se:cdp: ws://localhost:60707/devtoo..., se:cdpVersion: 134.0.6998.89, setWindowRect: true, strictFileInteractability: false, timeouts: {implicit: 0, pageLoad: 300000, script: 30000}, unhandledPromptBehavior: dismiss and notify, webauthn:extension:credBlob: true, webauthn:extension:largeBlob: true, webauthn:extension:minPinLength: true, webauthn:extension:prf: true, webauthn:virtualAuthenticators: true}
Session ID: 26bbba4981b25ea4d40e98d87c3c2649
	at java.base/jdk.internal.reflect.DirectConstructorHandleAccessor.newInstance(DirectConstructorHandleAccessor.java:62)
	at java.base/java.lang.reflect.Constructor.newInstanceWithCaller(Constructor.java:502)
	at java.base/java.lang.reflect.Constructor.newInstance(Constructor.java:486)
	at org.openqa.selenium.remote.ErrorCodec.decode(ErrorCodec.java:167)
	at org.openqa.selenium.remote.codec.w3c.W3CHttpResponseCodec.decode(W3CHttpResponseCodec.java:138)
	at org.openqa.selenium.remote.codec.w3c.W3CHttpResponseCodec.decode(W3CHttpResponseCodec.java:50)
	at org.openqa.selenium.remote.HttpCommandExecutor.execute(HttpCommandExecutor.java:190)
	at org.openqa.selenium.remote.service.DriverCommandExecutor.invokeExecute(DriverCommandExecutor.java:216)
	at org.openqa.selenium.remote.service.DriverCommandExecutor.execute(DriverCommandExecutor.java:174)
	at org.openqa.selenium.remote.RemoteWebDriver.execute(RemoteWebDriver.java:519)
	at org.openqa.selenium.remote.RemoteWebDriver.get(RemoteWebDriver.java:301)
	at steps.GenericSteps.lambda$userIsOnPage$1(GenericSteps.java:138)
	at steps.GenericSteps.lambda$executeWithRetry$15(GenericSteps.java:527)
	at org.awaitility.core.CallableCondition$ConditionEvaluationWrapper.eval(CallableCondition.java:99)
	at org.awaitility.core.ConditionAwaiter$ConditionPoller.call(ConditionAwaiter.java:248)
	at org.awaitility.core.ConditionAwaiter$ConditionPoller.call(ConditionAwaiter.java:235)
	at java.base/java.util.concurrent.FutureTask.run(FutureTask.java:317)
	at java.base/java.util.concurrent.ThreadPoolExecutor.runWorker(ThreadPoolExecutor.java:1144)
	at java.base/java.util.concurrent.ThreadPoolExecutor$Worker.run(ThreadPoolExecutor.java:642)
	at java.base/java.lang.Thread.run(Thread.java:1583)
19:20:54.269 [kafka-producer-network-thread | producer-1] INFO  o.apache.kafka.clients.NetworkClient - [Producer clientId=producer-1] Node -1 disconnected.
19:20:54.270 [kafka-producer-network-thread | producer-1] WARN  o.apache.kafka.clients.NetworkClient - [Producer clientId=producer-1] Connection to node -1 (localhost/127.0.0.1:9092) could not be established. Broker may not be available.
19:20:54.270 [kafka-producer-network-thread | producer-1] WARN  o.apache.kafka.clients.NetworkClient - [Producer clientId=producer-1] Bootstrap broker localhost:9092 (id: -1 rack: null) disconnected
19:20:55.410 [kafka-producer-network-thread | producer-1] INFO  o.apache.kafka.clients.NetworkClient - [Producer clientId=producer-1] Node -1 disconnected.
19:20:55.411 [kafka-producer-network-thread | producer-1] WARN  o.apache.kafka.clients.NetworkClient - [Producer clientId=producer-1] Connection to node -1 (localhost/127.0.0.1:9092) could not be established. Broker may not be available.
19:20:55.411 [kafka-producer-network-thread | producer-1] WARN  o.apache.kafka.clients.NetworkClient - [Producer clientId=producer-1] Bootstrap broker localhost:9092 (id: -1 rack: null) disconnected
19:20:55.454 [awaitility-thread] WARN  steps.GenericSteps - Retry attempt failed
org.openqa.selenium.WebDriverException: unknown error: net::ERR_NAME_NOT_RESOLVED
  (Session info: chrome=134.0.6998.89)
Build info: version: '4.18.1', revision: 'b1d3319b48'
System info: os.name: 'Windows 11', os.arch: 'amd64', os.version: '10.0', java.version: '21.0.4'
Driver info: org.openqa.selenium.chrome.ChromeDriver
Command: [26bbba4981b25ea4d40e98d87c3c2649, get {url=https://dev.example.com/login}]
Capabilities {acceptInsecureCerts: false, browserName: chrome, browserVersion: 134.0.6998.89, chrome: {chromedriverVersion: 134.0.6998.88 (7e3d5c978c6d..., userDataDir: C:\Users\someo\AppData\Loca...}, fedcm:accounts: true, goog:chromeOptions: {debuggerAddress: localhost:60707}, networkConnectionEnabled: false, pageLoadStrategy: normal, platformName: windows, proxy: Proxy(), se:cdp: ws://localhost:60707/devtoo..., se:cdpVersion: 134.0.6998.89, setWindowRect: true, strictFileInteractability: false, timeouts: {implicit: 0, pageLoad: 300000, script: 30000}, unhandledPromptBehavior: dismiss and notify, webauthn:extension:credBlob: true, webauthn:extension:largeBlob: true, webauthn:extension:minPinLength: true, webauthn:extension:prf: true, webauthn:virtualAuthenticators: true}
Session ID: 26bbba4981b25ea4d40e98d87c3c2649
	at java.base/jdk.internal.reflect.DirectConstructorHandleAccessor.newInstance(DirectConstructorHandleAccessor.java:62)
	at java.base/java.lang.reflect.Constructor.newInstanceWithCaller(Constructor.java:502)
	at java.base/java.lang.reflect.Constructor.newInstance(Constructor.java:486)
	at org.openqa.selenium.remote.ErrorCodec.decode(ErrorCodec.java:167)
	at org.openqa.selenium.remote.codec.w3c.W3CHttpResponseCodec.decode(W3CHttpResponseCodec.java:138)
	at org.openqa.selenium.remote.codec.w3c.W3CHttpResponseCodec.decode(W3CHttpResponseCodec.java:50)
	at org.openqa.selenium.remote.HttpCommandExecutor.execute(HttpCommandExecutor.java:190)
	at org.openqa.selenium.remote.service.DriverCommandExecutor.invokeExecute(DriverCommandExecutor.java:216)
	at org.openqa.selenium.remote.service.DriverCommandExecutor.execute(DriverCommandExecutor.java:174)
	at org.openqa.selenium.remote.RemoteWebDriver.execute(RemoteWebDriver.java:519)
	at org.openqa.selenium.remote.RemoteWebDriver.get(RemoteWebDriver.java:301)
	at steps.GenericSteps.lambda$userIsOnPage$1(GenericSteps.java:138)
	at steps.GenericSteps.lambda$executeWithRetry$15(GenericSteps.java:527)
	at org.awaitility.core.CallableCondition$ConditionEvaluationWrapper.eval(CallableCondition.java:99)
	at org.awaitility.core.ConditionAwaiter$ConditionPoller.call(ConditionAwaiter.java:248)
	at org.awaitility.core.ConditionAwaiter$ConditionPoller.call(ConditionAwaiter.java:235)
	at java.base/java.util.concurrent.FutureTask.run(FutureTask.java:317)
	at java.base/java.util.concurrent.ThreadPoolExecutor.runWorker(ThreadPoolExecutor.java:1144)
	at java.base/java.util.concurrent.ThreadPoolExecutor$Worker.run(ThreadPoolExecutor.java:642)
	at java.base/java.lang.Thread.run(Thread.java:1583)
19:20:56.304 [kafka-producer-network-thread | producer-1] INFO  o.apache.kafka.clients.NetworkClient - [Producer clientId=producer-1] Node -1 disconnected.
19:20:56.305 [kafka-producer-network-thread | producer-1] WARN  o.apache.kafka.clients.NetworkClient - [Producer clientId=producer-1] Connection to node -1 (localhost/127.0.0.1:9092) could not be established. Broker may not be available.
19:20:56.305 [kafka-producer-network-thread | producer-1] WARN  o.apache.kafka.clients.NetworkClient - [Producer clientId=producer-1] Bootstrap broker localhost:9092 (id: -1 rack: null) disconnected
19:20:57.198 [kafka-producer-network-thread | producer-1] INFO  o.apache.kafka.clients.NetworkClient - [Producer clientId=producer-1] Node -1 disconnected.
19:20:57.199 [kafka-producer-network-thread | producer-1] WARN  o.apache.kafka.clients.NetworkClient - [Producer clientId=producer-1] Connection to node -1 (localhost/127.0.0.1:9092) could not be established. Broker may not be available.
19:20:57.199 [kafka-producer-network-thread | producer-1] WARN  o.apache.kafka.clients.NetworkClient - [Producer clientId=producer-1] Bootstrap broker localhost:9092 (id: -1 rack: null) disconnected
19:20:57.531 [awaitility-thread] WARN  steps.GenericSteps - Retry attempt failed
org.openqa.selenium.WebDriverException: unknown error: net::ERR_NAME_NOT_RESOLVED
  (Session info: chrome=134.0.6998.89)
Build info: version: '4.18.1', revision: 'b1d3319b48'
System info: os.name: 'Windows 11', os.arch: 'amd64', os.version: '10.0', java.version: '21.0.4'
Driver info: org.openqa.selenium.chrome.ChromeDriver
Command: [26bbba4981b25ea4d40e98d87c3c2649, get {url=https://dev.example.com/login}]
Capabilities {acceptInsecureCerts: false, browserName: chrome, browserVersion: 134.0.6998.89, chrome: {chromedriverVersion: 134.0.6998.88 (7e3d5c978c6d..., userDataDir: C:\Users\someo\AppData\Loca...}, fedcm:accounts: true, goog:chromeOptions: {debuggerAddress: localhost:60707}, networkConnectionEnabled: false, pageLoadStrategy: normal, platformName: windows, proxy: Proxy(), se:cdp: ws://localhost:60707/devtoo..., se:cdpVersion: 134.0.6998.89, setWindowRect: true, strictFileInteractability: false, timeouts: {implicit: 0, pageLoad: 300000, script: 30000}, unhandledPromptBehavior: dismiss and notify, webauthn:extension:credBlob: true, webauthn:extension:largeBlob: true, webauthn:extension:minPinLength: true, webauthn:extension:prf: true, webauthn:virtualAuthenticators: true}
Session ID: 26bbba4981b25ea4d40e98d87c3c2649
	at java.base/jdk.internal.reflect.DirectConstructorHandleAccessor.newInstance(DirectConstructorHandleAccessor.java:62)
	at java.base/java.lang.reflect.Constructor.newInstanceWithCaller(Constructor.java:502)
	at java.base/java.lang.reflect.Constructor.newInstance(Constructor.java:486)
	at org.openqa.selenium.remote.ErrorCodec.decode(ErrorCodec.java:167)
	at org.openqa.selenium.remote.codec.w3c.W3CHttpResponseCodec.decode(W3CHttpResponseCodec.java:138)
	at org.openqa.selenium.remote.codec.w3c.W3CHttpResponseCodec.decode(W3CHttpResponseCodec.java:50)
	at org.openqa.selenium.remote.HttpCommandExecutor.execute(HttpCommandExecutor.java:190)
	at org.openqa.selenium.remote.service.DriverCommandExecutor.invokeExecute(DriverCommandExecutor.java:216)
	at org.openqa.selenium.remote.service.DriverCommandExecutor.execute(DriverCommandExecutor.java:174)
	at org.openqa.selenium.remote.RemoteWebDriver.execute(RemoteWebDriver.java:519)
	at org.openqa.selenium.remote.RemoteWebDriver.get(RemoteWebDriver.java:301)
	at steps.GenericSteps.lambda$userIsOnPage$1(GenericSteps.java:138)
	at steps.GenericSteps.lambda$executeWithRetry$15(GenericSteps.java:527)
	at org.awaitility.core.CallableCondition$ConditionEvaluationWrapper.eval(CallableCondition.java:99)
	at org.awaitility.core.ConditionAwaiter$ConditionPoller.call(ConditionAwaiter.java:248)
	at org.awaitility.core.ConditionAwaiter$ConditionPoller.call(ConditionAwaiter.java:235)
	at java.base/java.util.concurrent.FutureTask.run(FutureTask.java:317)
	at java.base/java.util.concurrent.ThreadPoolExecutor.runWorker(ThreadPoolExecutor.java:1144)
	at java.base/java.util.concurrent.ThreadPoolExecutor$Worker.run(ThreadPoolExecutor.java:642)
	at java.base/java.lang.Thread.run(Thread.java:1583)
19:20:58.402 [kafka-producer-network-thread | producer-1] INFO  o.apache.kafka.clients.NetworkClient - [Producer clientId=producer-1] Node -1 disconnected.
19:20:58.402 [kafka-producer-network-thread | producer-1] WARN  o.apache.kafka.clients.NetworkClient - [Producer clientId=producer-1] Connection to node -1 (localhost/127.0.0.1:9092) could not be established. Broker may not be available.
19:20:58.402 [kafka-producer-network-thread | producer-1] WARN  o.apache.kafka.clients.NetworkClient - [Producer clientId=producer-1] Bootstrap broker localhost:9092 (id: -1 rack: null) disconnected
19:20:59.482 [kafka-producer-network-thread | producer-1] INFO  o.apache.kafka.clients.NetworkClient - [Producer clientId=producer-1] Node -1 disconnected.
19:20:59.482 [kafka-producer-network-thread | producer-1] WARN  o.apache.kafka.clients.NetworkClient - [Producer clientId=producer-1] Connection to node -1 (localhost/127.0.0.1:9092) could not be established. Broker may not be available.
19:20:59.482 [kafka-producer-network-thread | producer-1] WARN  o.apache.kafka.clients.NetworkClient - [Producer clientId=producer-1] Bootstrap broker localhost:9092 (id: -1 rack: null) disconnected
19:20:59.630 [awaitility-thread] WARN  steps.GenericSteps - Retry attempt failed
org.openqa.selenium.WebDriverException: unknown error: net::ERR_NAME_NOT_RESOLVED
  (Session info: chrome=134.0.6998.89)
Build info: version: '4.18.1', revision: 'b1d3319b48'
System info: os.name: 'Windows 11', os.arch: 'amd64', os.version: '10.0', java.version: '21.0.4'
Driver info: org.openqa.selenium.chrome.ChromeDriver
Command: [26bbba4981b25ea4d40e98d87c3c2649, get {url=https://dev.example.com/login}]
Capabilities {acceptInsecureCerts: false, browserName: chrome, browserVersion: 134.0.6998.89, chrome: {chromedriverVersion: 134.0.6998.88 (7e3d5c978c6d..., userDataDir: C:\Users\someo\AppData\Loca...}, fedcm:accounts: true, goog:chromeOptions: {debuggerAddress: localhost:60707}, networkConnectionEnabled: false, pageLoadStrategy: normal, platformName: windows, proxy: Proxy(), se:cdp: ws://localhost:60707/devtoo..., se:cdpVersion: 134.0.6998.89, setWindowRect: true, strictFileInteractability: false, timeouts: {implicit: 0, pageLoad: 300000, script: 30000}, unhandledPromptBehavior: dismiss and notify, webauthn:extension:credBlob: true, webauthn:extension:largeBlob: true, webauthn:extension:minPinLength: true, webauthn:extension:prf: true, webauthn:virtualAuthenticators: true}
Session ID: 26bbba4981b25ea4d40e98d87c3c2649
	at java.base/jdk.internal.reflect.DirectConstructorHandleAccessor.newInstance(DirectConstructorHandleAccessor.java:62)
	at java.base/java.lang.reflect.Constructor.newInstanceWithCaller(Constructor.java:502)
	at java.base/java.lang.reflect.Constructor.newInstance(Constructor.java:486)
	at org.openqa.selenium.remote.ErrorCodec.decode(ErrorCodec.java:167)
	at org.openqa.selenium.remote.codec.w3c.W3CHttpResponseCodec.decode(W3CHttpResponseCodec.java:138)
	at org.openqa.selenium.remote.codec.w3c.W3CHttpResponseCodec.decode(W3CHttpResponseCodec.java:50)
	at org.openqa.selenium.remote.HttpCommandExecutor.execute(HttpCommandExecutor.java:190)
	at org.openqa.selenium.remote.service.DriverCommandExecutor.invokeExecute(DriverCommandExecutor.java:216)
	at org.openqa.selenium.remote.service.DriverCommandExecutor.execute(DriverCommandExecutor.java:174)
	at org.openqa.selenium.remote.RemoteWebDriver.execute(RemoteWebDriver.java:519)
	at org.openqa.selenium.remote.RemoteWebDriver.get(RemoteWebDriver.java:301)
	at steps.GenericSteps.lambda$userIsOnPage$1(GenericSteps.java:138)
	at steps.GenericSteps.lambda$executeWithRetry$15(GenericSteps.java:527)
	at org.awaitility.core.CallableCondition$ConditionEvaluationWrapper.eval(CallableCondition.java:99)
	at org.awaitility.core.ConditionAwaiter$ConditionPoller.call(ConditionAwaiter.java:248)
	at org.awaitility.core.ConditionAwaiter$ConditionPoller.call(ConditionAwaiter.java:235)
	at java.base/java.util.concurrent.FutureTask.run(FutureTask.java:317)
	at java.base/java.util.concurrent.ThreadPoolExecutor.runWorker(ThreadPoolExecutor.java:1144)
	at java.base/java.util.concurrent.ThreadPoolExecutor$Worker.run(ThreadPoolExecutor.java:642)
	at java.base/java.lang.Thread.run(Thread.java:1583)
19:21:00.623 [kafka-producer-network-thread | producer-1] INFO  o.apache.kafka.clients.NetworkClient - [Producer clientId=producer-1] Node -1 disconnected.
19:21:00.624 [kafka-producer-network-thread | producer-1] WARN  o.apache.kafka.clients.NetworkClient - [Producer clientId=producer-1] Connection to node -1 (localhost/127.0.0.1:9092) could not be established. Broker may not be available.
19:21:00.624 [kafka-producer-network-thread | producer-1] WARN  o.apache.kafka.clients.NetworkClient - [Producer clientId=producer-1] Bootstrap broker localhost:9092 (id: -1 rack: null) disconnected
19:21:01.513 [kafka-producer-network-thread | producer-1] INFO  o.apache.kafka.clients.NetworkClient - [Producer clientId=producer-1] Node -1 disconnected.
19:21:01.514 [kafka-producer-network-thread | producer-1] WARN  o.apache.kafka.clients.NetworkClient - [Producer clientId=producer-1] Connection to node -1 (localhost/127.0.0.1:9092) could not be established. Broker may not be available.
19:21:01.514 [kafka-producer-network-thread | producer-1] WARN  o.apache.kafka.clients.NetworkClient - [Producer clientId=producer-1] Bootstrap broker localhost:9092 (id: -1 rack: null) disconnected
  Given user is on the "login" page                            # steps.GenericSteps.userIsOnPage(java.lang.String)
      org.awaitility.core.ConditionTimeoutException: Condition steps.GenericSteps$$Lambda/0x000002032b3df410 was not fulfilled within 9 seconds.
	at org.awaitility.core.ConditionAwaiter.await(ConditionAwaiter.java:167)
	at org.awaitility.core.CallableCondition.await(CallableCondition.java:78)
	at org.awaitility.core.CallableCondition.await(CallableCondition.java:26)
	at org.awaitility.core.ConditionFactory.until(ConditionFactory.java:985)
	at org.awaitility.core.ConditionFactory.until(ConditionFactory.java:954)
	at steps.GenericSteps.executeWithRetry(GenericSteps.java:525)
	at steps.GenericSteps.userIsOnPage(GenericSteps.java:136)
	at ✽.user is on the "login" page(file:///C:/Development/Sources/selenium-cucumber-test/src/test/resources/features/GenericTests.feature:4)

  When user executes test "user_journey"                       # steps.GenericSteps.userExecutesTest(java.lang.String)
  Then results match expected outcomes for test "user_journey" # steps.GenericSteps.resultsMatchExpected(java.lang.String)

    Embedding failure-screenshot [image/png 43413 bytes]

19:21:01.760 [pool-2-thread-1] ERROR steps.GenericSteps - Scenario failed, screenshot attached
19:21:02.407 [kafka-producer-network-thread | producer-1] INFO  o.apache.kafka.clients.NetworkClient - [Producer clientId=producer-1] Node -1 disconnected.
19:21:02.408 [kafka-producer-network-thread | producer-1] WARN  o.apache.kafka.clients.NetworkClient - [Producer clientId=producer-1] Connection to node -1 (localhost/127.0.0.1:9092) could not be established. Broker may not be available.
19:21:02.408 [kafka-producer-network-thread | producer-1] WARN  o.apache.kafka.clients.NetworkClient - [Producer clientId=producer-1] Bootstrap broker localhost:9092 (id: -1 rack: null) disconnected
19:21:03.332 [pool-2-thread-1] INFO  o.a.k.clients.producer.KafkaProducer - [Producer clientId=producer-1] Closing the Kafka producer with timeoutMillis = 9223372036854775807 ms.
19:21:03.334 [pool-2-thread-1] INFO  o.a.kafka.common.metrics.Metrics - Metrics scheduler closed
19:21:03.334 [pool-2-thread-1] INFO  o.a.kafka.common.metrics.Metrics - Closing reporter org.apache.kafka.common.metrics.JmxReporter
19:21:03.334 [pool-2-thread-1] INFO  o.a.kafka.common.metrics.Metrics - Metrics reporters closed
19:21:03.335 [pool-2-thread-1] INFO  o.a.kafka.common.utils.AppInfoParser - App info kafka.producer for producer-1 unregistered
19:21:03.336 [pool-2-thread-1] INFO  o.a.k.c.c.i.ConsumerCoordinator - [Consumer clientId=consumer-test-group-1, groupId=test-group] Resetting generation and member id due to: consumer pro-actively leaving the group
19:21:03.336 [pool-2-thread-1] INFO  o.a.k.c.c.i.ConsumerCoordinator - [Consumer clientId=consumer-test-group-1, groupId=test-group] Request joining group due to: consumer pro-actively leaving the group
19:21:03.337 [pool-2-thread-1] INFO  o.a.kafka.common.metrics.Metrics - Metrics scheduler closed
19:21:03.338 [pool-2-thread-1] INFO  o.a.kafka.common.metrics.Metrics - Closing reporter org.apache.kafka.common.metrics.JmxReporter
19:21:03.338 [pool-2-thread-1] INFO  o.a.kafka.common.metrics.Metrics - Metrics reporters closed
19:21:03.338 [pool-2-thread-1] INFO  o.a.kafka.common.utils.AppInfoParser - App info kafka.consumer for consumer-test-group-1 unregistered
]]></system-out>
    <system-err><![CDATA[Mar 17, 2025 7:20:50 PM org.openqa.selenium.devtools.CdpVersionFinder findNearestMatch
WARNING: Unable to find CDP implementation matching 134
Mar 17, 2025 7:20:50 PM org.openqa.selenium.chromium.ChromiumDriver lambda$new$5
WARNING: Unable to find version of CDP to use for 134.0.6998.89. You may need to include a dependency on a specific version of the CDP using something similar to `org.seleniumhq.selenium:selenium-devtools-v86:4.18.1` where the version ("v86") matches the version of the chromium-based browser you're using and the version number of the artifact is the same as Selenium's.
]]></system-err>
  </testcase>
  <testcase name="Execute various test scenarios #2" classname="Generic Application Testing" time="13.366">
    <error message="Condition steps.GenericSteps$$Lambda/0x000002032b3df410 was not fulfilled within 9 seconds." type="org.awaitility.core.ConditionTimeoutException"><![CDATA[org.awaitility.core.ConditionTimeoutException: Condition steps.GenericSteps$$Lambda/0x000002032b3df410 was not fulfilled within 9 seconds.
]]></error>
    <system-out><![CDATA[
Scenario Outline: Execute various test scenarios                    # src/test/resources/features/GenericTests.feature:11
19:21:03.348 [pool-2-thread-1] INFO  i.g.bonigarcia.wdm.WebDriverManager - Using chromedriver 134.0.6998.88 (resolved driver for Chrome 134)
19:21:03.350 [pool-2-thread-1] INFO  i.g.bonigarcia.wdm.WebDriverManager - Exporting webdriver.chrome.driver as C:\Users\someo\.cache\selenium\chromedriver\win64\134.0.6998.88\chromedriver.exe
19:21:04.488 [pool-2-thread-1] INFO  o.a.k.c.producer.ProducerConfig - ProducerConfig values: 
	acks = -1
	auto.include.jmx.reporter = true
	batch.size = 16384
	bootstrap.servers = [localhost:9092]
	buffer.memory = 33554432
	client.dns.lookup = use_all_dns_ips
	client.id = producer-2
	compression.type = none
	connections.max.idle.ms = 540000
	delivery.timeout.ms = 120000
	enable.idempotence = true
	interceptor.classes = []
	key.serializer = class org.apache.kafka.common.serialization.StringSerializer
	linger.ms = 0
	max.block.ms = 60000
	max.in.flight.requests.per.connection = 5
	max.request.size = 1048576
	metadata.max.age.ms = 300000
	metadata.max.idle.ms = 300000
	metric.reporters = []
	metrics.num.samples = 2
	metrics.recording.level = INFO
	metrics.sample.window.ms = 30000
	partitioner.adaptive.partitioning.enable = true
	partitioner.availability.timeout.ms = 0
	partitioner.class = null
	partitioner.ignore.keys = false
	receive.buffer.bytes = 32768
	reconnect.backoff.max.ms = 1000
	reconnect.backoff.ms = 50
	request.timeout.ms = 30000
	retries = 2147483647
	retry.backoff.ms = 100
	sasl.client.callback.handler.class = null
	sasl.jaas.config = null
	sasl.kerberos.kinit.cmd = /usr/bin/kinit
	sasl.kerberos.min.time.before.relogin = 60000
	sasl.kerberos.service.name = null
	sasl.kerberos.ticket.renew.jitter = 0.05
	sasl.kerberos.ticket.renew.window.factor = 0.8
	sasl.login.callback.handler.class = null
	sasl.login.class = null
	sasl.login.connect.timeout.ms = null
	sasl.login.read.timeout.ms = null
	sasl.login.refresh.buffer.seconds = 300
	sasl.login.refresh.min.period.seconds = 60
	sasl.login.refresh.window.factor = 0.8
	sasl.login.refresh.window.jitter = 0.05
	sasl.login.retry.backoff.max.ms = 10000
	sasl.login.retry.backoff.ms = 100
	sasl.mechanism = GSSAPI
	sasl.oauthbearer.clock.skew.seconds = 30
	sasl.oauthbearer.expected.audience = null
	sasl.oauthbearer.expected.issuer = null
	sasl.oauthbearer.jwks.endpoint.refresh.ms = 3600000
	sasl.oauthbearer.jwks.endpoint.retry.backoff.max.ms = 10000
	sasl.oauthbearer.jwks.endpoint.retry.backoff.ms = 100
	sasl.oauthbearer.jwks.endpoint.url = null
	sasl.oauthbearer.scope.claim.name = scope
	sasl.oauthbearer.sub.claim.name = sub
	sasl.oauthbearer.token.endpoint.url = null
	security.protocol = PLAINTEXT
	security.providers = null
	send.buffer.bytes = 131072
	socket.connection.setup.timeout.max.ms = 30000
	socket.connection.setup.timeout.ms = 10000
	ssl.cipher.suites = null
	ssl.enabled.protocols = [TLSv1.2, TLSv1.3]
	ssl.endpoint.identification.algorithm = https
	ssl.engine.factory.class = null
	ssl.key.password = null
	ssl.keymanager.algorithm = SunX509
	ssl.keystore.certificate.chain = null
	ssl.keystore.key = null
	ssl.keystore.location = null
	ssl.keystore.password = null
	ssl.keystore.type = JKS
	ssl.protocol = TLSv1.3
	ssl.provider = null
	ssl.secure.random.implementation = null
	ssl.trustmanager.algorithm = PKIX
	ssl.truststore.certificates = null
	ssl.truststore.location = null
	ssl.truststore.password = null
	ssl.truststore.type = JKS
	transaction.timeout.ms = 60000
	transactional.id = null
	value.serializer = class org.apache.kafka.common.serialization.StringSerializer

19:21:04.489 [pool-2-thread-1] INFO  o.a.k.clients.producer.KafkaProducer - [Producer clientId=producer-2] Instantiated an idempotent producer.
19:21:04.491 [pool-2-thread-1] INFO  o.a.kafka.common.utils.AppInfoParser - Kafka version: 3.6.0
19:21:04.491 [pool-2-thread-1] INFO  o.a.kafka.common.utils.AppInfoParser - Kafka commitId: 60e845626d8a465a
19:21:04.491 [pool-2-thread-1] INFO  o.a.kafka.common.utils.AppInfoParser - Kafka startTimeMs: 1742232064491
19:21:04.491 [pool-2-thread-1] INFO  o.a.k.c.consumer.ConsumerConfig - ConsumerConfig values: 
	allow.auto.create.topics = true
	auto.commit.interval.ms = 5000
	auto.include.jmx.reporter = true
	auto.offset.reset = latest
	bootstrap.servers = [localhost:9092]
	check.crcs = true
	client.dns.lookup = use_all_dns_ips
	client.id = consumer-test-group-2
	client.rack = 
	connections.max.idle.ms = 540000
	default.api.timeout.ms = 60000
	enable.auto.commit = true
	exclude.internal.topics = true
	fetch.max.bytes = 52428800
	fetch.max.wait.ms = 500
	fetch.min.bytes = 1
	group.id = test-group
	group.instance.id = null
	heartbeat.interval.ms = 3000
	interceptor.classes = []
	internal.leave.group.on.close = true
	internal.throw.on.fetch.stable.offset.unsupported = false
	isolation.level = read_uncommitted
	key.deserializer = class org.apache.kafka.common.serialization.StringDeserializer
	max.partition.fetch.bytes = 1048576
	max.poll.interval.ms = 300000
	max.poll.records = 500
	metadata.max.age.ms = 300000
	metric.reporters = []
	metrics.num.samples = 2
	metrics.recording.level = INFO
	metrics.sample.window.ms = 30000
	partition.assignment.strategy = [class org.apache.kafka.clients.consumer.RangeAssignor, class org.apache.kafka.clients.consumer.CooperativeStickyAssignor]
	receive.buffer.bytes = 65536
	reconnect.backoff.max.ms = 1000
	reconnect.backoff.ms = 50
	request.timeout.ms = 30000
	retry.backoff.ms = 100
	sasl.client.callback.handler.class = null
	sasl.jaas.config = null
	sasl.kerberos.kinit.cmd = /usr/bin/kinit
	sasl.kerberos.min.time.before.relogin = 60000
	sasl.kerberos.service.name = null
	sasl.kerberos.ticket.renew.jitter = 0.05
	sasl.kerberos.ticket.renew.window.factor = 0.8
	sasl.login.callback.handler.class = null
	sasl.login.class = null
	sasl.login.connect.timeout.ms = null
	sasl.login.read.timeout.ms = null
	sasl.login.refresh.buffer.seconds = 300
	sasl.login.refresh.min.period.seconds = 60
	sasl.login.refresh.window.factor = 0.8
	sasl.login.refresh.window.jitter = 0.05
	sasl.login.retry.backoff.max.ms = 10000
	sasl.login.retry.backoff.ms = 100
	sasl.mechanism = GSSAPI
	sasl.oauthbearer.clock.skew.seconds = 30
	sasl.oauthbearer.expected.audience = null
	sasl.oauthbearer.expected.issuer = null
	sasl.oauthbearer.jwks.endpoint.refresh.ms = 3600000
	sasl.oauthbearer.jwks.endpoint.retry.backoff.max.ms = 10000
	sasl.oauthbearer.jwks.endpoint.retry.backoff.ms = 100
	sasl.oauthbearer.jwks.endpoint.url = null
	sasl.oauthbearer.scope.claim.name = scope
	sasl.oauthbearer.sub.claim.name = sub
	sasl.oauthbearer.token.endpoint.url = null
	security.protocol = PLAINTEXT
	security.providers = null
	send.buffer.bytes = 131072
	session.timeout.ms = 45000
	socket.connection.setup.timeout.max.ms = 30000
	socket.connection.setup.timeout.ms = 10000
	ssl.cipher.suites = null
	ssl.enabled.protocols = [TLSv1.2, TLSv1.3]
	ssl.endpoint.identification.algorithm = https
	ssl.engine.factory.class = null
	ssl.key.password = null
	ssl.keymanager.algorithm = SunX509
	ssl.keystore.certificate.chain = null
	ssl.keystore.key = null
	ssl.keystore.location = null
	ssl.keystore.password = null
	ssl.keystore.type = JKS
	ssl.protocol = TLSv1.3
	ssl.provider = null
	ssl.secure.random.implementation = null
	ssl.trustmanager.algorithm = PKIX
	ssl.truststore.certificates = null
	ssl.truststore.location = null
	ssl.truststore.password = null
	ssl.truststore.type = JKS
	value.deserializer = class org.apache.kafka.common.serialization.StringDeserializer

19:21:04.492 [kafka-producer-network-thread | producer-2] INFO  o.apache.kafka.clients.NetworkClient - [Producer clientId=producer-2] Node -1 disconnected.
19:21:04.492 [kafka-producer-network-thread | producer-2] WARN  o.apache.kafka.clients.NetworkClient - [Producer clientId=producer-2] Connection to node -1 (localhost/127.0.0.1:9092) could not be established. Broker may not be available.
19:21:04.492 [kafka-producer-network-thread | producer-2] WARN  o.apache.kafka.clients.NetworkClient - [Producer clientId=producer-2] Bootstrap broker localhost:9092 (id: -1 rack: null) disconnected
19:21:04.494 [pool-2-thread-1] INFO  o.a.kafka.common.utils.AppInfoParser - Kafka version: 3.6.0
19:21:04.494 [pool-2-thread-1] INFO  o.a.kafka.common.utils.AppInfoParser - Kafka commitId: 60e845626d8a465a
19:21:04.494 [pool-2-thread-1] INFO  o.a.kafka.common.utils.AppInfoParser - Kafka startTimeMs: 1742232064494
19:21:04.494 [pool-2-thread-1] INFO  steps.GenericSteps - Starting scenario: Execute various test scenarios
19:21:04.605 [kafka-producer-network-thread | producer-2] INFO  o.apache.kafka.clients.NetworkClient - [Producer clientId=producer-2] Node -1 disconnected.
19:21:04.605 [kafka-producer-network-thread | producer-2] WARN  o.apache.kafka.clients.NetworkClient - [Producer clientId=producer-2] Connection to node -1 (localhost/127.0.0.1:9092) could not be established. Broker may not be available.
19:21:04.605 [kafka-producer-network-thread | producer-2] WARN  o.apache.kafka.clients.NetworkClient - [Producer clientId=producer-2] Bootstrap broker localhost:9092 (id: -1 rack: null) disconnected
19:21:04.711 [kafka-producer-network-thread | producer-2] INFO  o.apache.kafka.clients.NetworkClient - [Producer clientId=producer-2] Node -1 disconnected.
19:21:04.711 [kafka-producer-network-thread | producer-2] WARN  o.apache.kafka.clients.NetworkClient - [Producer clientId=producer-2] Connection to node -1 (localhost/127.0.0.1:9092) could not be established. Broker may not be available.
19:21:04.711 [kafka-producer-network-thread | producer-2] WARN  o.apache.kafka.clients.NetworkClient - [Producer clientId=producer-2] Bootstrap broker localhost:9092 (id: -1 rack: null) disconnected
19:21:04.940 [kafka-producer-network-thread | producer-2] INFO  o.apache.kafka.clients.NetworkClient - [Producer clientId=producer-2] Node -1 disconnected.
19:21:04.940 [kafka-producer-network-thread | producer-2] WARN  o.apache.kafka.clients.NetworkClient - [Producer clientId=producer-2] Connection to node -1 (localhost/127.0.0.1:9092) could not be established. Broker may not be available.
19:21:04.940 [kafka-producer-network-thread | producer-2] WARN  o.apache.kafka.clients.NetworkClient - [Producer clientId=producer-2] Bootstrap broker localhost:9092 (id: -1 rack: null) disconnected
19:21:05.285 [kafka-producer-network-thread | producer-2] INFO  o.apache.kafka.clients.NetworkClient - [Producer clientId=producer-2] Node -1 disconnected.
19:21:05.285 [kafka-producer-network-thread | producer-2] WARN  o.apache.kafka.clients.NetworkClient - [Producer clientId=producer-2] Connection to node -1 (localhost/127.0.0.1:9092) could not be established. Broker may not be available.
19:21:05.285 [kafka-producer-network-thread | producer-2] WARN  o.apache.kafka.clients.NetworkClient - [Producer clientId=producer-2] Bootstrap broker localhost:9092 (id: -1 rack: null) disconnected
19:21:06.117 [kafka-producer-network-thread | producer-2] INFO  o.apache.kafka.clients.NetworkClient - [Producer clientId=producer-2] Node -1 disconnected.
19:21:06.118 [kafka-producer-network-thread | producer-2] WARN  o.apache.kafka.clients.NetworkClient - [Producer clientId=producer-2] Connection to node -1 (localhost/127.0.0.1:9092) could not be established. Broker may not be available.
19:21:06.118 [kafka-producer-network-thread | producer-2] WARN  o.apache.kafka.clients.NetworkClient - [Producer clientId=producer-2] Bootstrap broker localhost:9092 (id: -1 rack: null) disconnected
19:21:06.610 [awaitility-thread] WARN  steps.GenericSteps - Retry attempt failed
org.openqa.selenium.WebDriverException: unknown error: net::ERR_NAME_NOT_RESOLVED
  (Session info: chrome=134.0.6998.89)
Build info: version: '4.18.1', revision: 'b1d3319b48'
System info: os.name: 'Windows 11', os.arch: 'amd64', os.version: '10.0', java.version: '21.0.4'
Driver info: org.openqa.selenium.chrome.ChromeDriver
Command: [7e3d0c70503ebee21c9440720ee6467d, get {url=https://dev.example.com/login}]
Capabilities {acceptInsecureCerts: false, browserName: chrome, browserVersion: 134.0.6998.89, chrome: {chromedriverVersion: 134.0.6998.88 (7e3d5c978c6d..., userDataDir: C:\Users\someo\AppData\Loca...}, fedcm:accounts: true, goog:chromeOptions: {debuggerAddress: localhost:60777}, networkConnectionEnabled: false, pageLoadStrategy: normal, platformName: windows, proxy: Proxy(), se:cdp: ws://localhost:60777/devtoo..., se:cdpVersion: 134.0.6998.89, setWindowRect: true, strictFileInteractability: false, timeouts: {implicit: 0, pageLoad: 300000, script: 30000}, unhandledPromptBehavior: dismiss and notify, webauthn:extension:credBlob: true, webauthn:extension:largeBlob: true, webauthn:extension:minPinLength: true, webauthn:extension:prf: true, webauthn:virtualAuthenticators: true}
Session ID: 7e3d0c70503ebee21c9440720ee6467d
	at java.base/jdk.internal.reflect.DirectConstructorHandleAccessor.newInstance(DirectConstructorHandleAccessor.java:62)
	at java.base/java.lang.reflect.Constructor.newInstanceWithCaller(Constructor.java:502)
	at java.base/java.lang.reflect.Constructor.newInstance(Constructor.java:486)
	at org.openqa.selenium.remote.ErrorCodec.decode(ErrorCodec.java:167)
	at org.openqa.selenium.remote.codec.w3c.W3CHttpResponseCodec.decode(W3CHttpResponseCodec.java:138)
	at org.openqa.selenium.remote.codec.w3c.W3CHttpResponseCodec.decode(W3CHttpResponseCodec.java:50)
	at org.openqa.selenium.remote.HttpCommandExecutor.execute(HttpCommandExecutor.java:190)
	at org.openqa.selenium.remote.service.DriverCommandExecutor.invokeExecute(DriverCommandExecutor.java:216)
	at org.openqa.selenium.remote.service.DriverCommandExecutor.execute(DriverCommandExecutor.java:174)
	at org.openqa.selenium.remote.RemoteWebDriver.execute(RemoteWebDriver.java:519)
	at org.openqa.selenium.remote.RemoteWebDriver.get(RemoteWebDriver.java:301)
	at steps.GenericSteps.lambda$userIsOnPage$1(GenericSteps.java:138)
	at steps.GenericSteps.lambda$executeWithRetry$15(GenericSteps.java:527)
	at org.awaitility.core.CallableCondition$ConditionEvaluationWrapper.eval(CallableCondition.java:99)
	at org.awaitility.core.ConditionAwaiter$ConditionPoller.call(ConditionAwaiter.java:248)
	at org.awaitility.core.ConditionAwaiter$ConditionPoller.call(ConditionAwaiter.java:235)
	at java.base/java.util.concurrent.FutureTask.run(FutureTask.java:317)
	at java.base/java.util.concurrent.ThreadPoolExecutor.runWorker(ThreadPoolExecutor.java:1144)
	at java.base/java.util.concurrent.ThreadPoolExecutor$Worker.run(ThreadPoolExecutor.java:642)
	at java.base/java.lang.Thread.run(Thread.java:1583)
19:21:07.258 [kafka-producer-network-thread | producer-2] INFO  o.apache.kafka.clients.NetworkClient - [Producer clientId=producer-2] Node -1 disconnected.
19:21:07.258 [kafka-producer-network-thread | producer-2] WARN  o.apache.kafka.clients.NetworkClient - [Producer clientId=producer-2] Connection to node -1 (localhost/127.0.0.1:9092) could not be established. Broker may not be available.
19:21:07.258 [kafka-producer-network-thread | producer-2] WARN  o.apache.kafka.clients.NetworkClient - [Producer clientId=producer-2] Bootstrap broker localhost:9092 (id: -1 rack: null) disconnected
19:21:08.396 [kafka-producer-network-thread | producer-2] INFO  o.apache.kafka.clients.NetworkClient - [Producer clientId=producer-2] Node -1 disconnected.
19:21:08.397 [kafka-producer-network-thread | producer-2] WARN  o.apache.kafka.clients.NetworkClient - [Producer clientId=producer-2] Connection to node -1 (localhost/127.0.0.1:9092) could not be established. Broker may not be available.
19:21:08.397 [kafka-producer-network-thread | producer-2] WARN  o.apache.kafka.clients.NetworkClient - [Producer clientId=producer-2] Bootstrap broker localhost:9092 (id: -1 rack: null) disconnected
19:21:08.703 [awaitility-thread] WARN  steps.GenericSteps - Retry attempt failed
org.openqa.selenium.WebDriverException: unknown error: net::ERR_NAME_NOT_RESOLVED
  (Session info: chrome=134.0.6998.89)
Build info: version: '4.18.1', revision: 'b1d3319b48'
System info: os.name: 'Windows 11', os.arch: 'amd64', os.version: '10.0', java.version: '21.0.4'
Driver info: org.openqa.selenium.chrome.ChromeDriver
Command: [7e3d0c70503ebee21c9440720ee6467d, get {url=https://dev.example.com/login}]
Capabilities {acceptInsecureCerts: false, browserName: chrome, browserVersion: 134.0.6998.89, chrome: {chromedriverVersion: 134.0.6998.88 (7e3d5c978c6d..., userDataDir: C:\Users\someo\AppData\Loca...}, fedcm:accounts: true, goog:chromeOptions: {debuggerAddress: localhost:60777}, networkConnectionEnabled: false, pageLoadStrategy: normal, platformName: windows, proxy: Proxy(), se:cdp: ws://localhost:60777/devtoo..., se:cdpVersion: 134.0.6998.89, setWindowRect: true, strictFileInteractability: false, timeouts: {implicit: 0, pageLoad: 300000, script: 30000}, unhandledPromptBehavior: dismiss and notify, webauthn:extension:credBlob: true, webauthn:extension:largeBlob: true, webauthn:extension:minPinLength: true, webauthn:extension:prf: true, webauthn:virtualAuthenticators: true}
Session ID: 7e3d0c70503ebee21c9440720ee6467d
	at java.base/jdk.internal.reflect.DirectConstructorHandleAccessor.newInstance(DirectConstructorHandleAccessor.java:62)
	at java.base/java.lang.reflect.Constructor.newInstanceWithCaller(Constructor.java:502)
	at java.base/java.lang.reflect.Constructor.newInstance(Constructor.java:486)
	at org.openqa.selenium.remote.ErrorCodec.decode(ErrorCodec.java:167)
	at org.openqa.selenium.remote.codec.w3c.W3CHttpResponseCodec.decode(W3CHttpResponseCodec.java:138)
	at org.openqa.selenium.remote.codec.w3c.W3CHttpResponseCodec.decode(W3CHttpResponseCodec.java:50)
	at org.openqa.selenium.remote.HttpCommandExecutor.execute(HttpCommandExecutor.java:190)
	at org.openqa.selenium.remote.service.DriverCommandExecutor.invokeExecute(DriverCommandExecutor.java:216)
	at org.openqa.selenium.remote.service.DriverCommandExecutor.execute(DriverCommandExecutor.java:174)
	at org.openqa.selenium.remote.RemoteWebDriver.execute(RemoteWebDriver.java:519)
	at org.openqa.selenium.remote.RemoteWebDriver.get(RemoteWebDriver.java:301)
	at steps.GenericSteps.lambda$userIsOnPage$1(GenericSteps.java:138)
	at steps.GenericSteps.lambda$executeWithRetry$15(GenericSteps.java:527)
	at org.awaitility.core.CallableCondition$ConditionEvaluationWrapper.eval(CallableCondition.java:99)
	at org.awaitility.core.ConditionAwaiter$ConditionPoller.call(ConditionAwaiter.java:248)
	at org.awaitility.core.ConditionAwaiter$ConditionPoller.call(ConditionAwaiter.java:235)
	at java.base/java.util.concurrent.FutureTask.run(FutureTask.java:317)
	at java.base/java.util.concurrent.ThreadPoolExecutor.runWorker(ThreadPoolExecutor.java:1144)
	at java.base/java.util.concurrent.ThreadPoolExecutor$Worker.run(ThreadPoolExecutor.java:642)
	at java.base/java.lang.Thread.run(Thread.java:1583)
19:21:09.595 [kafka-producer-network-thread | producer-2] INFO  o.apache.kafka.clients.NetworkClient - [Producer clientId=producer-2] Node -1 disconnected.
19:21:09.595 [kafka-producer-network-thread | producer-2] WARN  o.apache.kafka.clients.NetworkClient - [Producer clientId=producer-2] Connection to node -1 (localhost/127.0.0.1:9092) could not be established. Broker may not be available.
19:21:09.595 [kafka-producer-network-thread | producer-2] WARN  o.apache.kafka.clients.NetworkClient - [Producer clientId=producer-2] Bootstrap broker localhost:9092 (id: -1 rack: null) disconnected
19:21:10.492 [kafka-producer-network-thread | producer-2] INFO  o.apache.kafka.clients.NetworkClient - [Producer clientId=producer-2] Node -1 disconnected.
19:21:10.492 [kafka-producer-network-thread | producer-2] WARN  o.apache.kafka.clients.NetworkClient - [Producer clientId=producer-2] Connection to node -1 (localhost/127.0.0.1:9092) could not be established. Broker may not be available.
19:21:10.492 [kafka-producer-network-thread | producer-2] WARN  o.apache.kafka.clients.NetworkClient - [Producer clientId=producer-2] Bootstrap broker localhost:9092 (id: -1 rack: null) disconnected
19:21:10.773 [awaitility-thread] WARN  steps.GenericSteps - Retry attempt failed
org.openqa.selenium.WebDriverException: unknown error: net::ERR_NAME_NOT_RESOLVED
  (Session info: chrome=134.0.6998.89)
Build info: version: '4.18.1', revision: 'b1d3319b48'
System info: os.name: 'Windows 11', os.arch: 'amd64', os.version: '10.0', java.version: '21.0.4'
Driver info: org.openqa.selenium.chrome.ChromeDriver
Command: [7e3d0c70503ebee21c9440720ee6467d, get {url=https://dev.example.com/login}]
Capabilities {acceptInsecureCerts: false, browserName: chrome, browserVersion: 134.0.6998.89, chrome: {chromedriverVersion: 134.0.6998.88 (7e3d5c978c6d..., userDataDir: C:\Users\someo\AppData\Loca...}, fedcm:accounts: true, goog:chromeOptions: {debuggerAddress: localhost:60777}, networkConnectionEnabled: false, pageLoadStrategy: normal, platformName: windows, proxy: Proxy(), se:cdp: ws://localhost:60777/devtoo..., se:cdpVersion: 134.0.6998.89, setWindowRect: true, strictFileInteractability: false, timeouts: {implicit: 0, pageLoad: 300000, script: 30000}, unhandledPromptBehavior: dismiss and notify, webauthn:extension:credBlob: true, webauthn:extension:largeBlob: true, webauthn:extension:minPinLength: true, webauthn:extension:prf: true, webauthn:virtualAuthenticators: true}
Session ID: 7e3d0c70503ebee21c9440720ee6467d
	at java.base/jdk.internal.reflect.DirectConstructorHandleAccessor.newInstance(DirectConstructorHandleAccessor.java:62)
	at java.base/java.lang.reflect.Constructor.newInstanceWithCaller(Constructor.java:502)
	at java.base/java.lang.reflect.Constructor.newInstance(Constructor.java:486)
	at org.openqa.selenium.remote.ErrorCodec.decode(ErrorCodec.java:167)
	at org.openqa.selenium.remote.codec.w3c.W3CHttpResponseCodec.decode(W3CHttpResponseCodec.java:138)
	at org.openqa.selenium.remote.codec.w3c.W3CHttpResponseCodec.decode(W3CHttpResponseCodec.java:50)
	at org.openqa.selenium.remote.HttpCommandExecutor.execute(HttpCommandExecutor.java:190)
	at org.openqa.selenium.remote.service.DriverCommandExecutor.invokeExecute(DriverCommandExecutor.java:216)
	at org.openqa.selenium.remote.service.DriverCommandExecutor.execute(DriverCommandExecutor.java:174)
	at org.openqa.selenium.remote.RemoteWebDriver.execute(RemoteWebDriver.java:519)
	at org.openqa.selenium.remote.RemoteWebDriver.get(RemoteWebDriver.java:301)
	at steps.GenericSteps.lambda$userIsOnPage$1(GenericSteps.java:138)
	at steps.GenericSteps.lambda$executeWithRetry$15(GenericSteps.java:527)
	at org.awaitility.core.CallableCondition$ConditionEvaluationWrapper.eval(CallableCondition.java:99)
	at org.awaitility.core.ConditionAwaiter$ConditionPoller.call(ConditionAwaiter.java:248)
	at org.awaitility.core.ConditionAwaiter$ConditionPoller.call(ConditionAwaiter.java:235)
	at java.base/java.util.concurrent.FutureTask.run(FutureTask.java:317)
	at java.base/java.util.concurrent.ThreadPoolExecutor.runWorker(ThreadPoolExecutor.java:1144)
	at java.base/java.util.concurrent.ThreadPoolExecutor$Worker.run(ThreadPoolExecutor.java:642)
	at java.base/java.lang.Thread.run(Thread.java:1583)
19:21:11.510 [kafka-producer-network-thread | producer-2] INFO  o.apache.kafka.clients.NetworkClient - [Producer clientId=producer-2] Node -1 disconnected.
19:21:11.511 [kafka-producer-network-thread | producer-2] WARN  o.apache.kafka.clients.NetworkClient - [Producer clientId=producer-2] Connection to node -1 (localhost/127.0.0.1:9092) could not be established. Broker may not be available.
19:21:11.511 [kafka-producer-network-thread | producer-2] WARN  o.apache.kafka.clients.NetworkClient - [Producer clientId=producer-2] Bootstrap broker localhost:9092 (id: -1 rack: null) disconnected
19:21:12.649 [kafka-producer-network-thread | producer-2] INFO  o.apache.kafka.clients.NetworkClient - [Producer clientId=producer-2] Node -1 disconnected.
19:21:12.650 [kafka-producer-network-thread | producer-2] WARN  o.apache.kafka.clients.NetworkClient - [Producer clientId=producer-2] Connection to node -1 (localhost/127.0.0.1:9092) could not be established. Broker may not be available.
19:21:12.650 [kafka-producer-network-thread | producer-2] WARN  o.apache.kafka.clients.NetworkClient - [Producer clientId=producer-2] Bootstrap broker localhost:9092 (id: -1 rack: null) disconnected
19:21:12.867 [awaitility-thread] WARN  steps.GenericSteps - Retry attempt failed
org.openqa.selenium.WebDriverException: unknown error: net::ERR_NAME_NOT_RESOLVED
  (Session info: chrome=134.0.6998.89)
Build info: version: '4.18.1', revision: 'b1d3319b48'
System info: os.name: 'Windows 11', os.arch: 'amd64', os.version: '10.0', java.version: '21.0.4'
Driver info: org.openqa.selenium.chrome.ChromeDriver
Command: [7e3d0c70503ebee21c9440720ee6467d, get {url=https://dev.example.com/login}]
Capabilities {acceptInsecureCerts: false, browserName: chrome, browserVersion: 134.0.6998.89, chrome: {chromedriverVersion: 134.0.6998.88 (7e3d5c978c6d..., userDataDir: C:\Users\someo\AppData\Loca...}, fedcm:accounts: true, goog:chromeOptions: {debuggerAddress: localhost:60777}, networkConnectionEnabled: false, pageLoadStrategy: normal, platformName: windows, proxy: Proxy(), se:cdp: ws://localhost:60777/devtoo..., se:cdpVersion: 134.0.6998.89, setWindowRect: true, strictFileInteractability: false, timeouts: {implicit: 0, pageLoad: 300000, script: 30000}, unhandledPromptBehavior: dismiss and notify, webauthn:extension:credBlob: true, webauthn:extension:largeBlob: true, webauthn:extension:minPinLength: true, webauthn:extension:prf: true, webauthn:virtualAuthenticators: true}
Session ID: 7e3d0c70503ebee21c9440720ee6467d
	at java.base/jdk.internal.reflect.DirectConstructorHandleAccessor.newInstance(DirectConstructorHandleAccessor.java:62)
	at java.base/java.lang.reflect.Constructor.newInstanceWithCaller(Constructor.java:502)
	at java.base/java.lang.reflect.Constructor.newInstance(Constructor.java:486)
	at org.openqa.selenium.remote.ErrorCodec.decode(ErrorCodec.java:167)
	at org.openqa.selenium.remote.codec.w3c.W3CHttpResponseCodec.decode(W3CHttpResponseCodec.java:138)
	at org.openqa.selenium.remote.codec.w3c.W3CHttpResponseCodec.decode(W3CHttpResponseCodec.java:50)
	at org.openqa.selenium.remote.HttpCommandExecutor.execute(HttpCommandExecutor.java:190)
	at org.openqa.selenium.remote.service.DriverCommandExecutor.invokeExecute(DriverCommandExecutor.java:216)
	at org.openqa.selenium.remote.service.DriverCommandExecutor.execute(DriverCommandExecutor.java:174)
	at org.openqa.selenium.remote.RemoteWebDriver.execute(RemoteWebDriver.java:519)
	at org.openqa.selenium.remote.RemoteWebDriver.get(RemoteWebDriver.java:301)
	at steps.GenericSteps.lambda$userIsOnPage$1(GenericSteps.java:138)
	at steps.GenericSteps.lambda$executeWithRetry$15(GenericSteps.java:527)
	at org.awaitility.core.CallableCondition$ConditionEvaluationWrapper.eval(CallableCondition.java:99)
	at org.awaitility.core.ConditionAwaiter$ConditionPoller.call(ConditionAwaiter.java:248)
	at org.awaitility.core.ConditionAwaiter$ConditionPoller.call(ConditionAwaiter.java:235)
	at java.base/java.util.concurrent.FutureTask.run(FutureTask.java:317)
	at java.base/java.util.concurrent.ThreadPoolExecutor.runWorker(ThreadPoolExecutor.java:1144)
	at java.base/java.util.concurrent.ThreadPoolExecutor$Worker.run(ThreadPoolExecutor.java:642)
	at java.base/java.lang.Thread.run(Thread.java:1583)
19:21:13.544 [kafka-producer-network-thread | producer-2] INFO  o.apache.kafka.clients.NetworkClient - [Producer clientId=producer-2] Node -1 disconnected.
19:21:13.544 [kafka-producer-network-thread | producer-2] WARN  o.apache.kafka.clients.NetworkClient - [Producer clientId=producer-2] Connection to node -1 (localhost/127.0.0.1:9092) could not be established. Broker may not be available.
19:21:13.544 [kafka-producer-network-thread | producer-2] WARN  o.apache.kafka.clients.NetworkClient - [Producer clientId=producer-2] Bootstrap broker localhost:9092 (id: -1 rack: null) disconnected
19:21:14.501 [kafka-producer-network-thread | producer-2] INFO  o.apache.kafka.clients.NetworkClient - [Producer clientId=producer-2] Node -1 disconnected.
19:21:14.502 [kafka-producer-network-thread | producer-2] WARN  o.apache.kafka.clients.NetworkClient - [Producer clientId=producer-2] Connection to node -1 (localhost/127.0.0.1:9092) could not be established. Broker may not be available.
19:21:14.502 [kafka-producer-network-thread | producer-2] WARN  o.apache.kafka.clients.NetworkClient - [Producer clientId=producer-2] Bootstrap broker localhost:9092 (id: -1 rack: null) disconnected
  Given user is on the "login" page                                 # steps.GenericSteps.userIsOnPage(java.lang.String)
      org.awaitility.core.ConditionTimeoutException: Condition steps.GenericSteps$$Lambda/0x000002032b3df410 was not fulfilled within 9 seconds.
	at org.awaitility.core.ConditionAwaiter.await(ConditionAwaiter.java:167)
	at org.awaitility.core.CallableCondition.await(CallableCondition.java:78)
	at org.awaitility.core.CallableCondition.await(CallableCondition.java:26)
	at org.awaitility.core.ConditionFactory.until(ConditionFactory.java:985)
	at org.awaitility.core.ConditionFactory.until(ConditionFactory.java:954)
	at steps.GenericSteps.executeWithRetry(GenericSteps.java:525)
	at steps.GenericSteps.userIsOnPage(GenericSteps.java:136)
	at ✽.user is on the "login" page(file:///C:/Development/Sources/selenium-cucumber-test/src/test/resources/features/GenericTests.feature:4)

  When user executes test "login_multi_users"                       # steps.GenericSteps.userExecutesTest(java.lang.String)
  Then results match expected outcomes for test "login_multi_users" # steps.GenericSteps.resultsMatchExpected(java.lang.String)

    Embedding failure-screenshot [image/png 43413 bytes]

19:21:15.064 [pool-2-thread-1] ERROR steps.GenericSteps - Scenario failed, screenshot attached
19:21:15.644 [kafka-producer-network-thread | producer-2] INFO  o.apache.kafka.clients.NetworkClient - [Producer clientId=producer-2] Node -1 disconnected.
19:21:15.644 [kafka-producer-network-thread | producer-2] WARN  o.apache.kafka.clients.NetworkClient - [Producer clientId=producer-2] Connection to node -1 (localhost/127.0.0.1:9092) could not be established. Broker may not be available.
19:21:15.644 [kafka-producer-network-thread | producer-2] WARN  o.apache.kafka.clients.NetworkClient - [Producer clientId=producer-2] Bootstrap broker localhost:9092 (id: -1 rack: null) disconnected
19:21:16.544 [kafka-producer-network-thread | producer-2] INFO  o.apache.kafka.clients.NetworkClient - [Producer clientId=producer-2] Node -1 disconnected.
19:21:16.545 [kafka-producer-network-thread | producer-2] WARN  o.apache.kafka.clients.NetworkClient - [Producer clientId=producer-2] Connection to node -1 (localhost/127.0.0.1:9092) could not be established. Broker may not be available.
19:21:16.545 [kafka-producer-network-thread | producer-2] WARN  o.apache.kafka.clients.NetworkClient - [Producer clientId=producer-2] Bootstrap broker localhost:9092 (id: -1 rack: null) disconnected
19:21:16.705 [pool-2-thread-1] INFO  o.a.k.clients.producer.KafkaProducer - [Producer clientId=producer-2] Closing the Kafka producer with timeoutMillis = 9223372036854775807 ms.
19:21:16.706 [pool-2-thread-1] INFO  o.a.kafka.common.metrics.Metrics - Metrics scheduler closed
19:21:16.706 [pool-2-thread-1] INFO  o.a.kafka.common.metrics.Metrics - Closing reporter org.apache.kafka.common.metrics.JmxReporter
19:21:16.706 [pool-2-thread-1] INFO  o.a.kafka.common.metrics.Metrics - Metrics reporters closed
19:21:16.706 [pool-2-thread-1] INFO  o.a.kafka.common.utils.AppInfoParser - App info kafka.producer for producer-2 unregistered
19:21:16.706 [pool-2-thread-1] INFO  o.a.k.c.c.i.ConsumerCoordinator - [Consumer clientId=consumer-test-group-2, groupId=test-group] Resetting generation and member id due to: consumer pro-actively leaving the group
19:21:16.706 [pool-2-thread-1] INFO  o.a.k.c.c.i.ConsumerCoordinator - [Consumer clientId=consumer-test-group-2, groupId=test-group] Request joining group due to: consumer pro-actively leaving the group
19:21:16.706 [pool-2-thread-1] INFO  o.a.kafka.common.metrics.Metrics - Metrics scheduler closed
19:21:16.706 [pool-2-thread-1] INFO  o.a.kafka.common.metrics.Metrics - Closing reporter org.apache.kafka.common.metrics.JmxReporter
19:21:16.706 [pool-2-thread-1] INFO  o.a.kafka.common.metrics.Metrics - Metrics reporters closed
19:21:16.706 [pool-2-thread-1] INFO  o.a.kafka.common.utils.AppInfoParser - App info kafka.consumer for consumer-test-group-2 unregistered
]]></system-out>
    <system-err><![CDATA[Mar 17, 2025 7:21:04 PM org.openqa.selenium.devtools.CdpVersionFinder findNearestMatch
WARNING: Unable to find CDP implementation matching 134
Mar 17, 2025 7:21:04 PM org.openqa.selenium.chromium.ChromiumDriver lambda$new$5
WARNING: Unable to find version of CDP to use for 134.0.6998.89. You may need to include a dependency on a specific version of the CDP using something similar to `org.seleniumhq.selenium:selenium-devtools-v86:4.18.1` where the version ("v86") matches the version of the chromium-based browser you're using and the version number of the artifact is the same as Selenium's.
]]></system-err>
  </testcase>
  <testcase name="Execute various test scenarios #3" classname="Generic Application Testing" time="13.397">
    <error message="Condition steps.GenericSteps$$Lambda/0x000002032b3df410 was not fulfilled within 9 seconds." type="org.awaitility.core.ConditionTimeoutException"><![CDATA[org.awaitility.core.ConditionTimeoutException: Condition steps.GenericSteps$$Lambda/0x000002032b3df410 was not fulfilled within 9 seconds.
]]></error>
    <system-out><![CDATA[
Scenario Outline: Execute various test scenarios                   # src/test/resources/features/GenericTests.feature:12
19:21:16.713 [pool-2-thread-1] INFO  i.g.bonigarcia.wdm.WebDriverManager - Using chromedriver 134.0.6998.88 (resolved driver for Chrome 134)
19:21:16.715 [pool-2-thread-1] INFO  i.g.bonigarcia.wdm.WebDriverManager - Exporting webdriver.chrome.driver as C:\Users\someo\.cache\selenium\chromedriver\win64\134.0.6998.88\chromedriver.exe
19:21:17.912 [pool-2-thread-1] INFO  o.a.k.c.producer.ProducerConfig - ProducerConfig values: 
	acks = -1
	auto.include.jmx.reporter = true
	batch.size = 16384
	bootstrap.servers = [localhost:9092]
	buffer.memory = 33554432
	client.dns.lookup = use_all_dns_ips
	client.id = producer-3
	compression.type = none
	connections.max.idle.ms = 540000
	delivery.timeout.ms = 120000
	enable.idempotence = true
	interceptor.classes = []
	key.serializer = class org.apache.kafka.common.serialization.StringSerializer
	linger.ms = 0
	max.block.ms = 60000
	max.in.flight.requests.per.connection = 5
	max.request.size = 1048576
	metadata.max.age.ms = 300000
	metadata.max.idle.ms = 300000
	metric.reporters = []
	metrics.num.samples = 2
	metrics.recording.level = INFO
	metrics.sample.window.ms = 30000
	partitioner.adaptive.partitioning.enable = true
	partitioner.availability.timeout.ms = 0
	partitioner.class = null
	partitioner.ignore.keys = false
	receive.buffer.bytes = 32768
	reconnect.backoff.max.ms = 1000
	reconnect.backoff.ms = 50
	request.timeout.ms = 30000
	retries = 2147483647
	retry.backoff.ms = 100
	sasl.client.callback.handler.class = null
	sasl.jaas.config = null
	sasl.kerberos.kinit.cmd = /usr/bin/kinit
	sasl.kerberos.min.time.before.relogin = 60000
	sasl.kerberos.service.name = null
	sasl.kerberos.ticket.renew.jitter = 0.05
	sasl.kerberos.ticket.renew.window.factor = 0.8
	sasl.login.callback.handler.class = null
	sasl.login.class = null
	sasl.login.connect.timeout.ms = null
	sasl.login.read.timeout.ms = null
	sasl.login.refresh.buffer.seconds = 300
	sasl.login.refresh.min.period.seconds = 60
	sasl.login.refresh.window.factor = 0.8
	sasl.login.refresh.window.jitter = 0.05
	sasl.login.retry.backoff.max.ms = 10000
	sasl.login.retry.backoff.ms = 100
	sasl.mechanism = GSSAPI
	sasl.oauthbearer.clock.skew.seconds = 30
	sasl.oauthbearer.expected.audience = null
	sasl.oauthbearer.expected.issuer = null
	sasl.oauthbearer.jwks.endpoint.refresh.ms = 3600000
	sasl.oauthbearer.jwks.endpoint.retry.backoff.max.ms = 10000
	sasl.oauthbearer.jwks.endpoint.retry.backoff.ms = 100
	sasl.oauthbearer.jwks.endpoint.url = null
	sasl.oauthbearer.scope.claim.name = scope
	sasl.oauthbearer.sub.claim.name = sub
	sasl.oauthbearer.token.endpoint.url = null
	security.protocol = PLAINTEXT
	security.providers = null
	send.buffer.bytes = 131072
	socket.connection.setup.timeout.max.ms = 30000
	socket.connection.setup.timeout.ms = 10000
	ssl.cipher.suites = null
	ssl.enabled.protocols = [TLSv1.2, TLSv1.3]
	ssl.endpoint.identification.algorithm = https
	ssl.engine.factory.class = null
	ssl.key.password = null
	ssl.keymanager.algorithm = SunX509
	ssl.keystore.certificate.chain = null
	ssl.keystore.key = null
	ssl.keystore.location = null
	ssl.keystore.password = null
	ssl.keystore.type = JKS
	ssl.protocol = TLSv1.3
	ssl.provider = null
	ssl.secure.random.implementation = null
	ssl.trustmanager.algorithm = PKIX
	ssl.truststore.certificates = null
	ssl.truststore.location = null
	ssl.truststore.password = null
	ssl.truststore.type = JKS
	transaction.timeout.ms = 60000
	transactional.id = null
	value.serializer = class org.apache.kafka.common.serialization.StringSerializer

19:21:17.913 [pool-2-thread-1] INFO  o.a.k.clients.producer.KafkaProducer - [Producer clientId=producer-3] Instantiated an idempotent producer.
19:21:17.914 [pool-2-thread-1] INFO  o.a.kafka.common.utils.AppInfoParser - Kafka version: 3.6.0
19:21:17.915 [pool-2-thread-1] INFO  o.a.kafka.common.utils.AppInfoParser - Kafka commitId: 60e845626d8a465a
19:21:17.915 [pool-2-thread-1] INFO  o.a.kafka.common.utils.AppInfoParser - Kafka startTimeMs: 1742232077914
19:21:17.915 [pool-2-thread-1] INFO  o.a.k.c.consumer.ConsumerConfig - ConsumerConfig values: 
	allow.auto.create.topics = true
	auto.commit.interval.ms = 5000
	auto.include.jmx.reporter = true
	auto.offset.reset = latest
	bootstrap.servers = [localhost:9092]
	check.crcs = true
	client.dns.lookup = use_all_dns_ips
	client.id = consumer-test-group-3
	client.rack = 
	connections.max.idle.ms = 540000
	default.api.timeout.ms = 60000
	enable.auto.commit = true
	exclude.internal.topics = true
	fetch.max.bytes = 52428800
	fetch.max.wait.ms = 500
	fetch.min.bytes = 1
	group.id = test-group
	group.instance.id = null
	heartbeat.interval.ms = 3000
	interceptor.classes = []
	internal.leave.group.on.close = true
	internal.throw.on.fetch.stable.offset.unsupported = false
	isolation.level = read_uncommitted
	key.deserializer = class org.apache.kafka.common.serialization.StringDeserializer
	max.partition.fetch.bytes = 1048576
	max.poll.interval.ms = 300000
	max.poll.records = 500
	metadata.max.age.ms = 300000
	metric.reporters = []
	metrics.num.samples = 2
	metrics.recording.level = INFO
	metrics.sample.window.ms = 30000
	partition.assignment.strategy = [class org.apache.kafka.clients.consumer.RangeAssignor, class org.apache.kafka.clients.consumer.CooperativeStickyAssignor]
	receive.buffer.bytes = 65536
	reconnect.backoff.max.ms = 1000
	reconnect.backoff.ms = 50
	request.timeout.ms = 30000
	retry.backoff.ms = 100
	sasl.client.callback.handler.class = null
	sasl.jaas.config = null
	sasl.kerberos.kinit.cmd = /usr/bin/kinit
	sasl.kerberos.min.time.before.relogin = 60000
	sasl.kerberos.service.name = null
	sasl.kerberos.ticket.renew.jitter = 0.05
	sasl.kerberos.ticket.renew.window.factor = 0.8
	sasl.login.callback.handler.class = null
	sasl.login.class = null
	sasl.login.connect.timeout.ms = null
	sasl.login.read.timeout.ms = null
	sasl.login.refresh.buffer.seconds = 300
	sasl.login.refresh.min.period.seconds = 60
	sasl.login.refresh.window.factor = 0.8
	sasl.login.refresh.window.jitter = 0.05
	sasl.login.retry.backoff.max.ms = 10000
	sasl.login.retry.backoff.ms = 100
	sasl.mechanism = GSSAPI
	sasl.oauthbearer.clock.skew.seconds = 30
	sasl.oauthbearer.expected.audience = null
	sasl.oauthbearer.expected.issuer = null
	sasl.oauthbearer.jwks.endpoint.refresh.ms = 3600000
	sasl.oauthbearer.jwks.endpoint.retry.backoff.max.ms = 10000
	sasl.oauthbearer.jwks.endpoint.retry.backoff.ms = 100
	sasl.oauthbearer.jwks.endpoint.url = null
	sasl.oauthbearer.scope.claim.name = scope
	sasl.oauthbearer.sub.claim.name = sub
	sasl.oauthbearer.token.endpoint.url = null
	security.protocol = PLAINTEXT
	security.providers = null
	send.buffer.bytes = 131072
	session.timeout.ms = 45000
	socket.connection.setup.timeout.max.ms = 30000
	socket.connection.setup.timeout.ms = 10000
	ssl.cipher.suites = null
	ssl.enabled.protocols = [TLSv1.2, TLSv1.3]
	ssl.endpoint.identification.algorithm = https
	ssl.engine.factory.class = null
	ssl.key.password = null
	ssl.keymanager.algorithm = SunX509
	ssl.keystore.certificate.chain = null
	ssl.keystore.key = null
	ssl.keystore.location = null
	ssl.keystore.password = null
	ssl.keystore.type = JKS
	ssl.protocol = TLSv1.3
	ssl.provider = null
	ssl.secure.random.implementation = null
	ssl.trustmanager.algorithm = PKIX
	ssl.truststore.certificates = null
	ssl.truststore.location = null
	ssl.truststore.password = null
	ssl.truststore.type = JKS
	value.deserializer = class org.apache.kafka.common.serialization.StringDeserializer

19:21:17.916 [kafka-producer-network-thread | producer-3] INFO  o.apache.kafka.clients.NetworkClient - [Producer clientId=producer-3] Node -1 disconnected.
19:21:17.916 [kafka-producer-network-thread | producer-3] WARN  o.apache.kafka.clients.NetworkClient - [Producer clientId=producer-3] Connection to node -1 (localhost/127.0.0.1:9092) could not be established. Broker may not be available.
19:21:17.916 [kafka-producer-network-thread | producer-3] WARN  o.apache.kafka.clients.NetworkClient - [Producer clientId=producer-3] Bootstrap broker localhost:9092 (id: -1 rack: null) disconnected
19:21:17.916 [pool-2-thread-1] INFO  o.a.kafka.common.utils.AppInfoParser - Kafka version: 3.6.0
19:21:17.916 [pool-2-thread-1] INFO  o.a.kafka.common.utils.AppInfoParser - Kafka commitId: 60e845626d8a465a
19:21:17.916 [pool-2-thread-1] INFO  o.a.kafka.common.utils.AppInfoParser - Kafka startTimeMs: 1742232077916
19:21:17.917 [pool-2-thread-1] INFO  steps.GenericSteps - Starting scenario: Execute various test scenarios
19:21:18.029 [kafka-producer-network-thread | producer-3] INFO  o.apache.kafka.clients.NetworkClient - [Producer clientId=producer-3] Node -1 disconnected.
19:21:18.030 [kafka-producer-network-thread | producer-3] WARN  o.apache.kafka.clients.NetworkClient - [Producer clientId=producer-3] Connection to node -1 (localhost/127.0.0.1:9092) could not be established. Broker may not be available.
19:21:18.030 [kafka-producer-network-thread | producer-3] WARN  o.apache.kafka.clients.NetworkClient - [Producer clientId=producer-3] Bootstrap broker localhost:9092 (id: -1 rack: null) disconnected
19:21:18.196 [kafka-producer-network-thread | producer-3] INFO  o.apache.kafka.clients.NetworkClient - [Producer clientId=producer-3] Node -1 disconnected.
19:21:18.197 [kafka-producer-network-thread | producer-3] WARN  o.apache.kafka.clients.NetworkClient - [Producer clientId=producer-3] Connection to node -1 (localhost/127.0.0.1:9092) could not be established. Broker may not be available.
19:21:18.197 [kafka-producer-network-thread | producer-3] WARN  o.apache.kafka.clients.NetworkClient - [Producer clientId=producer-3] Bootstrap broker localhost:9092 (id: -1 rack: null) disconnected
19:21:18.425 [kafka-producer-network-thread | producer-3] INFO  o.apache.kafka.clients.NetworkClient - [Producer clientId=producer-3] Node -1 disconnected.
19:21:18.425 [kafka-producer-network-thread | producer-3] WARN  o.apache.kafka.clients.NetworkClient - [Producer clientId=producer-3] Connection to node -1 (localhost/127.0.0.1:9092) could not be established. Broker may not be available.
19:21:18.425 [kafka-producer-network-thread | producer-3] WARN  o.apache.kafka.clients.NetworkClient - [Producer clientId=producer-3] Bootstrap broker localhost:9092 (id: -1 rack: null) disconnected
19:21:18.900 [kafka-producer-network-thread | producer-3] INFO  o.apache.kafka.clients.NetworkClient - [Producer clientId=producer-3] Node -1 disconnected.
19:21:18.900 [kafka-producer-network-thread | producer-3] WARN  o.apache.kafka.clients.NetworkClient - [Producer clientId=producer-3] Connection to node -1 (localhost/127.0.0.1:9092) could not be established. Broker may not be available.
19:21:18.900 [kafka-producer-network-thread | producer-3] WARN  o.apache.kafka.clients.NetworkClient - [Producer clientId=producer-3] Bootstrap broker localhost:9092 (id: -1 rack: null) disconnected
19:21:19.741 [kafka-producer-network-thread | producer-3] INFO  o.apache.kafka.clients.NetworkClient - [Producer clientId=producer-3] Node -1 disconnected.
19:21:19.741 [kafka-producer-network-thread | producer-3] WARN  o.apache.kafka.clients.NetworkClient - [Producer clientId=producer-3] Connection to node -1 (localhost/127.0.0.1:9092) could not be established. Broker may not be available.
19:21:19.741 [kafka-producer-network-thread | producer-3] WARN  o.apache.kafka.clients.NetworkClient - [Producer clientId=producer-3] Bootstrap broker localhost:9092 (id: -1 rack: null) disconnected
19:21:20.057 [awaitility-thread] WARN  steps.GenericSteps - Retry attempt failed
org.openqa.selenium.WebDriverException: unknown error: net::ERR_NAME_NOT_RESOLVED
  (Session info: chrome=134.0.6998.89)
Build info: version: '4.18.1', revision: 'b1d3319b48'
System info: os.name: 'Windows 11', os.arch: 'amd64', os.version: '10.0', java.version: '21.0.4'
Driver info: org.openqa.selenium.chrome.ChromeDriver
Command: [43dc4a96f6aee5d975c179b5805ba83e, get {url=https://dev.example.com/login}]
[...]
Capabilities {acceptInsecureCerts: false, browserName: chrome, browserVersion: 134.0.6998.89, chrome: {chromedriverVersion: 134.0.6998.88 (7e3d5c978c6d..., userDataDir: C:\Users\someo\AppData\Loca...}, fedcm:accounts: true, goog:chromeOptions: {debuggerAddress: localhost:61046}, networkConnectionEnabled: false, pageLoadStrategy: normal, platformName: windows, proxy: Proxy(), se:cdp: ws://localhost:61046/devtoo..., se:cdpVersion: 134.0.6998.89, setWindowRect: true, strictFileInteractability: false, timeouts: {implicit: 0, pageLoad: 300000, script: 30000}, unhandledPromptBehavior: dismiss and notify, webauthn:extension:credBlob: true, webauthn:extension:largeBlob: true, webauthn:extension:minPinLength: true, webauthn:extension:prf: true, webauthn:virtualAuthenticators: true}
Session ID: ad0037af528b4d86a366a87450cb14f4
	at java.base/jdk.internal.reflect.DirectConstructorHandleAccessor.newInstance(DirectConstructorHandleAccessor.java:62)
	at java.base/java.lang.reflect.Constructor.newInstanceWithCaller(Constructor.java:502)
	at java.base/java.lang.reflect.Constructor.newInstance(Constructor.java:486)
	at org.openqa.selenium.remote.ErrorCodec.decode(ErrorCodec.java:167)
	at org.openqa.selenium.remote.codec.w3c.W3CHttpResponseCodec.decode(W3CHttpResponseCodec.java:138)
	at org.openqa.selenium.remote.codec.w3c.W3CHttpResponseCodec.decode(W3CHttpResponseCodec.java:50)
	at org.openqa.selenium.remote.HttpCommandExecutor.execute(HttpCommandExecutor.java:190)
	at org.openqa.selenium.remote.service.DriverCommandExecutor.invokeExecute(DriverCommandExecutor.java:216)
	at org.openqa.selenium.remote.service.DriverCommandExecutor.execute(DriverCommandExecutor.java:174)
	at org.openqa.selenium.remote.RemoteWebDriver.execute(RemoteWebDriver.java:519)
	at org.openqa.selenium.remote.RemoteWebDriver.get(RemoteWebDriver.java:301)
	at steps.GenericSteps.lambda$userIsOnPage$1(GenericSteps.java:138)
	at steps.GenericSteps.lambda$executeWithRetry$15(GenericSteps.java:527)
	at org.awaitility.core.CallableCondition$ConditionEvaluationWrapper.eval(CallableCondition.java:99)
	at org.awaitility.core.ConditionAwaiter$ConditionPoller.call(ConditionAwaiter.java:248)
	at org.awaitility.core.ConditionAwaiter$ConditionPoller.call(ConditionAwaiter.java:235)
	at java.base/java.util.concurrent.FutureTask.run(FutureTask.java:317)
	at java.base/java.util.concurrent.ThreadPoolExecutor.runWorker(ThreadPoolExecutor.java:1144)
	at java.base/java.util.concurrent.ThreadPoolExecutor$Worker.run(ThreadPoolExecutor.java:642)
	at java.base/java.lang.Thread.run(Thread.java:1583)
19:21:46.116 [kafka-producer-network-thread | producer-5] INFO  o.apache.kafka.clients.NetworkClient - [Producer clientId=producer-5] Node -1 disconnected.
19:21:46.117 [kafka-producer-network-thread | producer-5] WARN  o.apache.kafka.clients.NetworkClient - [Producer clientId=producer-5] Connection to node -1 (localhost/127.0.0.1:9092) could not be established. Broker may not be available.
19:21:46.117 [kafka-producer-network-thread | producer-5] WARN  o.apache.kafka.clients.NetworkClient - [Producer clientId=producer-5] Bootstrap broker localhost:9092 (id: -1 rack: null) disconnected
19:21:46.953 [kafka-producer-network-thread | producer-5] INFO  o.apache.kafka.clients.NetworkClient - [Producer clientId=producer-5] Node -1 disconnected.
19:21:46.954 [kafka-producer-network-thread | producer-5] WARN  o.apache.kafka.clients.NetworkClient - [Producer clientId=producer-5] Connection to node -1 (localhost/127.0.0.1:9092) could not be established. Broker may not be available.
19:21:46.954 [kafka-producer-network-thread | producer-5] WARN  o.apache.kafka.clients.NetworkClient - [Producer clientId=producer-5] Bootstrap broker localhost:9092 (id: -1 rack: null) disconnected
19:21:47.641 [awaitility-thread] WARN  steps.GenericSteps - Retry attempt failed
org.openqa.selenium.WebDriverException: unknown error: net::ERR_NAME_NOT_RESOLVED
  (Session info: chrome=134.0.6998.89)
Build info: version: '4.18.1', revision: 'b1d3319b48'
System info: os.name: 'Windows 11', os.arch: 'amd64', os.version: '10.0', java.version: '21.0.4'
Driver info: org.openqa.selenium.chrome.ChromeDriver
Command: [ad0037af528b4d86a366a87450cb14f4, get {url=https://dev.example.com/upload}]
Capabilities {acceptInsecureCerts: false, browserName: chrome, browserVersion: 134.0.6998.89, chrome: {chromedriverVersion: 134.0.6998.88 (7e3d5c978c6d..., userDataDir: C:\Users\someo\AppData\Loca...}, fedcm:accounts: true, goog:chromeOptions: {debuggerAddress: localhost:61046}, networkConnectionEnabled: false, pageLoadStrategy: normal, platformName: windows, proxy: Proxy(), se:cdp: ws://localhost:61046/devtoo..., se:cdpVersion: 134.0.6998.89, setWindowRect: true, strictFileInteractability: false, timeouts: {implicit: 0, pageLoad: 300000, script: 30000}, unhandledPromptBehavior: dismiss and notify, webauthn:extension:credBlob: true, webauthn:extension:largeBlob: true, webauthn:extension:minPinLength: true, webauthn:extension:prf: true, webauthn:virtualAuthenticators: true}
Session ID: ad0037af528b4d86a366a87450cb14f4
	at java.base/jdk.internal.reflect.DirectConstructorHandleAccessor.newInstance(DirectConstructorHandleAccessor.java:62)
	at java.base/java.lang.reflect.Constructor.newInstanceWithCaller(Constructor.java:502)
	at java.base/java.lang.reflect.Constructor.newInstance(Constructor.java:486)
	at org.openqa.selenium.remote.ErrorCodec.decode(ErrorCodec.java:167)
	at org.openqa.selenium.remote.codec.w3c.W3CHttpResponseCodec.decode(W3CHttpResponseCodec.java:138)
	at org.openqa.selenium.remote.codec.w3c.W3CHttpResponseCodec.decode(W3CHttpResponseCodec.java:50)
	at org.openqa.selenium.remote.HttpCommandExecutor.execute(HttpCommandExecutor.java:190)
	at org.openqa.selenium.remote.service.DriverCommandExecutor.invokeExecute(DriverCommandExecutor.java:216)
	at org.openqa.selenium.remote.service.DriverCommandExecutor.execute(DriverCommandExecutor.java:174)
	at org.openqa.selenium.remote.RemoteWebDriver.execute(RemoteWebDriver.java:519)
	at org.openqa.selenium.remote.RemoteWebDriver.get(RemoteWebDriver.java:301)
	at steps.GenericSteps.lambda$userIsOnPage$1(GenericSteps.java:138)
	at steps.GenericSteps.lambda$executeWithRetry$15(GenericSteps.java:527)
	at org.awaitility.core.CallableCondition$ConditionEvaluationWrapper.eval(CallableCondition.java:99)
	at org.awaitility.core.ConditionAwaiter$ConditionPoller.call(ConditionAwaiter.java:248)
	at org.awaitility.core.ConditionAwaiter$ConditionPoller.call(ConditionAwaiter.java:235)
	at java.base/java.util.concurrent.FutureTask.run(FutureTask.java:317)
	at java.base/java.util.concurrent.ThreadPoolExecutor.runWorker(ThreadPoolExecutor.java:1144)
	at java.base/java.util.concurrent.ThreadPoolExecutor$Worker.run(ThreadPoolExecutor.java:642)
	at java.base/java.lang.Thread.run(Thread.java:1583)
19:21:47.977 [kafka-producer-network-thread | producer-5] INFO  o.apache.kafka.clients.NetworkClient - [Producer clientId=producer-5] Node -1 disconnected.
19:21:47.977 [kafka-producer-network-thread | producer-5] WARN  o.apache.kafka.clients.NetworkClient - [Producer clientId=producer-5] Connection to node -1 (localhost/127.0.0.1:9092) could not be established. Broker may not be available.
19:21:47.977 [kafka-producer-network-thread | producer-5] WARN  o.apache.kafka.clients.NetworkClient - [Producer clientId=producer-5] Bootstrap broker localhost:9092 (id: -1 rack: null) disconnected
19:21:48.940 [kafka-producer-network-thread | producer-5] INFO  o.apache.kafka.clients.NetworkClient - [Producer clientId=producer-5] Node -1 disconnected.
19:21:48.941 [kafka-producer-network-thread | producer-5] WARN  o.apache.kafka.clients.NetworkClient - [Producer clientId=producer-5] Connection to node -1 (localhost/127.0.0.1:9092) could not be established. Broker may not be available.
19:21:48.941 [kafka-producer-network-thread | producer-5] WARN  o.apache.kafka.clients.NetworkClient - [Producer clientId=producer-5] Bootstrap broker localhost:9092 (id: -1 rack: null) disconnected
19:21:49.723 [awaitility-thread] WARN  steps.GenericSteps - Retry attempt failed
org.openqa.selenium.WebDriverException: unknown error: net::ERR_NAME_NOT_RESOLVED
  (Session info: chrome=134.0.6998.89)
Build info: version: '4.18.1', revision: 'b1d3319b48'
System info: os.name: 'Windows 11', os.arch: 'amd64', os.version: '10.0', java.version: '21.0.4'
Driver info: org.openqa.selenium.chrome.ChromeDriver
Command: [ad0037af528b4d86a366a87450cb14f4, get {url=https://dev.example.com/upload}]
Capabilities {acceptInsecureCerts: false, browserName: chrome, browserVersion: 134.0.6998.89, chrome: {chromedriverVersion: 134.0.6998.88 (7e3d5c978c6d..., userDataDir: C:\Users\someo\AppData\Loca...}, fedcm:accounts: true, goog:chromeOptions: {debuggerAddress: localhost:61046}, networkConnectionEnabled: false, pageLoadStrategy: normal, platformName: windows, proxy: Proxy(), se:cdp: ws://localhost:61046/devtoo..., se:cdpVersion: 134.0.6998.89, setWindowRect: true, strictFileInteractability: false, timeouts: {implicit: 0, pageLoad: 300000, script: 30000}, unhandledPromptBehavior: dismiss and notify, webauthn:extension:credBlob: true, webauthn:extension:largeBlob: true, webauthn:extension:minPinLength: true, webauthn:extension:prf: true, webauthn:virtualAuthenticators: true}
Session ID: ad0037af528b4d86a366a87450cb14f4
	at java.base/jdk.internal.reflect.DirectConstructorHandleAccessor.newInstance(DirectConstructorHandleAccessor.java:62)
	at java.base/java.lang.reflect.Constructor.newInstanceWithCaller(Constructor.java:502)
	at java.base/java.lang.reflect.Constructor.newInstance(Constructor.java:486)
	at org.openqa.selenium.remote.ErrorCodec.decode(ErrorCodec.java:167)
	at org.openqa.selenium.remote.codec.w3c.W3CHttpResponseCodec.decode(W3CHttpResponseCodec.java:138)
	at org.openqa.selenium.remote.codec.w3c.W3CHttpResponseCodec.decode(W3CHttpResponseCodec.java:50)
	at org.openqa.selenium.remote.HttpCommandExecutor.execute(HttpCommandExecutor.java:190)
	at org.openqa.selenium.remote.service.DriverCommandExecutor.invokeExecute(DriverCommandExecutor.java:216)
	at org.openqa.selenium.remote.service.DriverCommandExecutor.execute(DriverCommandExecutor.java:174)
	at org.openqa.selenium.remote.RemoteWebDriver.execute(RemoteWebDriver.java:519)
	at org.openqa.selenium.remote.RemoteWebDriver.get(RemoteWebDriver.java:301)
	at steps.GenericSteps.lambda$userIsOnPage$1(GenericSteps.java:138)
	at steps.GenericSteps.lambda$executeWithRetry$15(GenericSteps.java:527)
	at org.awaitility.core.CallableCondition$ConditionEvaluationWrapper.eval(CallableCondition.java:99)
	at org.awaitility.core.ConditionAwaiter$ConditionPoller.call(ConditionAwaiter.java:248)
	at org.awaitility.core.ConditionAwaiter$ConditionPoller.call(ConditionAwaiter.java:235)
	at java.base/java.util.concurrent.FutureTask.run(FutureTask.java:317)
	at java.base/java.util.concurrent.ThreadPoolExecutor.runWorker(ThreadPoolExecutor.java:1144)
	at java.base/java.util.concurrent.ThreadPoolExecutor$Worker.run(ThreadPoolExecutor.java:642)
	at java.base/java.lang.Thread.run(Thread.java:1583)
19:21:49.904 [kafka-producer-network-thread | producer-5] INFO  o.apache.kafka.clients.NetworkClient - [Producer clientId=producer-5] Node -1 disconnected.
19:21:49.904 [kafka-producer-network-thread | producer-5] WARN  o.apache.kafka.clients.NetworkClient - [Producer clientId=producer-5] Connection to node -1 (localhost/127.0.0.1:9092) could not be established. Broker may not be available.
19:21:49.904 [kafka-producer-network-thread | producer-5] WARN  o.apache.kafka.clients.NetworkClient - [Producer clientId=producer-5] Bootstrap broker localhost:9092 (id: -1 rack: null) disconnected
19:21:50.989 [kafka-producer-network-thread | producer-5] INFO  o.apache.kafka.clients.NetworkClient - [Producer clientId=producer-5] Node -1 disconnected.
19:21:50.989 [kafka-producer-network-thread | producer-5] WARN  o.apache.kafka.clients.NetworkClient - [Producer clientId=producer-5] Connection to node -1 (localhost/127.0.0.1:9092) could not be established. Broker may not be available.
19:21:50.990 [kafka-producer-network-thread | producer-5] WARN  o.apache.kafka.clients.NetworkClient - [Producer clientId=producer-5] Bootstrap broker localhost:9092 (id: -1 rack: null) disconnected
19:21:51.819 [awaitility-thread] WARN  steps.GenericSteps - Retry attempt failed
org.openqa.selenium.WebDriverException: unknown error: net::ERR_NAME_NOT_RESOLVED
  (Session info: chrome=134.0.6998.89)
Build info: version: '4.18.1', revision: 'b1d3319b48'
System info: os.name: 'Windows 11', os.arch: 'amd64', os.version: '10.0', java.version: '21.0.4'
Driver info: org.openqa.selenium.chrome.ChromeDriver
Command: [ad0037af528b4d86a366a87450cb14f4, get {url=https://dev.example.com/upload}]
Capabilities {acceptInsecureCerts: false, browserName: chrome, browserVersion: 134.0.6998.89, chrome: {chromedriverVersion: 134.0.6998.88 (7e3d5c978c6d..., userDataDir: C:\Users\someo\AppData\Loca...}, fedcm:accounts: true, goog:chromeOptions: {debuggerAddress: localhost:61046}, networkConnectionEnabled: false, pageLoadStrategy: normal, platformName: windows, proxy: Proxy(), se:cdp: ws://localhost:61046/devtoo..., se:cdpVersion: 134.0.6998.89, setWindowRect: true, strictFileInteractability: false, timeouts: {implicit: 0, pageLoad: 300000, script: 30000}, unhandledPromptBehavior: dismiss and notify, webauthn:extension:credBlob: true, webauthn:extension:largeBlob: true, webauthn:extension:minPinLength: true, webauthn:extension:prf: true, webauthn:virtualAuthenticators: true}
Session ID: ad0037af528b4d86a366a87450cb14f4
	at java.base/jdk.internal.reflect.DirectConstructorHandleAccessor.newInstance(DirectConstructorHandleAccessor.java:62)
	at java.base/java.lang.reflect.Constructor.newInstanceWithCaller(Constructor.java:502)
	at java.base/java.lang.reflect.Constructor.newInstance(Constructor.java:486)
	at org.openqa.selenium.remote.ErrorCodec.decode(ErrorCodec.java:167)
	at org.openqa.selenium.remote.codec.w3c.W3CHttpResponseCodec.decode(W3CHttpResponseCodec.java:138)
	at org.openqa.selenium.remote.codec.w3c.W3CHttpResponseCodec.decode(W3CHttpResponseCodec.java:50)
	at org.openqa.selenium.remote.HttpCommandExecutor.execute(HttpCommandExecutor.java:190)
	at org.openqa.selenium.remote.service.DriverCommandExecutor.invokeExecute(DriverCommandExecutor.java:216)
	at org.openqa.selenium.remote.service.DriverCommandExecutor.execute(DriverCommandExecutor.java:174)
	at org.openqa.selenium.remote.RemoteWebDriver.execute(RemoteWebDriver.java:519)
	at org.openqa.selenium.remote.RemoteWebDriver.get(RemoteWebDriver.java:301)
	at steps.GenericSteps.lambda$userIsOnPage$1(GenericSteps.java:138)
	at steps.GenericSteps.lambda$executeWithRetry$15(GenericSteps.java:527)
	at org.awaitility.core.CallableCondition$ConditionEvaluationWrapper.eval(CallableCondition.java:99)
	at org.awaitility.core.ConditionAwaiter$ConditionPoller.call(ConditionAwaiter.java:248)
	at org.awaitility.core.ConditionAwaiter$ConditionPoller.call(ConditionAwaiter.java:235)
	at java.base/java.util.concurrent.FutureTask.run(FutureTask.java:317)
	at java.base/java.util.concurrent.ThreadPoolExecutor.runWorker(ThreadPoolExecutor.java:1144)
	at java.base/java.util.concurrent.ThreadPoolExecutor$Worker.run(ThreadPoolExecutor.java:642)
	at java.base/java.lang.Thread.run(Thread.java:1583)
19:21:51.893 [kafka-producer-network-thread | producer-5] INFO  o.apache.kafka.clients.NetworkClient - [Producer clientId=producer-5] Node -1 disconnected.
19:21:51.893 [kafka-producer-network-thread | producer-5] WARN  o.apache.kafka.clients.NetworkClient - [Producer clientId=producer-5] Connection to node -1 (localhost/127.0.0.1:9092) could not be established. Broker may not be available.
19:21:51.893 [kafka-producer-network-thread | producer-5] WARN  o.apache.kafka.clients.NetworkClient - [Producer clientId=producer-5] Bootstrap broker localhost:9092 (id: -1 rack: null) disconnected
19:21:52.982 [kafka-producer-network-thread | producer-5] INFO  o.apache.kafka.clients.NetworkClient - [Producer clientId=producer-5] Node -1 disconnected.
19:21:52.982 [kafka-producer-network-thread | producer-5] WARN  o.apache.kafka.clients.NetworkClient - [Producer clientId=producer-5] Connection to node -1 (localhost/127.0.0.1:9092) could not be established. Broker may not be available.
19:21:52.982 [kafka-producer-network-thread | producer-5] WARN  o.apache.kafka.clients.NetworkClient - [Producer clientId=producer-5] Bootstrap broker localhost:9092 (id: -1 rack: null) disconnected
  Given user is on the "upload" page                         # steps.GenericSteps.userIsOnPage(java.lang.String)
      org.awaitility.core.ConditionTimeoutException: Condition steps.GenericSteps$$Lambda/0x000002032b3df410 was not fulfilled within 9 seconds.
	at org.awaitility.core.ConditionAwaiter.await(ConditionAwaiter.java:167)
	at org.awaitility.core.CallableCondition.await(CallableCondition.java:78)
	at org.awaitility.core.CallableCondition.await(CallableCondition.java:26)
	at org.awaitility.core.ConditionFactory.until(ConditionFactory.java:985)
	at org.awaitility.core.ConditionFactory.until(ConditionFactory.java:954)
	at steps.GenericSteps.executeWithRetry(GenericSteps.java:525)
	at steps.GenericSteps.userIsOnPage(GenericSteps.java:136)
	at ✽.user is on the "upload" page(file:///C:/Development/Sources/selenium-cucumber-test/src/test/resources/features/GenericTests.feature:4)

  When user executes test "pdf_upload"                       # steps.GenericSteps.userExecutesTest(java.lang.String)
  Then results match expected outcomes for test "pdf_upload" # steps.GenericSteps.resultsMatchExpected(java.lang.String)

    Embedding failure-screenshot [image/png 43413 bytes]

19:21:53.943 [pool-2-thread-1] ERROR steps.GenericSteps - Scenario failed, screenshot attached
19:21:54.021 [pool-2-thread-1] INFO  o.a.k.clients.producer.KafkaProducer - [Producer clientId=producer-5] Closing the Kafka producer with timeoutMillis = 9223372036854775807 ms.
19:21:54.022 [pool-2-thread-1] INFO  o.a.kafka.common.metrics.Metrics - Metrics scheduler closed
19:21:54.022 [pool-2-thread-1] INFO  o.a.kafka.common.metrics.Metrics - Closing reporter org.apache.kafka.common.metrics.JmxReporter
19:21:54.022 [pool-2-thread-1] INFO  o.a.kafka.common.metrics.Metrics - Metrics reporters closed
19:21:54.022 [pool-2-thread-1] INFO  o.a.kafka.common.utils.AppInfoParser - App info kafka.producer for producer-5 unregistered
19:21:54.022 [pool-2-thread-1] INFO  o.a.k.c.c.i.ConsumerCoordinator - [Consumer clientId=consumer-test-group-5, groupId=test-group] Resetting generation and member id due to: consumer pro-actively leaving the group
19:21:54.022 [pool-2-thread-1] INFO  o.a.k.c.c.i.ConsumerCoordinator - [Consumer clientId=consumer-test-group-5, groupId=test-group] Request joining group due to: consumer pro-actively leaving the group
19:21:54.022 [pool-2-thread-1] INFO  o.a.kafka.common.metrics.Metrics - Metrics scheduler closed
19:21:54.022 [pool-2-thread-1] INFO  o.a.kafka.common.metrics.Metrics - Closing reporter org.apache.kafka.common.metrics.JmxReporter
19:21:54.022 [pool-2-thread-1] INFO  o.a.kafka.common.metrics.Metrics - Metrics reporters closed
19:21:54.022 [pool-2-thread-1] INFO  o.a.kafka.common.utils.AppInfoParser - App info kafka.consumer for consumer-test-group-5 unregistered
]]></system-out>
    <system-err><![CDATA[Mar 17, 2025 7:21:43 PM org.openqa.selenium.devtools.CdpVersionFinder findNearestMatch
WARNING: Unable to find CDP implementation matching 134
Mar 17, 2025 7:21:43 PM org.openqa.selenium.chromium.ChromiumDriver lambda$new$5
WARNING: Unable to find version of CDP to use for 134.0.6998.89. You may need to include a dependency on a specific version of the CDP using something similar to `org.seleniumhq.selenium:selenium-devtools-v86:4.18.1` where the version ("v86") matches the version of the chromium-based browser you're using and the version number of the artifact is the same as Selenium's.
]]></system-err>
  </testcase>
</testsuite>