<?xml version="1.0" encoding="UTF-8"?>
<testsuite xmlns:xsi="http://www.w3.org/2001/XMLSchema-instance" xsi:noNamespaceSchemaLocation="https://maven.apache.org/surefire/maven-surefire-plugin/xsd/surefire-test-report-3.0.xsd" version="3.0" name="Generic Application Testing" time="177.923" tests="4" errors="1" skipped="0" failures="0">
  <properties>
[...]
</properties>
  <testcase name="Execute various test scenarios #1" classname="Generic Application Testing" time="52.113">
    <system-out><![CDATA[
Scenario Outline: Execute various test scenarios               # src/test/resources/features/GenericTests.feature:10
23:43:36.412 [pool-2-thread-1] INFO  steps.GenericSteps - Starting setup for scenario: Execute various test scenarios
23:43:36.420 [pool-2-thread-1] DEBUG i.g.bonigarcia.wdm.WebDriverManager - Using WebDriverManager 5.8.0
23:43:36.604 [pool-2-thread-1] DEBUG i.g.b.wdm.cache.ResolutionCache - Resolution chrome=134 in cache (valid until 00:15:59 18/03/2025 EET)
23:43:36.605 [pool-2-thread-1] DEBUG i.g.b.wdm.cache.ResolutionCache - Resolution chrome134=134.0.6998.88 in cache (valid until 19:12:41 18/03/2025 EET)
23:43:36.606 [pool-2-thread-1] INFO  i.g.bonigarcia.wdm.WebDriverManager - Using chromedriver 134.0.6998.88 (resolved driver for Chrome 134)
23:43:36.642 [pool-2-thread-1] DEBUG i.g.bonigarcia.wdm.WebDriverManager - Driver chromedriver 134.0.6998.88 found in cache
23:43:36.642 [pool-2-thread-1] INFO  i.g.bonigarcia.wdm.WebDriverManager - Exporting webdriver.chrome.driver as C:\Users\someo\.cache\selenium\chromedriver\win64\134.0.6998.88\chromedriver.exe
23:43:36.658 [pool-2-thread-1] DEBUG steps.GenericSteps - Chrome arguments: 
23:43:36.658 [pool-2-thread-1] DEBUG steps.GenericSteps - Initializing ChromeDriver
23:43:37.899 [pool-2-thread-1] DEBUG steps.GenericSteps - Setting implicit wait to 20 seconds
23:43:37.902 [pool-2-thread-1] DEBUG steps.GenericSteps - Kafka enabled: false
23:43:37.903 [pool-2-thread-1] INFO  steps.GenericSteps - Kafka is disabled; skipping Kafka initialization
23:43:37.949 [pool-2-thread-1] INFO  steps.GenericSteps - Setup completed for scenario: Execute various test scenarios
23:43:37.952 [pool-2-thread-1] INFO  steps.GenericSteps - Navigating to page: login at URL: http://localhost:3000/login, expecting path: /login
23:43:42.971 [awaitility-thread] DEBUG steps.GenericSteps - Loading URL: http://localhost:3000/login
23:43:44.019 [awaitility-thread] DEBUG steps.GenericSteps - Current URL: http://localhost:3000/login, expecting path: /login
23:43:44.132 [awaitility-thread] DEBUG steps.GenericSteps - Found 1 elements for locator By.id: navToCart on page login
23:43:44.254 [awaitility-thread] DEBUG steps.GenericSteps - Found 1 elements for locator By.id: password on page login
23:43:44.376 [awaitility-thread] DEBUG steps.GenericSteps - Found 1 elements for locator By.id: loginButton on page login
23:43:44.499 [awaitility-thread] DEBUG steps.GenericSteps - Found 1 elements for locator By.id: errorMessage on page login
23:43:44.623 [awaitility-thread] DEBUG steps.GenericSteps - Found 1 elements for locator By.id: username on page login
  Given user is on the "login" page                            # steps.GenericSteps.userIsOnPage(java.lang.String)
23:43:44.630 [pool-2-thread-1] INFO  steps.GenericSteps - Starting test execution: user_journey
23:43:44.631 [pool-2-thread-1] DEBUG steps.GenericSteps - No test data found, executing actions directly
23:43:44.631 [pool-2-thread-1] DEBUG steps.GenericSteps - Processing action index 0: {index=0, action=enter, page=login, value=testuser@example.com, element=username}
23:43:49.633 [awaitility-thread] DEBUG steps.GenericSteps - Executing action: {index=0, action=enter, page=login, value=testuser@example.com, element=username}
23:43:49.747 [awaitility-thread] DEBUG steps.GenericSteps - Found 1 elements for locator By.id: navToCart on page login
23:43:49.871 [awaitility-thread] DEBUG steps.GenericSteps - Found 1 elements for locator By.id: password on page login
23:43:49.996 [awaitility-thread] DEBUG steps.GenericSteps - Found 1 elements for locator By.id: loginButton on page login
23:43:50.120 [awaitility-thread] DEBUG steps.GenericSteps - Found 1 elements for locator By.id: errorMessage on page login
23:43:50.243 [awaitility-thread] DEBUG steps.GenericSteps - Found 1 elements for locator By.id: username on page login
23:43:50.248 [awaitility-thread] DEBUG steps.GenericSteps - Attempting to enter value 'testuser@example.com' into element 'username'
23:43:50.446 [awaitility-thread] DEBUG steps.GenericSteps - Current value in element 'username': 'testuser@example.com'
23:43:50.446 [pool-2-thread-1] DEBUG steps.GenericSteps - Processing action index 1: {index=1, action=enter, page=login, value=Password123, element=password}
23:43:55.449 [awaitility-thread] DEBUG steps.GenericSteps - Executing action: {index=1, action=enter, page=login, value=Password123, element=password}
23:43:55.564 [awaitility-thread] DEBUG steps.GenericSteps - Found 1 elements for locator By.id: navToCart on page login
23:43:55.690 [awaitility-thread] DEBUG steps.GenericSteps - Found 1 elements for locator By.id: password on page login
23:43:55.801 [awaitility-thread] DEBUG steps.GenericSteps - Found 1 elements for locator By.id: loginButton on page login
23:43:55.924 [awaitility-thread] DEBUG steps.GenericSteps - Found 1 elements for locator By.id: errorMessage on page login
23:43:56.034 [awaitility-thread] DEBUG steps.GenericSteps - Found 1 elements for locator By.id: username on page login
23:43:56.038 [awaitility-thread] DEBUG steps.GenericSteps - Attempting to enter value 'Password123' into element 'password'
23:43:56.204 [awaitility-thread] DEBUG steps.GenericSteps - Current value in element 'password': 'Password123'
23:43:56.205 [pool-2-thread-1] DEBUG steps.GenericSteps - Processing action index 2: {index=2, action=click, page=login, element=loginButton}
23:44:01.217 [awaitility-thread] DEBUG steps.GenericSteps - Executing action: {index=2, action=click, page=login, element=loginButton}
23:44:01.332 [awaitility-thread] DEBUG steps.GenericSteps - Found 1 elements for locator By.id: navToCart on page login
23:44:01.454 [awaitility-thread] DEBUG steps.GenericSteps - Found 1 elements for locator By.id: password on page login
23:44:01.579 [awaitility-thread] DEBUG steps.GenericSteps - Found 1 elements for locator By.id: loginButton on page login
23:44:01.700 [awaitility-thread] DEBUG steps.GenericSteps - Found 1 elements for locator By.id: errorMessage on page login
23:44:01.812 [awaitility-thread] DEBUG steps.GenericSteps - Found 1 elements for locator By.id: username on page login
23:44:01.815 [awaitility-thread] DEBUG steps.GenericSteps - Attempting to click element 'loginButton'
23:44:01.863 [pool-2-thread-1] DEBUG steps.GenericSteps - Processing action index 3: {index=3, action=navigate, wait.visible.element=cartCount, targetPage=cart}
23:44:06.868 [awaitility-thread] DEBUG steps.GenericSteps - Executing action: {index=3, action=navigate, wait.visible.element=cartCount, targetPage=cart}
23:44:06.869 [awaitility-thread] DEBUG steps.GenericSteps - Navigating to target page 'cart'
23:44:07.086 [awaitility-thread] DEBUG steps.GenericSteps - Found 1 elements for locator By.id: navToCheckout on page cart
23:44:07.209 [awaitility-thread] DEBUG steps.GenericSteps - Found 1 elements for locator By.id: addToCart on page cart
23:44:07.331 [awaitility-thread] DEBUG steps.GenericSteps - Found 1 elements for locator By.id: cartCount on page cart
23:44:07.338 [pool-2-thread-1] DEBUG steps.GenericSteps - Processing action index 4: {wait.custom.script=document.getElementById('cartCount').innerText != '0', index=4, action=click, page=cart, element=addToCart}
23:44:12.353 [awaitility-thread] DEBUG steps.GenericSteps - Executing action: {wait.custom.script=document.getElementById('cartCount').innerText != '0', index=4, action=click, page=cart, element=addToCart}
23:44:12.464 [awaitility-thread] DEBUG steps.GenericSteps - Found 1 elements for locator By.id: navToCheckout on page cart
23:44:12.584 [awaitility-thread] DEBUG steps.GenericSteps - Found 1 elements for locator By.id: addToCart on page cart
23:44:12.706 [awaitility-thread] DEBUG steps.GenericSteps - Found 1 elements for locator By.id: cartCount on page cart
23:44:12.710 [awaitility-thread] DEBUG steps.GenericSteps - Attempting to click element 'addToCart'
23:44:12.749 [pool-2-thread-1] DEBUG steps.GenericSteps - Processing action index 5: {index=5, action=saveState, page=cart, stateKey=cartSession}
23:44:17.761 [awaitility-thread] DEBUG steps.GenericSteps - Executing action: {index=5, action=saveState, page=cart, stateKey=cartSession}
23:44:17.766 [awaitility-thread] DEBUG steps.GenericSteps - Saved state: cartSession
23:44:17.767 [pool-2-thread-1] DEBUG steps.GenericSteps - Processing action index 6: {index=6, action=navigate, page=cart, targetPage=checkout, element=navToCheckout}
23:44:22.779 [awaitility-thread] DEBUG steps.GenericSteps - Executing action: {index=6, action=navigate, page=cart, targetPage=checkout, element=navToCheckout}
23:44:22.894 [awaitility-thread] DEBUG steps.GenericSteps - Found 1 elements for locator By.id: navToCheckout on page cart
23:44:23.018 [awaitility-thread] DEBUG steps.GenericSteps - Found 1 elements for locator By.id: addToCart on page cart
23:44:23.127 [awaitility-thread] DEBUG steps.GenericSteps - Found 1 elements for locator By.id: cartCount on page cart
23:44:23.131 [awaitility-thread] DEBUG steps.GenericSteps - Navigating to target page 'checkout'
  When user executes test "user_journey"                       # steps.GenericSteps.userExecutesTest(java.lang.String)
23:44:28.310 [awaitility-thread] DEBUG steps.GenericSteps - Verifying assertion: {index=0, condition=contains, page=checkout, type=url, value=/checkout}
  Then results match expected outcomes for test "user_journey" # steps.GenericSteps.resultsMatchExpected(java.lang.String)
23:44:28.316 [pool-2-thread-1] INFO  steps.GenericSteps - Tearing down scenario: Execute various test scenarios
]]></system-out>
    <system-err><![CDATA[Mar 17, 2025 11:43:37 PM org.openqa.selenium.devtools.CdpVersionFinder findNearestMatch
WARNING: Unable to find CDP implementation matching 134
Mar 17, 2025 11:43:37 PM org.openqa.selenium.chromium.ChromiumDriver lambda$new$5
WARNING: Unable to find version of CDP to use for 134.0.6998.89. You may need to include a dependency on a specific version of the CDP using something similar to `org.seleniumhq.selenium:selenium-devtools-v86:4.18.1` where the version ("v86") matches the version of the chromium-based browser you're using and the version number of the artifact is the same as Selenium's.
]]></system-err>
  </testcase>
  <testcase name="Execute various test scenarios #2" classname="Generic Application Testing" time="72.332">
    <error message="Condition steps.GenericSteps$$Lambda/0x0000023a5834c400 was not fulfilled within 30 seconds." type="org.awaitility.core.ConditionTimeoutException"><![CDATA[org.awaitility.core.ConditionTimeoutException: Condition steps.GenericSteps$$Lambda/0x0000023a5834c400 was not fulfilled within 30 seconds.
Caused by: java.util.concurrent.TimeoutException
]]></error>
    <system-out><![CDATA[
Scenario Outline: Execute various test scenarios                    # src/test/resources/features/GenericTests.feature:11
23:44:28.438 [pool-2-thread-1] INFO  steps.GenericSteps - Starting setup for scenario: Execute various test scenarios
23:44:28.439 [pool-2-thread-1] DEBUG i.g.bonigarcia.wdm.WebDriverManager - Using WebDriverManager 5.8.0
23:44:28.446 [pool-2-thread-1] DEBUG i.g.b.wdm.cache.ResolutionCache - Resolution chrome=134 in cache (valid until 00:15:59 18/03/2025 EET)
23:44:28.446 [pool-2-thread-1] DEBUG i.g.b.wdm.cache.ResolutionCache - Resolution chrome134=134.0.6998.88 in cache (valid until 19:12:41 18/03/2025 EET)
23:44:28.446 [pool-2-thread-1] INFO  i.g.bonigarcia.wdm.WebDriverManager - Using chromedriver 134.0.6998.88 (resolved driver for Chrome 134)
23:44:28.450 [pool-2-thread-1] DEBUG i.g.bonigarcia.wdm.WebDriverManager - Driver chromedriver 134.0.6998.88 found in cache
23:44:28.450 [pool-2-thread-1] INFO  i.g.bonigarcia.wdm.WebDriverManager - Exporting webdriver.chrome.driver as C:\Users\someo\.cache\selenium\chromedriver\win64\134.0.6998.88\chromedriver.exe
23:44:28.450 [pool-2-thread-1] DEBUG steps.GenericSteps - Chrome arguments: 
23:44:28.450 [pool-2-thread-1] DEBUG steps.GenericSteps - Initializing ChromeDriver
23:44:29.502 [pool-2-thread-1] DEBUG steps.GenericSteps - Setting implicit wait to 20 seconds
23:44:29.504 [pool-2-thread-1] DEBUG steps.GenericSteps - Kafka enabled: false
23:44:29.504 [pool-2-thread-1] INFO  steps.GenericSteps - Kafka is disabled; skipping Kafka initialization
23:44:29.505 [pool-2-thread-1] INFO  steps.GenericSteps - Setup completed for scenario: Execute various test scenarios
23:44:29.505 [pool-2-thread-1] INFO  steps.GenericSteps - Navigating to page: login at URL: http://localhost:3000/login, expecting path: /login
23:44:34.506 [awaitility-thread] DEBUG steps.GenericSteps - Loading URL: http://localhost:3000/login
23:44:35.543 [awaitility-thread] DEBUG steps.GenericSteps - Current URL: http://localhost:3000/login, expecting path: /login
23:44:35.658 [awaitility-thread] DEBUG steps.GenericSteps - Found 1 elements for locator By.id: navToCart on page login
23:44:35.780 [awaitility-thread] DEBUG steps.GenericSteps - Found 1 elements for locator By.id: password on page login
23:44:35.904 [awaitility-thread] DEBUG steps.GenericSteps - Found 1 elements for locator By.id: loginButton on page login
23:44:36.028 [awaitility-thread] DEBUG steps.GenericSteps - Found 1 elements for locator By.id: errorMessage on page login
23:44:36.152 [awaitility-thread] DEBUG steps.GenericSteps - Found 1 elements for locator By.id: username on page login
  Given user is on the "login" page                                 # steps.GenericSteps.userIsOnPage(java.lang.String)
23:44:36.158 [pool-2-thread-1] INFO  steps.GenericSteps - Starting test execution: login_multi_users
23:44:36.164 [pool-2-thread-1] INFO  steps.GenericSteps - Executing test login_multi_users with data: {password=Pass123, username=user1@example.com}
23:44:36.164 [pool-2-thread-1] DEBUG steps.GenericSteps - Processing action index 0: {index=0, action=navigate, targetPage=login}
23:44:41.173 [awaitility-thread] DEBUG steps.GenericSteps - Executing action: {index=0, action=navigate, targetPage=login}
23:44:41.173 [awaitility-thread] DEBUG steps.GenericSteps - Navigating to target page 'login'
23:44:41.396 [awaitility-thread] DEBUG steps.GenericSteps - Found 1 elements for locator By.id: navToCart on page login
23:44:41.520 [awaitility-thread] DEBUG steps.GenericSteps - Found 1 elements for locator By.id: password on page login
23:44:41.640 [awaitility-thread] DEBUG steps.GenericSteps - Found 1 elements for locator By.id: loginButton on page login
23:44:41.750 [awaitility-thread] DEBUG steps.GenericSteps - Found 1 elements for locator By.id: errorMessage on page login
23:44:41.859 [awaitility-thread] DEBUG steps.GenericSteps - Found 1 elements for locator By.id: username on page login
23:44:41.863 [pool-2-thread-1] DEBUG steps.GenericSteps - Processing action index 1: {index=1, action=enter, page=login, value=${data.username}, element=username}
23:44:46.868 [awaitility-thread] DEBUG steps.GenericSteps - Executing action: {index=1, action=enter, page=login, value=${data.username}, element=username}
23:44:46.984 [awaitility-thread] DEBUG steps.GenericSteps - Found 1 elements for locator By.id: navToCart on page login
23:44:47.107 [awaitility-thread] DEBUG steps.GenericSteps - Found 1 elements for locator By.id: password on page login
23:44:47.228 [awaitility-thread] DEBUG steps.GenericSteps - Found 1 elements for locator By.id: loginButton on page login
23:44:47.338 [awaitility-thread] DEBUG steps.GenericSteps - Found 1 elements for locator By.id: errorMessage on page login
23:44:47.459 [awaitility-thread] DEBUG steps.GenericSteps - Found 1 elements for locator By.id: username on page login
23:44:47.463 [awaitility-thread] DEBUG steps.GenericSteps - Attempting to enter value 'user1@example.com' into element 'username'
23:44:47.646 [awaitility-thread] DEBUG steps.GenericSteps - Current value in element 'username': 'user1@example.com'
23:44:47.646 [pool-2-thread-1] DEBUG steps.GenericSteps - Processing action index 2: {index=2, action=enter, page=login, value=${data.password}, element=password}
23:44:52.658 [awaitility-thread] DEBUG steps.GenericSteps - Executing action: {index=2, action=enter, page=login, value=${data.password}, element=password}
23:44:52.771 [awaitility-thread] DEBUG steps.GenericSteps - Found 1 elements for locator By.id: navToCart on page login
23:44:52.892 [awaitility-thread] DEBUG steps.GenericSteps - Found 1 elements for locator By.id: password on page login
23:44:53.015 [awaitility-thread] DEBUG steps.GenericSteps - Found 1 elements for locator By.id: loginButton on page login
23:44:53.124 [awaitility-thread] DEBUG steps.GenericSteps - Found 1 elements for locator By.id: errorMessage on page login
23:44:53.244 [awaitility-thread] DEBUG steps.GenericSteps - Found 1 elements for locator By.id: username on page login
23:44:53.248 [awaitility-thread] DEBUG steps.GenericSteps - Attempting to enter value 'Pass123' into element 'password'
23:44:53.402 [awaitility-thread] DEBUG steps.GenericSteps - Current value in element 'password': 'Pass123'
23:44:53.402 [pool-2-thread-1] DEBUG steps.GenericSteps - Processing action index 3: {index=3, action=click, page=login, element=loginButton}
23:44:58.404 [awaitility-thread] DEBUG steps.GenericSteps - Executing action: {index=3, action=click, page=login, element=loginButton}
23:44:58.528 [awaitility-thread] DEBUG steps.GenericSteps - Found 1 elements for locator By.id: navToCart on page login
23:44:58.641 [awaitility-thread] DEBUG steps.GenericSteps - Found 1 elements for locator By.id: password on page login
23:44:58.761 [awaitility-thread] DEBUG steps.GenericSteps - Found 1 elements for locator By.id: loginButton on page login
23:44:58.871 [awaitility-thread] DEBUG steps.GenericSteps - Found 1 elements for locator By.id: errorMessage on page login
23:44:58.981 [awaitility-thread] DEBUG steps.GenericSteps - Found 1 elements for locator By.id: username on page login
23:44:58.985 [awaitility-thread] DEBUG steps.GenericSteps - Attempting to click element 'loginButton'
23:44:59.024 [pool-2-thread-1] DEBUG steps.GenericSteps - Processing action index 4: {index=4, action=navigate, targetPage=cart}
23:45:04.026 [awaitility-thread] DEBUG steps.GenericSteps - Executing action: {index=4, action=navigate, targetPage=cart}
23:45:04.026 [awaitility-thread] DEBUG steps.GenericSteps - Navigating to target page 'cart'
23:45:04.247 [awaitility-thread] DEBUG steps.GenericSteps - Found 1 elements for locator By.id: navToCheckout on page cart
23:45:04.372 [awaitility-thread] DEBUG steps.GenericSteps - Found 1 elements for locator By.id: addToCart on page cart
23:45:04.484 [awaitility-thread] DEBUG steps.GenericSteps - Found 1 elements for locator By.id: cartCount on page cart
23:45:04.489 [pool-2-thread-1] INFO  steps.GenericSteps - Executing test login_multi_users with data: {password=Pass456, username=user2@example.com}
23:45:04.489 [pool-2-thread-1] DEBUG steps.GenericSteps - Processing action index 0: {index=0, action=navigate, targetPage=login}
23:45:09.495 [awaitility-thread] DEBUG steps.GenericSteps - Executing action: {index=0, action=navigate, targetPage=login}
23:45:09.495 [awaitility-thread] DEBUG steps.GenericSteps - Navigating to target page 'login'
  When user executes test "login_multi_users"                       # steps.GenericSteps.userExecutesTest(java.lang.String)
      org.awaitility.core.ConditionTimeoutException: Condition steps.GenericSteps$$Lambda/0x0000023a5834c400 was not fulfilled within 30 seconds.
	at org.awaitility.core.ConditionAwaiter.await(ConditionAwaiter.java:167)
	at org.awaitility.core.CallableCondition.await(CallableCondition.java:78)
	at org.awaitility.core.CallableCondition.await(CallableCondition.java:26)
	at org.awaitility.core.ConditionFactory.until(ConditionFactory.java:985)
	at org.awaitility.core.ConditionFactory.until(ConditionFactory.java:954)
	at steps.GenericSteps.executeWithRetry(GenericSteps.java:598)
	at steps.GenericSteps.executeActions(GenericSteps.java:195)
	at steps.GenericSteps.userExecutesTest(GenericSteps.java:179)
	at ✽.user executes test "login_multi_users"(file:///C:/Development/Sources/selenium-cucumber-test/src/test/resources/features/GenericTests.feature:5)
Caused by: java.util.concurrent.TimeoutException
	at java.base/java.util.concurrent.FutureTask.get(FutureTask.java:204)
	at org.awaitility.core.Uninterruptibles.getUninterruptibly(Uninterruptibles.java:101)
	at org.awaitility.core.Uninterruptibles.getUninterruptibly(Uninterruptibles.java:81)
	at org.awaitility.core.ConditionAwaiter.await(ConditionAwaiter.java:103)
	at org.awaitility.core.CallableCondition.await(CallableCondition.java:78)
	at org.awaitility.core.CallableCondition.await(CallableCondition.java:26)
	at org.awaitility.core.ConditionFactory.until(ConditionFactory.java:985)
	at org.awaitility.core.ConditionFactory.until(ConditionFactory.java:954)
	at steps.GenericSteps.executeWithRetry(GenericSteps.java:598)
	at steps.GenericSteps.executeActions(GenericSteps.java:195)
	at steps.GenericSteps.userExecutesTest(GenericSteps.java:179)
	at java.base/jdk.internal.reflect.DirectMethodHandleAccessor.invoke(DirectMethodHandleAccessor.java:103)
	at java.base/java.lang.reflect.Method.invoke(Method.java:580)
	at io.cucumber.java.Invoker.doInvoke(Invoker.java:66)
	at io.cucumber.java.Invoker.invoke(Invoker.java:24)
	at io.cucumber.java.AbstractGlueDefinition.invokeMethod(AbstractGlueDefinition.java:47)
	at io.cucumber.java.JavaStepDefinition.execute(JavaStepDefinition.java:29)
	at io.cucumber.core.runner.CoreStepDefinition.execute(CoreStepDefinition.java:66)
	at io.cucumber.core.runner.PickleStepDefinitionMatch.runStep(PickleStepDefinitionMatch.java:63)
	at io.cucumber.core.runner.ExecutionMode$1.execute(ExecutionMode.java:10)
	at io.cucumber.core.runner.TestStep.executeStep(TestStep.java:84)
	at io.cucumber.core.runner.TestStep.run(TestStep.java:56)
	at io.cucumber.core.runner.PickleStepTestStep.run(PickleStepTestStep.java:51)
	at io.cucumber.core.runner.TestCase.run(TestCase.java:84)
	at io.cucumber.core.runner.Runner.runPickle(Runner.java:75)
	at io.cucumber.junit.PickleRunners$NoStepDescriptions.lambda$run$0(PickleRunners.java:151)
	at io.cucumber.core.runtime.CucumberExecutionContext.lambda$runTestCase$5(CucumberExecutionContext.java:137)
	at io.cucumber.core.runtime.RethrowingThrowableCollector.executeAndThrow(RethrowingThrowableCollector.java:23)
	at io.cucumber.core.runtime.CucumberExecutionContext.runTestCase(CucumberExecutionContext.java:137)
	at io.cucumber.junit.PickleRunners$NoStepDescriptions.run(PickleRunners.java:148)
	at io.cucumber.junit.FeatureRunner.runChild(FeatureRunner.java:144)
	at io.cucumber.junit.FeatureRunner.runChild(FeatureRunner.java:28)
	at org.junit.runners.ParentRunner$4.run(ParentRunner.java:331)
	at org.junit.runners.ParentRunner$1.schedule(ParentRunner.java:79)
	at org.junit.runners.ParentRunner.runChildren(ParentRunner.java:329)
	at org.junit.runners.ParentRunner.access$100(ParentRunner.java:66)
	at org.junit.runners.ParentRunner$2.evaluate(ParentRunner.java:293)
	at org.junit.runners.ParentRunner$3.evaluate(ParentRunner.java:306)
	at org.junit.runners.ParentRunner.run(ParentRunner.java:413)
	at io.cucumber.junit.FeatureRunner.run(FeatureRunner.java:137)
	at io.cucumber.junit.Cucumber.runChild(Cucumber.java:196)
	at io.cucumber.junit.Cucumber.runChild(Cucumber.java:89)
	at org.junit.runners.ParentRunner$4.run(ParentRunner.java:331)
	at org.apache.maven.surefire.junitcore.pc.Scheduler$1.run(Scheduler.java:405)
	at java.base/java.util.concurrent.Executors$RunnableAdapter.call(Executors.java:572)
	at java.base/java.util.concurrent.FutureTask.run(FutureTask.java:317)
	at java.base/java.util.concurrent.ThreadPoolExecutor.runWorker(ThreadPoolExecutor.java:1144)
	at java.base/java.util.concurrent.ThreadPoolExecutor$Worker.run(ThreadPoolExecutor.java:642)
	at java.base/java.lang.Thread.run(Thread.java:1583)

  Then results match expected outcomes for test "login_multi_users" # steps.GenericSteps.resultsMatchExpected(java.lang.String)
23:45:40.525 [pool-2-thread-1] INFO  steps.GenericSteps - Tearing down scenario: Execute various test scenarios

    Embedding failure-screenshot [image/png 22813 bytes]

23:45:40.652 [pool-2-thread-1] ERROR steps.GenericSteps - Scenario failed, screenshot attached
23:45:40.756 [awaitility-thread] WARN  steps.GenericSteps - Retry attempt failed
org.openqa.selenium.remote.UnreachableBrowserException: Error communicating with the remote browser. It may have died.
Build info: version: '4.18.1', revision: 'b1d3319b48'
System info: os.name: 'Windows 11', os.arch: 'amd64', os.version: '10.0', java.version: '21.0.4'
Driver info: org.openqa.selenium.chrome.ChromeDriver
Command: [2b130878f93c30d569f320e115d39bea, getCurrentUrl []]
Capabilities {acceptInsecureCerts: false, browserName: chrome, browserVersion: 134.0.6998.89, chrome: {chromedriverVersion: 134.0.6998.88 (7e3d5c978c6d..., userDataDir: C:\Users\someo\AppData\Loca...}, fedcm:accounts: true, goog:chromeOptions: {debuggerAddress: localhost:59425}, networkConnectionEnabled: false, pageLoadStrategy: normal, platformName: windows, proxy: Proxy(), se:cdp: ws://localhost:59425/devtoo..., se:cdpVersion: 134.0.6998.89, setWindowRect: true, strictFileInteractability: false, timeouts: {implicit: 0, pageLoad: 300000, script: 30000}, unhandledPromptBehavior: dismiss and notify, webauthn:extension:credBlob: true, webauthn:extension:largeBlob: true, webauthn:extension:minPinLength: true, webauthn:extension:prf: true, webauthn:virtualAuthenticators: true}
Session ID: 2b130878f93c30d569f320e115d39bea
	at org.openqa.selenium.remote.RemoteWebDriver.execute(RemoteWebDriver.java:546)
	at org.openqa.selenium.remote.RemoteWebDriver.execute(RemoteWebDriver.java:592)
	at org.openqa.selenium.remote.RemoteWebDriver.execute(RemoteWebDriver.java:596)
	at org.openqa.selenium.remote.RemoteWebDriver.getCurrentUrl(RemoteWebDriver.java:313)
	at steps.GenericSteps.lambda$executeActions$5(GenericSteps.java:273)
	at org.awaitility.core.CallableCondition$ConditionEvaluationWrapper.eval(CallableCondition.java:99)
	at org.awaitility.core.ConditionAwaiter$ConditionPoller.call(ConditionAwaiter.java:248)
	at org.awaitility.core.ConditionAwaiter$ConditionPoller.call(ConditionAwaiter.java:235)
	at java.base/java.util.concurrent.FutureTask.run(FutureTask.java:317)
	at java.base/java.util.concurrent.ThreadPoolExecutor.runWorker(ThreadPoolExecutor.java:1144)
	at java.base/java.util.concurrent.ThreadPoolExecutor$Worker.run(ThreadPoolExecutor.java:642)
	at java.base/java.lang.Thread.run(Thread.java:1583)
Caused by: java.lang.NullPointerException: Cannot invoke "java.net.http.HttpClient.sendAsync(java.net.http.HttpRequest, java.net.http.HttpResponse$BodyHandler)" because "this.client" is null
	at org.openqa.selenium.remote.http.jdk.JdkHttpClient.execute0(JdkHttpClient.java:383)
	at org.openqa.selenium.remote.http.AddSeleniumUserAgent.lambda$apply$0(AddSeleniumUserAgent.java:42)
	at org.openqa.selenium.remote.http.Filter.lambda$andFinally$1(Filter.java:55)
	at org.openqa.selenium.remote.http.jdk.JdkHttpClient.execute(JdkHttpClient.java:359)
	at org.openqa.selenium.remote.HttpCommandExecutor.execute(HttpCommandExecutor.java:187)
	at org.openqa.selenium.remote.service.DriverCommandExecutor.invokeExecute(DriverCommandExecutor.java:216)
	at org.openqa.selenium.remote.service.DriverCommandExecutor.execute(DriverCommandExecutor.java:174)
	at org.openqa.selenium.remote.RemoteWebDriver.execute(RemoteWebDriver.java:519)
	... 11 common frames omitted
]]></system-out>
    <system-err><![CDATA[Mar 17, 2025 11:44:29 PM org.openqa.selenium.devtools.CdpVersionFinder findNearestMatch
WARNING: Unable to find CDP implementation matching 134
Mar 17, 2025 11:44:29 PM org.openqa.selenium.chromium.ChromiumDriver lambda$new$5
WARNING: Unable to find version of CDP to use for 134.0.6998.89. You may need to include a dependency on a specific version of the CDP using something similar to `org.seleniumhq.selenium:selenium-devtools-v86:4.18.1` where the version ("v86") matches the version of the chromium-based browser you're using and the version number of the artifact is the same as Selenium's.
]]></system-err>
  </testcase>
  <testcase name="Execute various test scenarios #3" classname="Generic Application Testing" time="29.259">
    <system-out><![CDATA[
Scenario Outline: Execute various test scenarios              # src/test/resources/features/GenericTests.feature:12
23:45:40.769 [pool-2-thread-1] INFO  steps.GenericSteps - Starting setup for scenario: Execute various test scenarios
23:45:40.770 [pool-2-thread-1] DEBUG i.g.bonigarcia.wdm.WebDriverManager - Using WebDriverManager 5.8.0
23:45:40.775 [pool-2-thread-1] DEBUG i.g.b.wdm.cache.ResolutionCache - Resolution chrome=134 in cache (valid until 00:15:59 18/03/2025 EET)
23:45:40.775 [pool-2-thread-1] DEBUG i.g.b.wdm.cache.ResolutionCache - Resolution chrome134=134.0.6998.88 in cache (valid until 19:12:41 18/03/2025 EET)
23:45:40.775 [pool-2-thread-1] INFO  i.g.bonigarcia.wdm.WebDriverManager - Using chromedriver 134.0.6998.88 (resolved driver for Chrome 134)
23:45:40.777 [pool-2-thread-1] DEBUG i.g.bonigarcia.wdm.WebDriverManager - Driver chromedriver 134.0.6998.88 found in cache
23:45:40.778 [pool-2-thread-1] INFO  i.g.bonigarcia.wdm.WebDriverManager - Exporting webdriver.chrome.driver as C:\Users\someo\.cache\selenium\chromedriver\win64\134.0.6998.88\chromedriver.exe
23:45:40.778 [pool-2-thread-1] DEBUG steps.GenericSteps - Chrome arguments: 
23:45:40.778 [pool-2-thread-1] DEBUG steps.GenericSteps - Initializing ChromeDriver
23:45:41.876 [pool-2-thread-1] DEBUG steps.GenericSteps - Setting implicit wait to 20 seconds
23:45:41.878 [pool-2-thread-1] DEBUG steps.GenericSteps - Kafka enabled: false
23:45:41.878 [pool-2-thread-1] INFO  steps.GenericSteps - Kafka is disabled; skipping Kafka initialization
23:45:41.878 [pool-2-thread-1] INFO  steps.GenericSteps - Setup completed for scenario: Execute various test scenarios
23:45:41.879 [pool-2-thread-1] INFO  steps.GenericSteps - Navigating to page: upload at URL: http://localhost:3000/upload, expecting path: /upload
23:45:46.891 [awaitility-thread] DEBUG steps.GenericSteps - Loading URL: http://localhost:3000/upload
23:45:47.938 [awaitility-thread] DEBUG steps.GenericSteps - Current URL: http://localhost:3000/upload, expecting path: /upload
23:45:48.050 [awaitility-thread] DEBUG steps.GenericSteps - Found 1 elements for locator By.id: submitButton on page upload
23:45:48.171 [awaitility-thread] DEBUG steps.GenericSteps - Found 1 elements for locator By.id: jsonUpload on page upload
23:45:48.296 [awaitility-thread] DEBUG steps.GenericSteps - Found 1 elements for locator By.id: pdfUpload on page upload
23:45:48.419 [awaitility-thread] DEBUG steps.GenericSteps - Found 1 elements for locator By.id: successMessage on page upload
  Given user is on the "upload" page                          # steps.GenericSteps.userIsOnPage(java.lang.String)
23:45:48.425 [pool-2-thread-1] INFO  steps.GenericSteps - Starting test execution: json_upload
23:45:48.425 [pool-2-thread-1] DEBUG steps.GenericSteps - No test data found, executing actions directly
23:45:48.425 [pool-2-thread-1] DEBUG steps.GenericSteps - Processing action index 0: {index=0, action=uploadFile, page=upload, value=src/test/resources/files/test.json, element=jsonUpload}
23:45:53.429 [awaitility-thread] DEBUG steps.GenericSteps - Executing action: {index=0, action=uploadFile, page=upload, value=src/test/resources/files/test.json, element=jsonUpload}
23:45:53.540 [awaitility-thread] DEBUG steps.GenericSteps - Found 1 elements for locator By.id: submitButton on page upload
23:45:53.650 [awaitility-thread] DEBUG steps.GenericSteps - Found 1 elements for locator By.id: jsonUpload on page upload
23:45:53.756 [awaitility-thread] DEBUG steps.GenericSteps - Found 1 elements for locator By.id: pdfUpload on page upload
23:45:53.879 [awaitility-thread] DEBUG steps.GenericSteps - Found 1 elements for locator By.id: successMessage on page upload
23:45:53.882 [awaitility-thread] DEBUG steps.GenericSteps - Uploading file 'src/test/resources/files/test.json' to element 'jsonUpload'
23:45:53.906 [pool-2-thread-1] DEBUG steps.GenericSteps - Processing action index 1: {index=1, action=click, page=upload, element=submitButton}
23:45:58.908 [awaitility-thread] DEBUG steps.GenericSteps - Executing action: {index=1, action=click, page=upload, element=submitButton}
23:45:59.022 [awaitility-thread] DEBUG steps.GenericSteps - Found 1 elements for locator By.id: submitButton on page upload
23:45:59.146 [awaitility-thread] DEBUG steps.GenericSteps - Found 1 elements for locator By.id: jsonUpload on page upload
23:45:59.265 [awaitility-thread] DEBUG steps.GenericSteps - Found 1 elements for locator By.id: pdfUpload on page upload
23:45:59.389 [awaitility-thread] DEBUG steps.GenericSteps - Found 1 elements for locator By.id: successMessage on page upload
23:45:59.392 [awaitility-thread] DEBUG steps.GenericSteps - Attempting to click element 'submitButton'
23:45:59.438 [pool-2-thread-1] DEBUG steps.GenericSteps - Processing action index 2: {index=2, kafka.topic=process-started, action=kafkaConsume, kafka.valueContains="status": "initiated", kafka.key=json-process}
23:46:04.447 [awaitility-thread] DEBUG steps.GenericSteps - Executing action: {index=2, kafka.topic=process-started, action=kafkaConsume, kafka.valueContains="status": "initiated", kafka.key=json-process}
23:46:04.448 [awaitility-thread] INFO  steps.GenericSteps - Kafka is disabled; skipping kafkaConsume action
  When user executes test "json_upload"                       # steps.GenericSteps.userExecutesTest(java.lang.String)
23:46:09.453 [awaitility-thread] DEBUG steps.GenericSteps - Verifying assertion: {index=0, condition=true, page=upload, type=visible, element=successMessage}
23:46:09.567 [awaitility-thread] DEBUG steps.GenericSteps - Found 1 elements for locator By.id: submitButton on page upload
23:46:09.688 [awaitility-thread] DEBUG steps.GenericSteps - Found 1 elements for locator By.id: jsonUpload on page upload
23:46:09.799 [awaitility-thread] DEBUG steps.GenericSteps - Found 1 elements for locator By.id: pdfUpload on page upload
23:46:09.920 [awaitility-thread] DEBUG steps.GenericSteps - Found 1 elements for locator By.id: successMessage on page upload
  Then results match expected outcomes for test "json_upload" # steps.GenericSteps.resultsMatchExpected(java.lang.String)
23:46:09.928 [pool-2-thread-1] INFO  steps.GenericSteps - Tearing down scenario: Execute various test scenarios
]]></system-out>
    <system-err><![CDATA[Mar 17, 2025 11:45:41 PM org.openqa.selenium.devtools.CdpVersionFinder findNearestMatch
WARNING: Unable to find CDP implementation matching 134
Mar 17, 2025 11:45:41 PM org.openqa.selenium.chromium.ChromiumDriver lambda$new$5
WARNING: Unable to find version of CDP to use for 134.0.6998.89. You may need to include a dependency on a specific version of the CDP using something similar to `org.seleniumhq.selenium:selenium-devtools-v86:4.18.1` where the version ("v86") matches the version of the chromium-based browser you're using and the version number of the artifact is the same as Selenium's.
]]></system-err>
  </testcase>
  <testcase name="Execute various test scenarios #4" classname="Generic Application Testing" time="24.219">
    <system-out><![CDATA[
Scenario Outline: Execute various test scenarios             # src/test/resources/features/GenericTests.feature:13
23:46:10.028 [pool-2-thread-1] INFO  steps.GenericSteps - Starting setup for scenario: Execute various test scenarios
23:46:10.029 [pool-2-thread-1] DEBUG i.g.bonigarcia.wdm.WebDriverManager - Using WebDriverManager 5.8.0
23:46:10.032 [pool-2-thread-1] DEBUG i.g.b.wdm.cache.ResolutionCache - Resolution chrome=134 in cache (valid until 00:15:59 18/03/2025 EET)
23:46:10.032 [pool-2-thread-1] DEBUG i.g.b.wdm.cache.ResolutionCache - Resolution chrome134=134.0.6998.88 in cache (valid until 19:12:41 18/03/2025 EET)
23:46:10.032 [pool-2-thread-1] INFO  i.g.bonigarcia.wdm.WebDriverManager - Using chromedriver 134.0.6998.88 (resolved driver for Chrome 134)
23:46:10.034 [pool-2-thread-1] DEBUG i.g.bonigarcia.wdm.WebDriverManager - Driver chromedriver 134.0.6998.88 found in cache
23:46:10.034 [pool-2-thread-1] INFO  i.g.bonigarcia.wdm.WebDriverManager - Exporting webdriver.chrome.driver as C:\Users\someo\.cache\selenium\chromedriver\win64\134.0.6998.88\chromedriver.exe
23:46:10.034 [pool-2-thread-1] DEBUG steps.GenericSteps - Chrome arguments: 
23:46:10.034 [pool-2-thread-1] DEBUG steps.GenericSteps - Initializing ChromeDriver
23:46:11.113 [pool-2-thread-1] DEBUG steps.GenericSteps - Setting implicit wait to 20 seconds
23:46:11.115 [pool-2-thread-1] DEBUG steps.GenericSteps - Kafka enabled: false
23:46:11.115 [pool-2-thread-1] INFO  steps.GenericSteps - Kafka is disabled; skipping Kafka initialization
23:46:11.115 [pool-2-thread-1] INFO  steps.GenericSteps - Setup completed for scenario: Execute various test scenarios
23:46:11.115 [pool-2-thread-1] INFO  steps.GenericSteps - Navigating to page: upload at URL: http://localhost:3000/upload, expecting path: /upload
23:46:16.120 [awaitility-thread] DEBUG steps.GenericSteps - Loading URL: http://localhost:3000/upload
23:46:17.162 [awaitility-thread] DEBUG steps.GenericSteps - Current URL: http://localhost:3000/upload, expecting path: /upload
23:46:17.274 [awaitility-thread] DEBUG steps.GenericSteps - Found 1 elements for locator By.id: submitButton on page upload
23:46:17.399 [awaitility-thread] DEBUG steps.GenericSteps - Found 1 elements for locator By.id: jsonUpload on page upload
23:46:17.524 [awaitility-thread] DEBUG steps.GenericSteps - Found 1 elements for locator By.id: pdfUpload on page upload
23:46:17.649 [awaitility-thread] DEBUG steps.GenericSteps - Found 1 elements for locator By.id: successMessage on page upload
  Given user is on the "upload" page                         # steps.GenericSteps.userIsOnPage(java.lang.String)
23:46:17.657 [pool-2-thread-1] INFO  steps.GenericSteps - Starting test execution: pdf_upload
23:46:17.657 [pool-2-thread-1] DEBUG steps.GenericSteps - No test data found, executing actions directly
23:46:17.657 [pool-2-thread-1] DEBUG steps.GenericSteps - Processing action index 0: {index=0, action=uploadFile, page=upload, value=src/test/resources/files/test.pdf, element=pdfUpload}
23:46:22.672 [awaitility-thread] DEBUG steps.GenericSteps - Executing action: {index=0, action=uploadFile, page=upload, value=src/test/resources/files/test.pdf, element=pdfUpload}
23:46:22.782 [awaitility-thread] DEBUG steps.GenericSteps - Found 1 elements for locator By.id: submitButton on page upload
23:46:22.892 [awaitility-thread] DEBUG steps.GenericSteps - Found 1 elements for locator By.id: jsonUpload on page upload
23:46:23.012 [awaitility-thread] DEBUG steps.GenericSteps - Found 1 elements for locator By.id: pdfUpload on page upload
23:46:23.135 [awaitility-thread] DEBUG steps.GenericSteps - Found 1 elements for locator By.id: successMessage on page upload
23:46:23.139 [awaitility-thread] DEBUG steps.GenericSteps - Uploading file 'src/test/resources/files/test.pdf' to element 'pdfUpload'
23:46:23.165 [pool-2-thread-1] DEBUG steps.GenericSteps - Processing action index 1: {index=1, action=click, page=upload, element=submitButton}
23:46:28.179 [awaitility-thread] DEBUG steps.GenericSteps - Executing action: {index=1, action=click, page=upload, element=submitButton}
23:46:28.289 [awaitility-thread] DEBUG steps.GenericSteps - Found 1 elements for locator By.id: submitButton on page upload
23:46:28.397 [awaitility-thread] DEBUG steps.GenericSteps - Found 1 elements for locator By.id: jsonUpload on page upload
23:46:28.505 [awaitility-thread] DEBUG steps.GenericSteps - Found 1 elements for locator By.id: pdfUpload on page upload
23:46:28.626 [awaitility-thread] DEBUG steps.GenericSteps - Found 1 elements for locator By.id: successMessage on page upload
23:46:28.630 [awaitility-thread] DEBUG steps.GenericSteps - Attempting to click element 'submitButton'
  When user executes test "pdf_upload"                       # steps.GenericSteps.userExecutesTest(java.lang.String)
23:46:33.677 [awaitility-thread] DEBUG steps.GenericSteps - Verifying assertion: {index=0, condition=true, page=upload, type=visible, element=successMessage}
23:46:33.790 [awaitility-thread] DEBUG steps.GenericSteps - Found 1 elements for locator By.id: submitButton on page upload
23:46:33.911 [awaitility-thread] DEBUG steps.GenericSteps - Found 1 elements for locator By.id: jsonUpload on page upload
23:46:34.032 [awaitility-thread] DEBUG steps.GenericSteps - Found 1 elements for locator By.id: pdfUpload on page upload
23:46:34.141 [awaitility-thread] DEBUG steps.GenericSteps - Found 1 elements for locator By.id: successMessage on page upload
  Then results match expected outcomes for test "pdf_upload" # steps.GenericSteps.resultsMatchExpected(java.lang.String)
23:46:34.149 [pool-2-thread-1] INFO  steps.GenericSteps - Tearing down scenario: Execute various test scenarios
]]></system-out>
    <system-err><![CDATA[Mar 17, 2025 11:46:11 PM org.openqa.selenium.devtools.CdpVersionFinder findNearestMatch
WARNING: Unable to find CDP implementation matching 134
Mar 17, 2025 11:46:11 PM org.openqa.selenium.chromium.ChromiumDriver lambda$new$5
WARNING: Unable to find version of CDP to use for 134.0.6998.89. You may need to include a dependency on a specific version of the CDP using something similar to `org.seleniumhq.selenium:selenium-devtools-v86:4.18.1` where the version ("v86") matches the version of the chromium-based browser you're using and the version number of the artifact is the same as Selenium's.
]]></system-err>
  </testcase>
</testsuite>